[3.847s] Invoking command in '/home/speaker/heaven_slam/build/chassis_ctr': PYTHONPATH=/home/speaker/heaven_slam/build/chassis_ctr/prefix_override:/usr/lib/python3/dist-packages/colcon_core/task/python/colcon_distutils_commands:/home/speaker/heaven_slam/install/chassis_ctr/lib/python3.10/site-packages:${PYTHONPATH} /usr/bin/python3 -W ignore:setup.py install is deprecated -W ignore:easy_install command is deprecated setup.py develop --editable --build-directory /home/speaker/heaven_slam/build/chassis_ctr/build --no-deps symlink_data
[5.968s] running develop
[7.524s] running egg_info
[7.524s] writing chassis_ctr.egg-info/PKG-INFO
[7.525s] writing dependency_links to chassis_ctr.egg-info/dependency_links.txt
[7.526s] writing entry points to chassis_ctr.egg-info/entry_points.txt
[7.527s] writing requirements to chassis_ctr.egg-info/requires.txt
[7.528s] writing top-level names to chassis_ctr.egg-info/top_level.txt
[7.540s] reading manifest file 'chassis_ctr.egg-info/SOURCES.txt'
[7.550s] writing manifest file 'chassis_ctr.egg-info/SOURCES.txt'
[7.557s] running build_ext
[7.558s] Creating /home/speaker/heaven_slam/install/chassis_ctr/lib/python3.10/site-packages/chassis-ctr.egg-link (link to .)
[7.562s] Installing chassis_ctr_test_node script to /home/speaker/heaven_slam/install/chassis_ctr/lib/chassis_ctr
[7.563s] Installing cmd_vel_converter script to /home/speaker/heaven_slam/install/chassis_ctr/lib/chassis_ctr
[7.563s] Installing go_to_pose script to /home/speaker/heaven_slam/install/chassis_ctr/lib/chassis_ctr
[7.564s] Installing heaven_nav_client script to /home/speaker/heaven_slam/install/chassis_ctr/lib/chassis_ctr
[7.565s] Installing sentry_ctr script to /home/speaker/heaven_slam/install/chassis_ctr/lib/chassis_ctr
[7.565s] Installing vel_test_node script to /home/speaker/heaven_slam/install/chassis_ctr/lib/chassis_ctr
[7.568s] 
[7.568s] Installed /home/speaker/heaven_slam/build/chassis_ctr
[7.570s] running symlink_data
[7.864s] Invoked command in '/home/speaker/heaven_slam/build/chassis_ctr' returned '0': PYTHONPATH=/home/speaker/heaven_slam/build/chassis_ctr/prefix_override:/usr/lib/python3/dist-packages/colcon_core/task/python/colcon_distutils_commands:/home/speaker/heaven_slam/install/chassis_ctr/lib/python3.10/site-packages:${PYTHONPATH} /usr/bin/python3 -W ignore:setup.py install is deprecated -W ignore:easy_install command is deprecated setup.py develop --editable --build-directory /home/speaker/heaven_slam/build/chassis_ctr/build --no-deps symlink_data
