[35m[1mConsolidate compiler generated dependencies of target sentry_interface__rosidl_generator_c[0m
[  2%] Built target sentry_interface__cpp
[ 12%] Built target sentry_interface__rosidl_generator_c
[ 12%] Built target ament_cmake_python_symlink_sentry_interface
[35m[1mConsolidate compiler generated dependencies of target sentry_interface__rosidl_typesupport_cpp[0m
[35m[1mConsolidate compiler generated dependencies of target sentry_interface__rosidl_typesupport_introspection_cpp[0m
[35m[1mConsolidate compiler generated dependencies of target sentry_interface__rosidl_typesupport_fastrtps_cpp[0m
[35m[1mConsolidate compiler generated dependencies of target sentry_interface__rosidl_typesupport_fastrtps_c[0m
[35m[1mConsolidate compiler generated dependencies of target sentry_interface__rosidl_typesupport_introspection_c[0m
[35m[1mConsolidate compiler generated dependencies of target sentry_interface__rosidl_typesupport_c[0m
[ 23%] Built target sentry_interface__rosidl_typesupport_cpp
[ 34%] Built target sentry_interface__rosidl_typesupport_introspection_cpp
[ 44%] Built target sentry_interface__rosidl_typesupport_fastrtps_c
[ 55%] Built target sentry_interface__rosidl_typesupport_fastrtps_cpp
[ 68%] Built target sentry_interface__rosidl_typesupport_introspection_c
[ 76%] Built target sentry_interface__rosidl_typesupport_c
[ 76%] Built target sentry_interface
[ 78%] Built target sentry_interface__py
[35m[1mConsolidate compiler generated dependencies of target sentry_interface__rosidl_generator_py[0m
[ 87%] Built target sentry_interface__rosidl_generator_py
[35m[1mConsolidate compiler generated dependencies of target sentry_interface__rosidl_typesupport_c__pyext[0m
[35m[1mConsolidate compiler generated dependencies of target sentry_interface__rosidl_typesupport_introspection_c__pyext[0m
[35m[1mConsolidate compiler generated dependencies of target sentry_interface__rosidl_typesupport_fastrtps_c__pyext[0m
[100%] Built target sentry_interface__rosidl_typesupport_introspection_c__pyext
[100%] Built target sentry_interface__rosidl_typesupport_fastrtps_c__pyext
[100%] Built target sentry_interface__rosidl_typesupport_c__pyext
running egg_info
writing sentry_interface.egg-info/PKG-INFO
writing dependency_links to sentry_interface.egg-info/dependency_links.txt
writing top-level names to sentry_interface.egg-info/top_level.txt
reading manifest file 'sentry_interface.egg-info/SOURCES.txt'
writing manifest file 'sentry_interface.egg-info/SOURCES.txt'
[100%] Built target ament_cmake_python_build_sentry_interface_egg
-- Install configuration: ""
-- Execute custom install script
-- Up-to-date symlink: /home/speaker/heaven_slam/install/sentry_interface/share/ament_index/resource_index/rosidl_interfaces/sentry_interface
-- Up-to-date symlink: /home/speaker/heaven_slam/install/sentry_interface/include/sentry_interface/sentry_interface/action/action_control.h
-- Up-to-date symlink: /home/speaker/heaven_slam/install/sentry_interface/include/sentry_interface/sentry_interface/action/detail/action_control__functions.h
-- Up-to-date symlink: /home/speaker/heaven_slam/install/sentry_interface/include/sentry_interface/sentry_interface/action/detail/action_control__struct.h
-- Up-to-date symlink: /home/speaker/heaven_slam/install/sentry_interface/include/sentry_interface/sentry_interface/action/detail/action_control__type_support.h
-- Up-to-date symlink: /home/speaker/heaven_slam/install/sentry_interface/include/sentry_interface/sentry_interface/msg/detail/sentry_status__functions.h
-- Up-to-date symlink: /home/speaker/heaven_slam/install/sentry_interface/include/sentry_interface/sentry_interface/msg/detail/sentry_status__struct.h
-- Up-to-date symlink: /home/speaker/heaven_slam/install/sentry_interface/include/sentry_interface/sentry_interface/msg/detail/sentry_status__type_support.h
-- Up-to-date symlink: /home/speaker/heaven_slam/install/sentry_interface/include/sentry_interface/sentry_interface/msg/detail/sentry_vel__functions.h
-- Up-to-date symlink: /home/speaker/heaven_slam/install/sentry_interface/include/sentry_interface/sentry_interface/msg/detail/sentry_vel__struct.h
-- Up-to-date symlink: /home/speaker/heaven_slam/install/sentry_interface/include/sentry_interface/sentry_interface/msg/detail/sentry_vel__type_support.h
-- Up-to-date symlink: /home/speaker/heaven_slam/install/sentry_interface/include/sentry_interface/sentry_interface/msg/rosidl_generator_c__visibility_control.h
-- Up-to-date symlink: /home/speaker/heaven_slam/install/sentry_interface/include/sentry_interface/sentry_interface/msg/sentry_status.h
-- Up-to-date symlink: /home/speaker/heaven_slam/install/sentry_interface/include/sentry_interface/sentry_interface/msg/sentry_vel.h
-- Up-to-date symlink: /home/speaker/heaven_slam/install/sentry_interface/share/sentry_interface/environment/library_path.sh
-- Up-to-date symlink: /home/speaker/heaven_slam/install/sentry_interface/share/sentry_interface/environment/library_path.dsv
-- Up-to-date symlink: /home/speaker/heaven_slam/install/sentry_interface/include/sentry_interface/sentry_interface/action/detail/action_control__rosidl_typesupport_fastrtps_c.h
-- Up-to-date symlink: /home/speaker/heaven_slam/install/sentry_interface/include/sentry_interface/sentry_interface/msg/detail/sentry_status__rosidl_typesupport_fastrtps_c.h
-- Up-to-date symlink: /home/speaker/heaven_slam/install/sentry_interface/include/sentry_interface/sentry_interface/msg/detail/sentry_vel__rosidl_typesupport_fastrtps_c.h
-- Up-to-date symlink: /home/speaker/heaven_slam/install/sentry_interface/include/sentry_interface/sentry_interface/msg/rosidl_typesupport_fastrtps_c__visibility_control.h
-- Up-to-date symlink: /home/speaker/heaven_slam/install/sentry_interface/include/sentry_interface/sentry_interface/action/detail/action_control__rosidl_typesupport_introspection_c.h
-- Up-to-date symlink: /home/speaker/heaven_slam/install/sentry_interface/include/sentry_interface/sentry_interface/msg/detail/sentry_status__rosidl_typesupport_introspection_c.h
-- Up-to-date symlink: /home/speaker/heaven_slam/install/sentry_interface/include/sentry_interface/sentry_interface/msg/detail/sentry_vel__rosidl_typesupport_introspection_c.h
-- Up-to-date symlink: /home/speaker/heaven_slam/install/sentry_interface/include/sentry_interface/sentry_interface/msg/rosidl_typesupport_introspection_c__visibility_control.h
-- Up-to-date symlink: /home/speaker/heaven_slam/install/sentry_interface/include/sentry_interface/sentry_interface/action/action_control.hpp
-- Up-to-date symlink: /home/speaker/heaven_slam/install/sentry_interface/include/sentry_interface/sentry_interface/action/detail/action_control__builder.hpp
-- Up-to-date symlink: /home/speaker/heaven_slam/install/sentry_interface/include/sentry_interface/sentry_interface/action/detail/action_control__struct.hpp
-- Up-to-date symlink: /home/speaker/heaven_slam/install/sentry_interface/include/sentry_interface/sentry_interface/action/detail/action_control__traits.hpp
-- Up-to-date symlink: /home/speaker/heaven_slam/install/sentry_interface/include/sentry_interface/sentry_interface/action/detail/action_control__type_support.hpp
-- Up-to-date symlink: /home/speaker/heaven_slam/install/sentry_interface/include/sentry_interface/sentry_interface/msg/detail/sentry_status__builder.hpp
-- Up-to-date symlink: /home/speaker/heaven_slam/install/sentry_interface/include/sentry_interface/sentry_interface/msg/detail/sentry_status__struct.hpp
-- Up-to-date symlink: /home/speaker/heaven_slam/install/sentry_interface/include/sentry_interface/sentry_interface/msg/detail/sentry_status__traits.hpp
-- Up-to-date symlink: /home/speaker/heaven_slam/install/sentry_interface/include/sentry_interface/sentry_interface/msg/detail/sentry_status__type_support.hpp
-- Up-to-date symlink: /home/speaker/heaven_slam/install/sentry_interface/include/sentry_interface/sentry_interface/msg/detail/sentry_vel__builder.hpp
-- Up-to-date symlink: /home/speaker/heaven_slam/install/sentry_interface/include/sentry_interface/sentry_interface/msg/detail/sentry_vel__struct.hpp
-- Up-to-date symlink: /home/speaker/heaven_slam/install/sentry_interface/include/sentry_interface/sentry_interface/msg/detail/sentry_vel__traits.hpp
-- Up-to-date symlink: /home/speaker/heaven_slam/install/sentry_interface/include/sentry_interface/sentry_interface/msg/detail/sentry_vel__type_support.hpp
-- Up-to-date symlink: /home/speaker/heaven_slam/install/sentry_interface/include/sentry_interface/sentry_interface/msg/rosidl_generator_cpp__visibility_control.hpp
-- Up-to-date symlink: /home/speaker/heaven_slam/install/sentry_interface/include/sentry_interface/sentry_interface/msg/sentry_status.hpp
-- Up-to-date symlink: /home/speaker/heaven_slam/install/sentry_interface/include/sentry_interface/sentry_interface/msg/sentry_vel.hpp
-- Up-to-date symlink: /home/speaker/heaven_slam/install/sentry_interface/include/sentry_interface/sentry_interface/action/detail/action_control__rosidl_typesupport_fastrtps_cpp.hpp
-- Up-to-date symlink: /home/speaker/heaven_slam/install/sentry_interface/include/sentry_interface/sentry_interface/msg/detail/sentry_status__rosidl_typesupport_fastrtps_cpp.hpp
-- Up-to-date symlink: /home/speaker/heaven_slam/install/sentry_interface/include/sentry_interface/sentry_interface/msg/detail/sentry_vel__rosidl_typesupport_fastrtps_cpp.hpp
-- Up-to-date symlink: /home/speaker/heaven_slam/install/sentry_interface/include/sentry_interface/sentry_interface/msg/rosidl_typesupport_fastrtps_cpp__visibility_control.h
-- Up-to-date symlink: /home/speaker/heaven_slam/install/sentry_interface/include/sentry_interface/sentry_interface/action/detail/action_control__rosidl_typesupport_introspection_cpp.hpp
-- Up-to-date symlink: /home/speaker/heaven_slam/install/sentry_interface/include/sentry_interface/sentry_interface/msg/detail/sentry_status__rosidl_typesupport_introspection_cpp.hpp
-- Up-to-date symlink: /home/speaker/heaven_slam/install/sentry_interface/include/sentry_interface/sentry_interface/msg/detail/sentry_vel__rosidl_typesupport_introspection_cpp.hpp
-- Up-to-date symlink: /home/speaker/heaven_slam/install/sentry_interface/share/sentry_interface/environment/pythonpath.sh
-- Up-to-date symlink: /home/speaker/heaven_slam/install/sentry_interface/share/sentry_interface/environment/pythonpath.dsv
-- Up-to-date symlink: /home/speaker/heaven_slam/install/sentry_interface/local/lib/python3.10/dist-packages/sentry_interface-0.0.0-py3.10.egg-info/PKG-INFO
-- Up-to-date symlink: /home/speaker/heaven_slam/install/sentry_interface/local/lib/python3.10/dist-packages/sentry_interface-0.0.0-py3.10.egg-info/SOURCES.txt
-- Up-to-date symlink: /home/speaker/heaven_slam/install/sentry_interface/local/lib/python3.10/dist-packages/sentry_interface-0.0.0-py3.10.egg-info/dependency_links.txt
-- Up-to-date symlink: /home/speaker/heaven_slam/install/sentry_interface/local/lib/python3.10/dist-packages/sentry_interface-0.0.0-py3.10.egg-info/top_level.txt
-- Up-to-date symlink: /home/speaker/heaven_slam/install/sentry_interface/local/lib/python3.10/dist-packages/sentry_interface/__init__.py
-- Up-to-date symlink: /home/speaker/heaven_slam/install/sentry_interface/local/lib/python3.10/dist-packages/sentry_interface/_sentry_interface_s.ep.rosidl_typesupport_c.c
-- Up-to-date symlink: /home/speaker/heaven_slam/install/sentry_interface/local/lib/python3.10/dist-packages/sentry_interface/_sentry_interface_s.ep.rosidl_typesupport_fastrtps_c.c
-- Up-to-date symlink: /home/speaker/heaven_slam/install/sentry_interface/local/lib/python3.10/dist-packages/sentry_interface/_sentry_interface_s.ep.rosidl_typesupport_introspection_c.c
-- Up-to-date symlink: /home/speaker/heaven_slam/install/sentry_interface/local/lib/python3.10/dist-packages/sentry_interface/action/__init__.py
-- Up-to-date symlink: /home/speaker/heaven_slam/install/sentry_interface/local/lib/python3.10/dist-packages/sentry_interface/action/_action_control.py
-- Up-to-date symlink: /home/speaker/heaven_slam/install/sentry_interface/local/lib/python3.10/dist-packages/sentry_interface/action/_action_control_s.c
-- Up-to-date symlink: /home/speaker/heaven_slam/install/sentry_interface/local/lib/python3.10/dist-packages/sentry_interface/libsentry_interface__rosidl_generator_py.so
-- Up-to-date symlink: /home/speaker/heaven_slam/install/sentry_interface/local/lib/python3.10/dist-packages/sentry_interface/msg/__init__.py
-- Up-to-date symlink: /home/speaker/heaven_slam/install/sentry_interface/local/lib/python3.10/dist-packages/sentry_interface/msg/_sentry_status.py
-- Up-to-date symlink: /home/speaker/heaven_slam/install/sentry_interface/local/lib/python3.10/dist-packages/sentry_interface/msg/_sentry_status_s.c
-- Up-to-date symlink: /home/speaker/heaven_slam/install/sentry_interface/local/lib/python3.10/dist-packages/sentry_interface/msg/_sentry_vel.py
-- Up-to-date symlink: /home/speaker/heaven_slam/install/sentry_interface/local/lib/python3.10/dist-packages/sentry_interface/msg/_sentry_vel_s.c
-- Up-to-date symlink: /home/speaker/heaven_slam/install/sentry_interface/local/lib/python3.10/dist-packages/sentry_interface/sentry_interface_s__rosidl_typesupport_c.cpython-310-aarch64-linux-gnu.so
-- Up-to-date symlink: /home/speaker/heaven_slam/install/sentry_interface/local/lib/python3.10/dist-packages/sentry_interface/sentry_interface_s__rosidl_typesupport_fastrtps_c.cpython-310-aarch64-linux-gnu.so
-- Up-to-date symlink: /home/speaker/heaven_slam/install/sentry_interface/local/lib/python3.10/dist-packages/sentry_interface/sentry_interface_s__rosidl_typesupport_introspection_c.cpython-310-aarch64-linux-gnu.so
-- Up-to-date symlink: /home/speaker/heaven_slam/install/sentry_interface/local/lib/python3.10/dist-packages/sentry_interface/sentry_interface_s__rosidl_typesupport_fastrtps_c.cpython-310-aarch64-linux-gnu.so
-- Up-to-date symlink: /home/speaker/heaven_slam/install/sentry_interface/local/lib/python3.10/dist-packages/sentry_interface/sentry_interface_s__rosidl_typesupport_introspection_c.cpython-310-aarch64-linux-gnu.so
-- Up-to-date symlink: /home/speaker/heaven_slam/install/sentry_interface/local/lib/python3.10/dist-packages/sentry_interface/sentry_interface_s__rosidl_typesupport_c.cpython-310-aarch64-linux-gnu.so
-- Up-to-date symlink: /home/speaker/heaven_slam/install/sentry_interface/share/sentry_interface/msg/SentryStatus.idl
-- Up-to-date symlink: /home/speaker/heaven_slam/install/sentry_interface/share/sentry_interface/action/ActionControl.idl
-- Up-to-date symlink: /home/speaker/heaven_slam/install/sentry_interface/share/sentry_interface/msg/SentryVel.idl
-- Up-to-date symlink: /home/speaker/heaven_slam/install/sentry_interface/share/sentry_interface/msg/SentryStatus.msg
-- Up-to-date symlink: /home/speaker/heaven_slam/install/sentry_interface/share/sentry_interface/action/ActionControl.action
-- Up-to-date symlink: /home/speaker/heaven_slam/install/sentry_interface/share/sentry_interface/msg/SentryVel.msg
-- Up-to-date symlink: /home/speaker/heaven_slam/install/sentry_interface/share/ament_index/resource_index/package_run_dependencies/sentry_interface
-- Up-to-date symlink: /home/speaker/heaven_slam/install/sentry_interface/share/ament_index/resource_index/parent_prefix_path/sentry_interface
-- Up-to-date symlink: /home/speaker/heaven_slam/install/sentry_interface/share/sentry_interface/environment/ament_prefix_path.sh
-- Up-to-date symlink: /home/speaker/heaven_slam/install/sentry_interface/share/sentry_interface/environment/ament_prefix_path.dsv
-- Up-to-date symlink: /home/speaker/heaven_slam/install/sentry_interface/share/sentry_interface/environment/path.sh
-- Up-to-date symlink: /home/speaker/heaven_slam/install/sentry_interface/share/sentry_interface/environment/path.dsv
-- Up-to-date symlink: /home/speaker/heaven_slam/install/sentry_interface/share/sentry_interface/local_setup.bash
-- Up-to-date symlink: /home/speaker/heaven_slam/install/sentry_interface/share/sentry_interface/local_setup.sh
-- Up-to-date symlink: /home/speaker/heaven_slam/install/sentry_interface/share/sentry_interface/local_setup.zsh
-- Up-to-date symlink: /home/speaker/heaven_slam/install/sentry_interface/share/sentry_interface/local_setup.dsv
-- Symlinking: /home/speaker/heaven_slam/install/sentry_interface/share/sentry_interface/package.dsv
-- Up-to-date symlink: /home/speaker/heaven_slam/install/sentry_interface/share/ament_index/resource_index/packages/sentry_interface
-- Up-to-date symlink: /home/speaker/heaven_slam/install/sentry_interface/share/sentry_interface/cmake/rosidl_cmake-extras.cmake
-- Up-to-date symlink: /home/speaker/heaven_slam/install/sentry_interface/share/sentry_interface/cmake/ament_cmake_export_dependencies-extras.cmake
-- Up-to-date symlink: /home/speaker/heaven_slam/install/sentry_interface/share/sentry_interface/cmake/ament_cmake_export_include_directories-extras.cmake
-- Up-to-date symlink: /home/speaker/heaven_slam/install/sentry_interface/share/sentry_interface/cmake/ament_cmake_export_libraries-extras.cmake
-- Up-to-date symlink: /home/speaker/heaven_slam/install/sentry_interface/share/sentry_interface/cmake/ament_cmake_export_targets-extras.cmake
-- Up-to-date symlink: /home/speaker/heaven_slam/install/sentry_interface/share/sentry_interface/cmake/rosidl_cmake_export_typesupport_targets-extras.cmake
-- Up-to-date symlink: /home/speaker/heaven_slam/install/sentry_interface/share/sentry_interface/cmake/rosidl_cmake_export_typesupport_libraries-extras.cmake
-- Up-to-date symlink: /home/speaker/heaven_slam/install/sentry_interface/share/sentry_interface/cmake/sentry_interfaceConfig.cmake
-- Up-to-date symlink: /home/speaker/heaven_slam/install/sentry_interface/share/sentry_interface/cmake/sentry_interfaceConfig-version.cmake
-- Up-to-date symlink: /home/speaker/heaven_slam/install/sentry_interface/share/sentry_interface/package.xml
-- Up-to-date: /home/speaker/heaven_slam/install/sentry_interface/lib/libsentry_interface__rosidl_generator_c.so
-- Up-to-date: /home/speaker/heaven_slam/install/sentry_interface/lib/libsentry_interface__rosidl_typesupport_fastrtps_c.so
-- Up-to-date: /home/speaker/heaven_slam/install/sentry_interface/lib/libsentry_interface__rosidl_typesupport_introspection_c.so
-- Up-to-date: /home/speaker/heaven_slam/install/sentry_interface/lib/libsentry_interface__rosidl_typesupport_c.so
-- Up-to-date: /home/speaker/heaven_slam/install/sentry_interface/lib/libsentry_interface__rosidl_typesupport_fastrtps_cpp.so
-- Up-to-date: /home/speaker/heaven_slam/install/sentry_interface/lib/libsentry_interface__rosidl_typesupport_introspection_cpp.so
-- Up-to-date: /home/speaker/heaven_slam/install/sentry_interface/lib/libsentry_interface__rosidl_typesupport_cpp.so
Listing '/home/speaker/heaven_slam/install/sentry_interface/local/lib/python3.10/dist-packages/sentry_interface'...
Listing '/home/speaker/heaven_slam/install/sentry_interface/local/lib/python3.10/dist-packages/sentry_interface/action'...
Listing '/home/speaker/heaven_slam/install/sentry_interface/local/lib/python3.10/dist-packages/sentry_interface/msg'...
-- Up-to-date: /home/speaker/heaven_slam/install/sentry_interface/lib/libsentry_interface__rosidl_generator_py.so
-- Up-to-date: /home/speaker/heaven_slam/install/sentry_interface/share/sentry_interface/cmake/export_sentry_interface__rosidl_generator_cExport.cmake
-- Up-to-date: /home/speaker/heaven_slam/install/sentry_interface/share/sentry_interface/cmake/export_sentry_interface__rosidl_generator_cExport-noconfig.cmake
-- Up-to-date: /home/speaker/heaven_slam/install/sentry_interface/share/sentry_interface/cmake/export_sentry_interface__rosidl_typesupport_fastrtps_cExport.cmake
-- Up-to-date: /home/speaker/heaven_slam/install/sentry_interface/share/sentry_interface/cmake/export_sentry_interface__rosidl_typesupport_fastrtps_cExport-noconfig.cmake
-- Up-to-date: /home/speaker/heaven_slam/install/sentry_interface/share/sentry_interface/cmake/sentry_interface__rosidl_typesupport_introspection_cExport.cmake
-- Up-to-date: /home/speaker/heaven_slam/install/sentry_interface/share/sentry_interface/cmake/sentry_interface__rosidl_typesupport_introspection_cExport-noconfig.cmake
-- Up-to-date: /home/speaker/heaven_slam/install/sentry_interface/share/sentry_interface/cmake/sentry_interface__rosidl_typesupport_cExport.cmake
-- Up-to-date: /home/speaker/heaven_slam/install/sentry_interface/share/sentry_interface/cmake/sentry_interface__rosidl_typesupport_cExport-noconfig.cmake
-- Up-to-date: /home/speaker/heaven_slam/install/sentry_interface/share/sentry_interface/cmake/export_sentry_interface__rosidl_generator_cppExport.cmake
-- Up-to-date: /home/speaker/heaven_slam/install/sentry_interface/share/sentry_interface/cmake/export_sentry_interface__rosidl_typesupport_fastrtps_cppExport.cmake
-- Up-to-date: /home/speaker/heaven_slam/install/sentry_interface/share/sentry_interface/cmake/export_sentry_interface__rosidl_typesupport_fastrtps_cppExport-noconfig.cmake
-- Up-to-date: /home/speaker/heaven_slam/install/sentry_interface/share/sentry_interface/cmake/sentry_interface__rosidl_typesupport_introspection_cppExport.cmake
-- Up-to-date: /home/speaker/heaven_slam/install/sentry_interface/share/sentry_interface/cmake/sentry_interface__rosidl_typesupport_introspection_cppExport-noconfig.cmake
-- Up-to-date: /home/speaker/heaven_slam/install/sentry_interface/share/sentry_interface/cmake/sentry_interface__rosidl_typesupport_cppExport.cmake
-- Up-to-date: /home/speaker/heaven_slam/install/sentry_interface/share/sentry_interface/cmake/sentry_interface__rosidl_typesupport_cppExport-noconfig.cmake
-- Up-to-date: /home/speaker/heaven_slam/install/sentry_interface/share/sentry_interface/cmake/export_sentry_interface__rosidl_generator_pyExport.cmake
-- Up-to-date: /home/speaker/heaven_slam/install/sentry_interface/share/sentry_interface/cmake/export_sentry_interface__rosidl_generator_pyExport-noconfig.cmake
