[0.037s] Invoking command in '/home/speaker/heaven_slam/build/sentry_interface': CMAKE_PREFIX_PATH=${CMAKE_PREFIX_PATH}:/home/speaker/heaven_ws/install/chassis_ctr:/opt/ros/humble /usr/bin/cmake --build /home/speaker/heaven_slam/build/sentry_interface -- -j6 -l6
[0.156s] [35m[1mConsolidate compiler generated dependencies of target sentry_interface__rosidl_generator_c[0m
[0.179s] [  2%] Built target sentry_interface__cpp
[0.183s] [ 12%] Built target sentry_interface__rosidl_generator_c
[0.201s] [ 12%] Built target ament_cmake_python_symlink_sentry_interface
[0.205s] [35m[1mConsolidate compiler generated dependencies of target sentry_interface__rosidl_typesupport_cpp[0m
[0.211s] [35m[1mConsolidate compiler generated dependencies of target sentry_interface__rosidl_typesupport_introspection_cpp[0m
[0.212s] [35m[1mConsolidate compiler generated dependencies of target sentry_interface__rosidl_typesupport_fastrtps_cpp[0m
[0.216s] [35m[1mConsolidate compiler generated dependencies of target sentry_interface__rosidl_typesupport_fastrtps_c[0m
[0.226s] [35m[1mConsolidate compiler generated dependencies of target sentry_interface__rosidl_typesupport_introspection_c[0m
[0.232s] [35m[1mConsolidate compiler generated dependencies of target sentry_interface__rosidl_typesupport_c[0m
[0.248s] [ 23%] Built target sentry_interface__rosidl_typesupport_cpp
[0.253s] [ 34%] Built target sentry_interface__rosidl_typesupport_introspection_cpp
[0.257s] [ 44%] Built target sentry_interface__rosidl_typesupport_fastrtps_c
[0.260s] [ 55%] Built target sentry_interface__rosidl_typesupport_fastrtps_cpp
[0.261s] [ 68%] Built target sentry_interface__rosidl_typesupport_introspection_c
[0.262s] [ 76%] Built target sentry_interface__rosidl_typesupport_c
[0.313s] [ 76%] Built target sentry_interface
[0.366s] [ 78%] Built target sentry_interface__py
[0.391s] [35m[1mConsolidate compiler generated dependencies of target sentry_interface__rosidl_generator_py[0m
[0.424s] [ 87%] Built target sentry_interface__rosidl_generator_py
[0.450s] [35m[1mConsolidate compiler generated dependencies of target sentry_interface__rosidl_typesupport_c__pyext[0m
[0.450s] [35m[1mConsolidate compiler generated dependencies of target sentry_interface__rosidl_typesupport_introspection_c__pyext[0m
[0.450s] [35m[1mConsolidate compiler generated dependencies of target sentry_interface__rosidl_typesupport_fastrtps_c__pyext[0m
[0.481s] [100%] Built target sentry_interface__rosidl_typesupport_introspection_c__pyext
[0.482s] [100%] Built target sentry_interface__rosidl_typesupport_fastrtps_c__pyext
[0.482s] [100%] Built target sentry_interface__rosidl_typesupport_c__pyext
[0.788s] running egg_info
[0.789s] writing sentry_interface.egg-info/PKG-INFO
[0.790s] writing dependency_links to sentry_interface.egg-info/dependency_links.txt
[0.790s] writing top-level names to sentry_interface.egg-info/top_level.txt
[0.795s] reading manifest file 'sentry_interface.egg-info/SOURCES.txt'
[0.796s] writing manifest file 'sentry_interface.egg-info/SOURCES.txt'
[0.871s] [100%] Built target ament_cmake_python_build_sentry_interface_egg
[0.902s] Invoked command in '/home/speaker/heaven_slam/build/sentry_interface' returned '0': CMAKE_PREFIX_PATH=${CMAKE_PREFIX_PATH}:/home/speaker/heaven_ws/install/chassis_ctr:/opt/ros/humble /usr/bin/cmake --build /home/speaker/heaven_slam/build/sentry_interface -- -j6 -l6
[0.931s] Invoking command in '/home/speaker/heaven_slam/build/sentry_interface': CMAKE_PREFIX_PATH=${CMAKE_PREFIX_PATH}:/home/speaker/heaven_ws/install/chassis_ctr:/opt/ros/humble /usr/bin/cmake --install /home/speaker/heaven_slam/build/sentry_interface
[0.952s] -- Install configuration: ""
[0.953s] -- Execute custom install script
[0.954s] -- Up-to-date symlink: /home/speaker/heaven_slam/install/sentry_interface/share/ament_index/resource_index/rosidl_interfaces/sentry_interface
[0.955s] -- Up-to-date symlink: /home/speaker/heaven_slam/install/sentry_interface/include/sentry_interface/sentry_interface/action/action_control.h
[0.955s] -- Up-to-date symlink: /home/speaker/heaven_slam/install/sentry_interface/include/sentry_interface/sentry_interface/action/detail/action_control__functions.h
[0.955s] -- Up-to-date symlink: /home/speaker/heaven_slam/install/sentry_interface/include/sentry_interface/sentry_interface/action/detail/action_control__struct.h
[0.956s] -- Up-to-date symlink: /home/speaker/heaven_slam/install/sentry_interface/include/sentry_interface/sentry_interface/action/detail/action_control__type_support.h
[0.956s] -- Up-to-date symlink: /home/speaker/heaven_slam/install/sentry_interface/include/sentry_interface/sentry_interface/msg/detail/sentry_status__functions.h
[0.956s] -- Up-to-date symlink: /home/speaker/heaven_slam/install/sentry_interface/include/sentry_interface/sentry_interface/msg/detail/sentry_status__struct.h
[0.956s] -- Up-to-date symlink: /home/speaker/heaven_slam/install/sentry_interface/include/sentry_interface/sentry_interface/msg/detail/sentry_status__type_support.h
[0.957s] -- Up-to-date symlink: /home/speaker/heaven_slam/install/sentry_interface/include/sentry_interface/sentry_interface/msg/detail/sentry_vel__functions.h
[0.957s] -- Up-to-date symlink: /home/speaker/heaven_slam/install/sentry_interface/include/sentry_interface/sentry_interface/msg/detail/sentry_vel__struct.h
[0.957s] -- Up-to-date symlink: /home/speaker/heaven_slam/install/sentry_interface/include/sentry_interface/sentry_interface/msg/detail/sentry_vel__type_support.h
[0.957s] -- Up-to-date symlink: /home/speaker/heaven_slam/install/sentry_interface/include/sentry_interface/sentry_interface/msg/rosidl_generator_c__visibility_control.h
[0.957s] -- Up-to-date symlink: /home/speaker/heaven_slam/install/sentry_interface/include/sentry_interface/sentry_interface/msg/sentry_status.h
[0.958s] -- Up-to-date symlink: /home/speaker/heaven_slam/install/sentry_interface/include/sentry_interface/sentry_interface/msg/sentry_vel.h
[0.958s] -- Up-to-date symlink: /home/speaker/heaven_slam/install/sentry_interface/share/sentry_interface/environment/library_path.sh
[0.958s] -- Up-to-date symlink: /home/speaker/heaven_slam/install/sentry_interface/share/sentry_interface/environment/library_path.dsv
[0.959s] -- Up-to-date symlink: /home/speaker/heaven_slam/install/sentry_interface/include/sentry_interface/sentry_interface/action/detail/action_control__rosidl_typesupport_fastrtps_c.h
[0.960s] -- Up-to-date symlink: /home/speaker/heaven_slam/install/sentry_interface/include/sentry_interface/sentry_interface/msg/detail/sentry_status__rosidl_typesupport_fastrtps_c.h
[0.961s] -- Up-to-date symlink: /home/speaker/heaven_slam/install/sentry_interface/include/sentry_interface/sentry_interface/msg/detail/sentry_vel__rosidl_typesupport_fastrtps_c.h
[0.961s] -- Up-to-date symlink: /home/speaker/heaven_slam/install/sentry_interface/include/sentry_interface/sentry_interface/msg/rosidl_typesupport_fastrtps_c__visibility_control.h
[0.962s] -- Up-to-date symlink: /home/speaker/heaven_slam/install/sentry_interface/include/sentry_interface/sentry_interface/action/detail/action_control__rosidl_typesupport_introspection_c.h
[0.962s] -- Up-to-date symlink: /home/speaker/heaven_slam/install/sentry_interface/include/sentry_interface/sentry_interface/msg/detail/sentry_status__rosidl_typesupport_introspection_c.h
[0.962s] -- Up-to-date symlink: /home/speaker/heaven_slam/install/sentry_interface/include/sentry_interface/sentry_interface/msg/detail/sentry_vel__rosidl_typesupport_introspection_c.h
[0.962s] -- Up-to-date symlink: /home/speaker/heaven_slam/install/sentry_interface/include/sentry_interface/sentry_interface/msg/rosidl_typesupport_introspection_c__visibility_control.h
[0.963s] -- Up-to-date symlink: /home/speaker/heaven_slam/install/sentry_interface/include/sentry_interface/sentry_interface/action/action_control.hpp
[0.963s] -- Up-to-date symlink: /home/speaker/heaven_slam/install/sentry_interface/include/sentry_interface/sentry_interface/action/detail/action_control__builder.hpp
[0.964s] -- Up-to-date symlink: /home/speaker/heaven_slam/install/sentry_interface/include/sentry_interface/sentry_interface/action/detail/action_control__struct.hpp
[0.964s] -- Up-to-date symlink: /home/speaker/heaven_slam/install/sentry_interface/include/sentry_interface/sentry_interface/action/detail/action_control__traits.hpp
[0.964s] -- Up-to-date symlink: /home/speaker/heaven_slam/install/sentry_interface/include/sentry_interface/sentry_interface/action/detail/action_control__type_support.hpp
[0.964s] -- Up-to-date symlink: /home/speaker/heaven_slam/install/sentry_interface/include/sentry_interface/sentry_interface/msg/detail/sentry_status__builder.hpp
[0.965s] -- Up-to-date symlink: /home/speaker/heaven_slam/install/sentry_interface/include/sentry_interface/sentry_interface/msg/detail/sentry_status__struct.hpp
[0.965s] -- Up-to-date symlink: /home/speaker/heaven_slam/install/sentry_interface/include/sentry_interface/sentry_interface/msg/detail/sentry_status__traits.hpp
[0.965s] -- Up-to-date symlink: /home/speaker/heaven_slam/install/sentry_interface/include/sentry_interface/sentry_interface/msg/detail/sentry_status__type_support.hpp
[0.965s] -- Up-to-date symlink: /home/speaker/heaven_slam/install/sentry_interface/include/sentry_interface/sentry_interface/msg/detail/sentry_vel__builder.hpp
[0.965s] -- Up-to-date symlink: /home/speaker/heaven_slam/install/sentry_interface/include/sentry_interface/sentry_interface/msg/detail/sentry_vel__struct.hpp
[0.966s] -- Up-to-date symlink: /home/speaker/heaven_slam/install/sentry_interface/include/sentry_interface/sentry_interface/msg/detail/sentry_vel__traits.hpp
[0.966s] -- Up-to-date symlink: /home/speaker/heaven_slam/install/sentry_interface/include/sentry_interface/sentry_interface/msg/detail/sentry_vel__type_support.hpp
[0.966s] -- Up-to-date symlink: /home/speaker/heaven_slam/install/sentry_interface/include/sentry_interface/sentry_interface/msg/rosidl_generator_cpp__visibility_control.hpp
[0.966s] -- Up-to-date symlink: /home/speaker/heaven_slam/install/sentry_interface/include/sentry_interface/sentry_interface/msg/sentry_status.hpp
[0.966s] -- Up-to-date symlink: /home/speaker/heaven_slam/install/sentry_interface/include/sentry_interface/sentry_interface/msg/sentry_vel.hpp
[0.967s] -- Up-to-date symlink: /home/speaker/heaven_slam/install/sentry_interface/include/sentry_interface/sentry_interface/action/detail/action_control__rosidl_typesupport_fastrtps_cpp.hpp
[0.968s] -- Up-to-date symlink: /home/speaker/heaven_slam/install/sentry_interface/include/sentry_interface/sentry_interface/msg/detail/sentry_status__rosidl_typesupport_fastrtps_cpp.hpp
[0.968s] -- Up-to-date symlink: /home/speaker/heaven_slam/install/sentry_interface/include/sentry_interface/sentry_interface/msg/detail/sentry_vel__rosidl_typesupport_fastrtps_cpp.hpp
[0.968s] -- Up-to-date symlink: /home/speaker/heaven_slam/install/sentry_interface/include/sentry_interface/sentry_interface/msg/rosidl_typesupport_fastrtps_cpp__visibility_control.h
[0.969s] -- Up-to-date symlink: /home/speaker/heaven_slam/install/sentry_interface/include/sentry_interface/sentry_interface/action/detail/action_control__rosidl_typesupport_introspection_cpp.hpp
[0.969s] -- Up-to-date symlink: /home/speaker/heaven_slam/install/sentry_interface/include/sentry_interface/sentry_interface/msg/detail/sentry_status__rosidl_typesupport_introspection_cpp.hpp
[0.970s] -- Up-to-date symlink: /home/speaker/heaven_slam/install/sentry_interface/include/sentry_interface/sentry_interface/msg/detail/sentry_vel__rosidl_typesupport_introspection_cpp.hpp
[0.970s] -- Up-to-date symlink: /home/speaker/heaven_slam/install/sentry_interface/share/sentry_interface/environment/pythonpath.sh
[0.970s] -- Up-to-date symlink: /home/speaker/heaven_slam/install/sentry_interface/share/sentry_interface/environment/pythonpath.dsv
[0.971s] -- Up-to-date symlink: /home/speaker/heaven_slam/install/sentry_interface/local/lib/python3.10/dist-packages/sentry_interface-0.0.0-py3.10.egg-info/PKG-INFO
[0.971s] -- Up-to-date symlink: /home/speaker/heaven_slam/install/sentry_interface/local/lib/python3.10/dist-packages/sentry_interface-0.0.0-py3.10.egg-info/SOURCES.txt
[0.971s] -- Up-to-date symlink: /home/speaker/heaven_slam/install/sentry_interface/local/lib/python3.10/dist-packages/sentry_interface-0.0.0-py3.10.egg-info/dependency_links.txt
[0.971s] -- Up-to-date symlink: /home/speaker/heaven_slam/install/sentry_interface/local/lib/python3.10/dist-packages/sentry_interface-0.0.0-py3.10.egg-info/top_level.txt
[0.972s] -- Up-to-date symlink: /home/speaker/heaven_slam/install/sentry_interface/local/lib/python3.10/dist-packages/sentry_interface/__init__.py
[0.973s] -- Up-to-date symlink: /home/speaker/heaven_slam/install/sentry_interface/local/lib/python3.10/dist-packages/sentry_interface/_sentry_interface_s.ep.rosidl_typesupport_c.c
[0.973s] -- Up-to-date symlink: /home/speaker/heaven_slam/install/sentry_interface/local/lib/python3.10/dist-packages/sentry_interface/_sentry_interface_s.ep.rosidl_typesupport_fastrtps_c.c
[0.973s] -- Up-to-date symlink: /home/speaker/heaven_slam/install/sentry_interface/local/lib/python3.10/dist-packages/sentry_interface/_sentry_interface_s.ep.rosidl_typesupport_introspection_c.c
[0.973s] -- Up-to-date symlink: /home/speaker/heaven_slam/install/sentry_interface/local/lib/python3.10/dist-packages/sentry_interface/action/__init__.py
[0.974s] -- Up-to-date symlink: /home/speaker/heaven_slam/install/sentry_interface/local/lib/python3.10/dist-packages/sentry_interface/action/_action_control.py
[0.974s] -- Up-to-date symlink: /home/speaker/heaven_slam/install/sentry_interface/local/lib/python3.10/dist-packages/sentry_interface/action/_action_control_s.c
[0.974s] -- Up-to-date symlink: /home/speaker/heaven_slam/install/sentry_interface/local/lib/python3.10/dist-packages/sentry_interface/libsentry_interface__rosidl_generator_py.so
[0.974s] -- Up-to-date symlink: /home/speaker/heaven_slam/install/sentry_interface/local/lib/python3.10/dist-packages/sentry_interface/msg/__init__.py
[0.974s] -- Up-to-date symlink: /home/speaker/heaven_slam/install/sentry_interface/local/lib/python3.10/dist-packages/sentry_interface/msg/_sentry_status.py
[0.975s] -- Up-to-date symlink: /home/speaker/heaven_slam/install/sentry_interface/local/lib/python3.10/dist-packages/sentry_interface/msg/_sentry_status_s.c
[0.975s] -- Up-to-date symlink: /home/speaker/heaven_slam/install/sentry_interface/local/lib/python3.10/dist-packages/sentry_interface/msg/_sentry_vel.py
[0.975s] -- Up-to-date symlink: /home/speaker/heaven_slam/install/sentry_interface/local/lib/python3.10/dist-packages/sentry_interface/msg/_sentry_vel_s.c
[0.975s] -- Up-to-date symlink: /home/speaker/heaven_slam/install/sentry_interface/local/lib/python3.10/dist-packages/sentry_interface/sentry_interface_s__rosidl_typesupport_c.cpython-310-aarch64-linux-gnu.so
[0.975s] -- Up-to-date symlink: /home/speaker/heaven_slam/install/sentry_interface/local/lib/python3.10/dist-packages/sentry_interface/sentry_interface_s__rosidl_typesupport_fastrtps_c.cpython-310-aarch64-linux-gnu.so
[0.976s] -- Up-to-date symlink: /home/speaker/heaven_slam/install/sentry_interface/local/lib/python3.10/dist-packages/sentry_interface/sentry_interface_s__rosidl_typesupport_introspection_c.cpython-310-aarch64-linux-gnu.so
[0.976s] -- Up-to-date symlink: /home/speaker/heaven_slam/install/sentry_interface/local/lib/python3.10/dist-packages/sentry_interface/sentry_interface_s__rosidl_typesupport_fastrtps_c.cpython-310-aarch64-linux-gnu.so
[0.977s] -- Up-to-date symlink: /home/speaker/heaven_slam/install/sentry_interface/local/lib/python3.10/dist-packages/sentry_interface/sentry_interface_s__rosidl_typesupport_introspection_c.cpython-310-aarch64-linux-gnu.so
[0.977s] -- Up-to-date symlink: /home/speaker/heaven_slam/install/sentry_interface/local/lib/python3.10/dist-packages/sentry_interface/sentry_interface_s__rosidl_typesupport_c.cpython-310-aarch64-linux-gnu.so
[0.977s] -- Up-to-date symlink: /home/speaker/heaven_slam/install/sentry_interface/share/sentry_interface/msg/SentryStatus.idl
[0.978s] -- Up-to-date symlink: /home/speaker/heaven_slam/install/sentry_interface/share/sentry_interface/action/ActionControl.idl
[0.978s] -- Up-to-date symlink: /home/speaker/heaven_slam/install/sentry_interface/share/sentry_interface/msg/SentryVel.idl
[0.978s] -- Up-to-date symlink: /home/speaker/heaven_slam/install/sentry_interface/share/sentry_interface/msg/SentryStatus.msg
[0.978s] -- Up-to-date symlink: /home/speaker/heaven_slam/install/sentry_interface/share/sentry_interface/action/ActionControl.action
[0.979s] -- Up-to-date symlink: /home/speaker/heaven_slam/install/sentry_interface/share/sentry_interface/msg/SentryVel.msg
[0.979s] -- Up-to-date symlink: /home/speaker/heaven_slam/install/sentry_interface/share/ament_index/resource_index/package_run_dependencies/sentry_interface
[0.979s] -- Up-to-date symlink: /home/speaker/heaven_slam/install/sentry_interface/share/ament_index/resource_index/parent_prefix_path/sentry_interface
[0.980s] -- Up-to-date symlink: /home/speaker/heaven_slam/install/sentry_interface/share/sentry_interface/environment/ament_prefix_path.sh
[0.980s] -- Up-to-date symlink: /home/speaker/heaven_slam/install/sentry_interface/share/sentry_interface/environment/ament_prefix_path.dsv
[0.980s] -- Up-to-date symlink: /home/speaker/heaven_slam/install/sentry_interface/share/sentry_interface/environment/path.sh
[0.980s] -- Up-to-date symlink: /home/speaker/heaven_slam/install/sentry_interface/share/sentry_interface/environment/path.dsv
[0.981s] -- Up-to-date symlink: /home/speaker/heaven_slam/install/sentry_interface/share/sentry_interface/local_setup.bash
[0.981s] -- Up-to-date symlink: /home/speaker/heaven_slam/install/sentry_interface/share/sentry_interface/local_setup.sh
[0.981s] -- Up-to-date symlink: /home/speaker/heaven_slam/install/sentry_interface/share/sentry_interface/local_setup.zsh
[0.981s] -- Up-to-date symlink: /home/speaker/heaven_slam/install/sentry_interface/share/sentry_interface/local_setup.dsv
[0.982s] -- Symlinking: /home/speaker/heaven_slam/install/sentry_interface/share/sentry_interface/package.dsv
[1.004s] -- Up-to-date symlink: /home/speaker/heaven_slam/install/sentry_interface/share/ament_index/resource_index/packages/sentry_interface
[1.004s] -- Up-to-date symlink: /home/speaker/heaven_slam/install/sentry_interface/share/sentry_interface/cmake/rosidl_cmake-extras.cmake
[1.004s] -- Up-to-date symlink: /home/speaker/heaven_slam/install/sentry_interface/share/sentry_interface/cmake/ament_cmake_export_dependencies-extras.cmake
[1.005s] -- Up-to-date symlink: /home/speaker/heaven_slam/install/sentry_interface/share/sentry_interface/cmake/ament_cmake_export_include_directories-extras.cmake
[1.005s] -- Up-to-date symlink: /home/speaker/heaven_slam/install/sentry_interface/share/sentry_interface/cmake/ament_cmake_export_libraries-extras.cmake
[1.005s] -- Up-to-date symlink: /home/speaker/heaven_slam/install/sentry_interface/share/sentry_interface/cmake/ament_cmake_export_targets-extras.cmake
[1.005s] -- Up-to-date symlink: /home/speaker/heaven_slam/install/sentry_interface/share/sentry_interface/cmake/rosidl_cmake_export_typesupport_targets-extras.cmake
[1.005s] -- Up-to-date symlink: /home/speaker/heaven_slam/install/sentry_interface/share/sentry_interface/cmake/rosidl_cmake_export_typesupport_libraries-extras.cmake
[1.006s] -- Up-to-date symlink: /home/speaker/heaven_slam/install/sentry_interface/share/sentry_interface/cmake/sentry_interfaceConfig.cmake
[1.006s] -- Up-to-date symlink: /home/speaker/heaven_slam/install/sentry_interface/share/sentry_interface/cmake/sentry_interfaceConfig-version.cmake
[1.006s] -- Up-to-date symlink: /home/speaker/heaven_slam/install/sentry_interface/share/sentry_interface/package.xml
[1.007s] -- Up-to-date: /home/speaker/heaven_slam/install/sentry_interface/lib/libsentry_interface__rosidl_generator_c.so
[1.007s] -- Up-to-date: /home/speaker/heaven_slam/install/sentry_interface/lib/libsentry_interface__rosidl_typesupport_fastrtps_c.so
[1.008s] -- Up-to-date: /home/speaker/heaven_slam/install/sentry_interface/lib/libsentry_interface__rosidl_typesupport_introspection_c.so
[1.008s] -- Up-to-date: /home/speaker/heaven_slam/install/sentry_interface/lib/libsentry_interface__rosidl_typesupport_c.so
[1.009s] -- Up-to-date: /home/speaker/heaven_slam/install/sentry_interface/lib/libsentry_interface__rosidl_typesupport_fastrtps_cpp.so
[1.009s] -- Up-to-date: /home/speaker/heaven_slam/install/sentry_interface/lib/libsentry_interface__rosidl_typesupport_introspection_cpp.so
[1.010s] -- Up-to-date: /home/speaker/heaven_slam/install/sentry_interface/lib/libsentry_interface__rosidl_typesupport_cpp.so
[1.088s] Listing '/home/speaker/heaven_slam/install/sentry_interface/local/lib/python3.10/dist-packages/sentry_interface'...
[1.088s] Listing '/home/speaker/heaven_slam/install/sentry_interface/local/lib/python3.10/dist-packages/sentry_interface/action'...
[1.088s] Listing '/home/speaker/heaven_slam/install/sentry_interface/local/lib/python3.10/dist-packages/sentry_interface/msg'...
[1.099s] -- Up-to-date: /home/speaker/heaven_slam/install/sentry_interface/lib/libsentry_interface__rosidl_generator_py.so
[1.100s] -- Up-to-date: /home/speaker/heaven_slam/install/sentry_interface/share/sentry_interface/cmake/export_sentry_interface__rosidl_generator_cExport.cmake
[1.100s] -- Up-to-date: /home/speaker/heaven_slam/install/sentry_interface/share/sentry_interface/cmake/export_sentry_interface__rosidl_generator_cExport-noconfig.cmake
[1.100s] -- Up-to-date: /home/speaker/heaven_slam/install/sentry_interface/share/sentry_interface/cmake/export_sentry_interface__rosidl_typesupport_fastrtps_cExport.cmake
[1.100s] -- Up-to-date: /home/speaker/heaven_slam/install/sentry_interface/share/sentry_interface/cmake/export_sentry_interface__rosidl_typesupport_fastrtps_cExport-noconfig.cmake
[1.101s] -- Up-to-date: /home/speaker/heaven_slam/install/sentry_interface/share/sentry_interface/cmake/sentry_interface__rosidl_typesupport_introspection_cExport.cmake
[1.101s] -- Up-to-date: /home/speaker/heaven_slam/install/sentry_interface/share/sentry_interface/cmake/sentry_interface__rosidl_typesupport_introspection_cExport-noconfig.cmake
[1.101s] -- Up-to-date: /home/speaker/heaven_slam/install/sentry_interface/share/sentry_interface/cmake/sentry_interface__rosidl_typesupport_cExport.cmake
[1.101s] -- Up-to-date: /home/speaker/heaven_slam/install/sentry_interface/share/sentry_interface/cmake/sentry_interface__rosidl_typesupport_cExport-noconfig.cmake
[1.101s] -- Up-to-date: /home/speaker/heaven_slam/install/sentry_interface/share/sentry_interface/cmake/export_sentry_interface__rosidl_generator_cppExport.cmake
[1.102s] -- Up-to-date: /home/speaker/heaven_slam/install/sentry_interface/share/sentry_interface/cmake/export_sentry_interface__rosidl_typesupport_fastrtps_cppExport.cmake
[1.102s] -- Up-to-date: /home/speaker/heaven_slam/install/sentry_interface/share/sentry_interface/cmake/export_sentry_interface__rosidl_typesupport_fastrtps_cppExport-noconfig.cmake
[1.102s] -- Up-to-date: /home/speaker/heaven_slam/install/sentry_interface/share/sentry_interface/cmake/sentry_interface__rosidl_typesupport_introspection_cppExport.cmake
[1.102s] -- Up-to-date: /home/speaker/heaven_slam/install/sentry_interface/share/sentry_interface/cmake/sentry_interface__rosidl_typesupport_introspection_cppExport-noconfig.cmake
[1.103s] -- Up-to-date: /home/speaker/heaven_slam/install/sentry_interface/share/sentry_interface/cmake/sentry_interface__rosidl_typesupport_cppExport.cmake
[1.103s] -- Up-to-date: /home/speaker/heaven_slam/install/sentry_interface/share/sentry_interface/cmake/sentry_interface__rosidl_typesupport_cppExport-noconfig.cmake
[1.103s] -- Up-to-date: /home/speaker/heaven_slam/install/sentry_interface/share/sentry_interface/cmake/export_sentry_interface__rosidl_generator_pyExport.cmake
[1.103s] -- Up-to-date: /home/speaker/heaven_slam/install/sentry_interface/share/sentry_interface/cmake/export_sentry_interface__rosidl_generator_pyExport-noconfig.cmake
[1.109s] Invoked command in '/home/speaker/heaven_slam/build/sentry_interface' returned '0': CMAKE_PREFIX_PATH=${CMAKE_PREFIX_PATH}:/home/speaker/heaven_ws/install/chassis_ctr:/opt/ros/humble /usr/bin/cmake --install /home/speaker/heaven_slam/build/sentry_interface
