[1.987s] Invoking command in '/home/speaker/heaven_slam/build/chassis_ctr': PYTHONPATH=/home/speaker/heaven_slam/build/chassis_ctr/prefix_override:/usr/lib/python3/dist-packages/colcon_core/task/python/colcon_distutils_commands:/home/speaker/heaven_slam/install/chassis_ctr/lib/python3.10/site-packages:${PYTHONPATH} /usr/bin/python3 -W ignore:setup.py install is deprecated -W ignore:easy_install command is deprecated setup.py develop --editable --build-directory /home/speaker/heaven_slam/build/chassis_ctr/build --no-deps symlink_data
[2.550s] running develop
[2.893s] running egg_info
[2.894s] creating chassis_ctr.egg-info
[2.894s] writing chassis_ctr.egg-info/PKG-INFO
[2.895s] writing dependency_links to chassis_ctr.egg-info/dependency_links.txt
[2.895s] writing entry points to chassis_ctr.egg-info/entry_points.txt
[2.895s] writing requirements to chassis_ctr.egg-info/requires.txt
[2.895s] writing top-level names to chassis_ctr.egg-info/top_level.txt
[2.896s] writing manifest file 'chassis_ctr.egg-info/SOURCES.txt'
[2.900s] reading manifest file 'chassis_ctr.egg-info/SOURCES.txt'
[2.901s] writing manifest file 'chassis_ctr.egg-info/SOURCES.txt'
[2.904s] running build_ext
[2.905s] Creating /home/speaker/heaven_slam/install/chassis_ctr/lib/python3.10/site-packages/chassis-ctr.egg-link (link to .)
[2.907s] Installing chassis_ctr_test_node script to /home/speaker/heaven_slam/install/chassis_ctr/lib/chassis_ctr
[2.907s] Installing cmd_vel_converter script to /home/speaker/heaven_slam/install/chassis_ctr/lib/chassis_ctr
[2.908s] Installing heaven_client script to /home/speaker/heaven_slam/install/chassis_ctr/lib/chassis_ctr
[2.908s] Installing heaven_server script to /home/speaker/heaven_slam/install/chassis_ctr/lib/chassis_ctr
[2.908s] Installing heaven_traj script to /home/speaker/heaven_slam/install/chassis_ctr/lib/chassis_ctr
[2.908s] Installing sentry_ctr script to /home/speaker/heaven_slam/install/chassis_ctr/lib/chassis_ctr
[2.909s] Installing vel_ctr script to /home/speaker/heaven_slam/install/chassis_ctr/lib/chassis_ctr
[2.909s] Installing vel_test_node script to /home/speaker/heaven_slam/install/chassis_ctr/lib/chassis_ctr
[2.909s] 
[2.910s] Installed /home/speaker/heaven_slam/build/chassis_ctr
[2.910s] running symlink_data
[2.910s] creating /home/speaker/heaven_slam/install/chassis_ctr/share/ament_index
[2.910s] creating /home/speaker/heaven_slam/install/chassis_ctr/share/ament_index/resource_index
[2.910s] creating /home/speaker/heaven_slam/install/chassis_ctr/share/ament_index/resource_index/packages
[2.911s] symbolically linking /home/speaker/heaven_slam/build/chassis_ctr/resource/chassis_ctr -> /home/speaker/heaven_slam/install/chassis_ctr/share/ament_index/resource_index/packages
[2.911s] symbolically linking /home/speaker/heaven_slam/build/chassis_ctr/package.xml -> /home/speaker/heaven_slam/install/chassis_ctr/share/chassis_ctr
[2.911s] creating /home/speaker/heaven_slam/install/chassis_ctr/share/chassis_ctr/config
[2.911s] symbolically linking /home/speaker/heaven_slam/build/chassis_ctr/config/action_ctr_params.yaml -> /home/speaker/heaven_slam/install/chassis_ctr/share/chassis_ctr/config
[3.038s] Invoked command in '/home/speaker/heaven_slam/build/chassis_ctr' returned '0': PYTHONPATH=/home/speaker/heaven_slam/build/chassis_ctr/prefix_override:/usr/lib/python3/dist-packages/colcon_core/task/python/colcon_distutils_commands:/home/speaker/heaven_slam/install/chassis_ctr/lib/python3.10/site-packages:${PYTHONPATH} /usr/bin/python3 -W ignore:setup.py install is deprecated -W ignore:easy_install command is deprecated setup.py develop --editable --build-directory /home/speaker/heaven_slam/build/chassis_ctr/build --no-deps symlink_data
