[0.298s] DEBUG:colcon:Command line arguments: ['/usr/bin/colcon', 'build', '--symlink-install']
[0.298s] DEBUG:colcon:Parsed command line arguments: Namespace(log_base=None, log_level=None, verb_name='build', build_base='build', install_base='install', merge_install=False, symlink_install=True, test_result_base=None, continue_on_error=False, executor='parallel', parallel_workers=8, event_handlers=None, ignore_user_meta=False, metas=['./colcon.meta'], base_paths=['.'], packages_ignore=None, packages_ignore_regex=None, paths=None, packages_up_to=None, packages_up_to_regex=None, packages_above=None, packages_above_and_dependencies=None, packages_above_depth=None, packages_select_by_dep=None, packages_skip_by_dep=None, packages_skip_up_to=None, packages_select_build_failed=False, packages_skip_build_finished=False, packages_select_test_failures=False, packages_skip_test_passed=False, packages_select=None, packages_skip=None, packages_select_regex=None, packages_skip_regex=None, packages_start=None, packages_end=None, allow_overriding=[], cmake_args=None, cmake_target=None, cmake_target_skip_unavailable=False, cmake_clean_cache=False, cmake_clean_first=False, cmake_force_configure=False, ament_cmake_args=None, catkin_cmake_args=None, catkin_skip_building_tests=False, verb_parser=<colcon_defaults.argument_parser.defaults.DefaultArgumentsDecorator object at 0xffff9e902230>, verb_extension=<colcon_core.verb.build.BuildVerb object at 0xffff9e901d50>, main=<bound method BuildVerb.main of <colcon_core.verb.build.BuildVerb object at 0xffff9e901d50>>)
[0.772s] Level 1:colcon.colcon_core.package_discovery:discover_packages(colcon_meta) check parameters
[0.772s] Level 1:colcon.colcon_core.package_discovery:discover_packages(recursive) check parameters
[0.772s] Level 1:colcon.colcon_core.package_discovery:discover_packages(ignore) check parameters
[0.772s] Level 1:colcon.colcon_core.package_discovery:discover_packages(path) check parameters
[0.772s] Level 1:colcon.colcon_core.package_discovery:discover_packages(colcon_meta) discover
[0.772s] Level 1:colcon.colcon_core.package_discovery:discover_packages(recursive) discover
[0.772s] INFO:colcon.colcon_core.package_discovery:Crawling recursively for packages in '/home/robotega/heaven_slam'
[0.773s] Level 1:colcon.colcon_core.package_identification:_identify(.) by extensions ['ignore', 'ignore_ament_install']
[0.773s] Level 1:colcon.colcon_core.package_identification:_identify(.) by extension 'ignore'
[0.773s] Level 1:colcon.colcon_core.package_identification:_identify(.) by extension 'ignore_ament_install'
[0.773s] Level 1:colcon.colcon_core.package_identification:_identify(.) by extensions ['colcon_pkg']
[0.773s] Level 1:colcon.colcon_core.package_identification:_identify(.) by extension 'colcon_pkg'
[0.773s] Level 1:colcon.colcon_core.package_identification:_identify(.) by extensions ['colcon_meta']
[0.773s] Level 1:colcon.colcon_core.package_identification:_identify(.) by extension 'colcon_meta'
[0.774s] Level 1:colcon.colcon_core.package_identification:_identify(.) by extensions ['ros']
[0.774s] Level 1:colcon.colcon_core.package_identification:_identify(.) by extension 'ros'
[0.797s] Level 1:colcon.colcon_core.package_identification:_identify(.) by extensions ['cmake', 'python']
[0.797s] Level 1:colcon.colcon_core.package_identification:_identify(.) by extension 'cmake'
[0.798s] Level 1:colcon.colcon_core.package_identification:_identify(.) by extension 'python'
[0.798s] Level 1:colcon.colcon_core.package_identification:_identify(.) by extensions ['python_setup_py']
[0.798s] Level 1:colcon.colcon_core.package_identification:_identify(.) by extension 'python_setup_py'
[0.798s] Level 1:colcon.colcon_core.package_identification:_identify(build) by extensions ['ignore', 'ignore_ament_install']
[0.798s] Level 1:colcon.colcon_core.package_identification:_identify(build) by extension 'ignore'
[0.798s] Level 1:colcon.colcon_core.package_identification:_identify(build) ignored
[0.799s] Level 1:colcon.colcon_core.package_identification:_identify(install) by extensions ['ignore', 'ignore_ament_install']
[0.799s] Level 1:colcon.colcon_core.package_identification:_identify(install) by extension 'ignore'
[0.799s] Level 1:colcon.colcon_core.package_identification:_identify(install) ignored
[0.799s] Level 1:colcon.colcon_core.package_identification:_identify(log) by extensions ['ignore', 'ignore_ament_install']
[0.799s] Level 1:colcon.colcon_core.package_identification:_identify(log) by extension 'ignore'
[0.799s] Level 1:colcon.colcon_core.package_identification:_identify(log) ignored
[0.800s] Level 1:colcon.colcon_core.package_identification:_identify(src) by extensions ['ignore', 'ignore_ament_install']
[0.800s] Level 1:colcon.colcon_core.package_identification:_identify(src) by extension 'ignore'
[0.800s] Level 1:colcon.colcon_core.package_identification:_identify(src) by extension 'ignore_ament_install'
[0.800s] Level 1:colcon.colcon_core.package_identification:_identify(src) by extensions ['colcon_pkg']
[0.800s] Level 1:colcon.colcon_core.package_identification:_identify(src) by extension 'colcon_pkg'
[0.800s] Level 1:colcon.colcon_core.package_identification:_identify(src) by extensions ['colcon_meta']
[0.800s] Level 1:colcon.colcon_core.package_identification:_identify(src) by extension 'colcon_meta'
[0.800s] Level 1:colcon.colcon_core.package_identification:_identify(src) by extensions ['ros']
[0.800s] Level 1:colcon.colcon_core.package_identification:_identify(src) by extension 'ros'
[0.801s] Level 1:colcon.colcon_core.package_identification:_identify(src) by extensions ['cmake', 'python']
[0.801s] Level 1:colcon.colcon_core.package_identification:_identify(src) by extension 'cmake'
[0.801s] Level 1:colcon.colcon_core.package_identification:_identify(src) by extension 'python'
[0.801s] Level 1:colcon.colcon_core.package_identification:_identify(src) by extensions ['python_setup_py']
[0.801s] Level 1:colcon.colcon_core.package_identification:_identify(src) by extension 'python_setup_py'
[0.801s] Level 1:colcon.colcon_core.package_identification:_identify(src/chassis_ctr) by extensions ['ignore', 'ignore_ament_install']
[0.801s] Level 1:colcon.colcon_core.package_identification:_identify(src/chassis_ctr) by extension 'ignore'
[0.802s] Level 1:colcon.colcon_core.package_identification:_identify(src/chassis_ctr) by extension 'ignore_ament_install'
[0.802s] Level 1:colcon.colcon_core.package_identification:_identify(src/chassis_ctr) by extensions ['colcon_pkg']
[0.802s] Level 1:colcon.colcon_core.package_identification:_identify(src/chassis_ctr) by extension 'colcon_pkg'
[0.802s] Level 1:colcon.colcon_core.package_identification:_identify(src/chassis_ctr) by extensions ['colcon_meta']
[0.802s] Level 1:colcon.colcon_core.package_identification:_identify(src/chassis_ctr) by extension 'colcon_meta'
[0.802s] Level 1:colcon.colcon_core.package_identification:_identify(src/chassis_ctr) by extensions ['ros']
[0.802s] Level 1:colcon.colcon_core.package_identification:_identify(src/chassis_ctr) by extension 'ros'
[0.807s] DEBUG:colcon.colcon_core.package_identification:Package 'src/chassis_ctr' with type 'ros.ament_python' and name 'chassis_ctr'
[0.808s] Level 1:colcon.colcon_core.package_identification:_identify(src/sentry_interface) by extensions ['ignore', 'ignore_ament_install']
[0.808s] Level 1:colcon.colcon_core.package_identification:_identify(src/sentry_interface) by extension 'ignore'
[0.808s] Level 1:colcon.colcon_core.package_identification:_identify(src/sentry_interface) by extension 'ignore_ament_install'
[0.808s] Level 1:colcon.colcon_core.package_identification:_identify(src/sentry_interface) by extensions ['colcon_pkg']
[0.808s] Level 1:colcon.colcon_core.package_identification:_identify(src/sentry_interface) by extension 'colcon_pkg'
[0.809s] Level 1:colcon.colcon_core.package_identification:_identify(src/sentry_interface) by extensions ['colcon_meta']
[0.809s] Level 1:colcon.colcon_core.package_identification:_identify(src/sentry_interface) by extension 'colcon_meta'
[0.809s] Level 1:colcon.colcon_core.package_identification:_identify(src/sentry_interface) by extensions ['ros']
[0.809s] Level 1:colcon.colcon_core.package_identification:_identify(src/sentry_interface) by extension 'ros'
[0.811s] DEBUG:colcon.colcon_core.package_identification:Package 'src/sentry_interface' with type 'ros.ament_cmake' and name 'sentry_interface'
[0.811s] Level 1:colcon.colcon_core.package_identification:_identify(src/serial_setting) by extensions ['ignore', 'ignore_ament_install']
[0.811s] Level 1:colcon.colcon_core.package_identification:_identify(src/serial_setting) by extension 'ignore'
[0.811s] Level 1:colcon.colcon_core.package_identification:_identify(src/serial_setting) by extension 'ignore_ament_install'
[0.812s] Level 1:colcon.colcon_core.package_identification:_identify(src/serial_setting) by extensions ['colcon_pkg']
[0.812s] Level 1:colcon.colcon_core.package_identification:_identify(src/serial_setting) by extension 'colcon_pkg'
[0.812s] Level 1:colcon.colcon_core.package_identification:_identify(src/serial_setting) by extensions ['colcon_meta']
[0.812s] Level 1:colcon.colcon_core.package_identification:_identify(src/serial_setting) by extension 'colcon_meta'
[0.812s] Level 1:colcon.colcon_core.package_identification:_identify(src/serial_setting) by extensions ['ros']
[0.812s] Level 1:colcon.colcon_core.package_identification:_identify(src/serial_setting) by extension 'ros'
[0.814s] DEBUG:colcon.colcon_core.package_identification:Package 'src/serial_setting' with type 'ros.ament_python' and name 'serial_setting'
[0.814s] Level 1:colcon.colcon_core.package_discovery:discover_packages(recursive) using defaults
[0.814s] Level 1:colcon.colcon_core.package_discovery:discover_packages(ignore) discover
[0.814s] Level 1:colcon.colcon_core.package_discovery:discover_packages(ignore) using defaults
[0.814s] Level 1:colcon.colcon_core.package_discovery:discover_packages(path) discover
[0.814s] Level 1:colcon.colcon_core.package_discovery:discover_packages(path) using defaults
[0.894s] Level 1:colcon.colcon_core.package_discovery:discover_packages(prefix_path) check parameters
[0.895s] Level 1:colcon.colcon_core.package_discovery:discover_packages(prefix_path) discover
[0.901s] DEBUG:colcon.colcon_installed_package_information.package_discovery:Found 1 installed packages in /home/robotega/laser_filters/install
[0.903s] DEBUG:colcon.colcon_installed_package_information.package_discovery:Found 16 installed packages in /home/robotega/pb_rmsimulation/install
[0.904s] DEBUG:colcon.colcon_installed_package_information.package_discovery:Found 3 installed packages in /home/robotega/heaven_slam/install
[0.907s] DEBUG:colcon.colcon_installed_package_information.package_discovery:Found 373 installed packages in /opt/ros/humble
[0.910s] Level 1:colcon.colcon_core.package_discovery:discover_packages(prefix_path) using defaults
[1.030s] Level 5:colcon.colcon_core.verb:set package 'chassis_ctr' build argument 'cmake_args' from command line to 'None'
[1.030s] Level 5:colcon.colcon_core.verb:set package 'chassis_ctr' build argument 'cmake_target' from command line to 'None'
[1.030s] Level 5:colcon.colcon_core.verb:set package 'chassis_ctr' build argument 'cmake_target_skip_unavailable' from command line to 'False'
[1.031s] Level 5:colcon.colcon_core.verb:set package 'chassis_ctr' build argument 'cmake_clean_cache' from command line to 'False'
[1.031s] Level 5:colcon.colcon_core.verb:set package 'chassis_ctr' build argument 'cmake_clean_first' from command line to 'False'
[1.031s] Level 5:colcon.colcon_core.verb:set package 'chassis_ctr' build argument 'cmake_force_configure' from command line to 'False'
[1.031s] Level 5:colcon.colcon_core.verb:set package 'chassis_ctr' build argument 'ament_cmake_args' from command line to 'None'
[1.031s] Level 5:colcon.colcon_core.verb:set package 'chassis_ctr' build argument 'catkin_cmake_args' from command line to 'None'
[1.031s] Level 5:colcon.colcon_core.verb:set package 'chassis_ctr' build argument 'catkin_skip_building_tests' from command line to 'False'
[1.031s] DEBUG:colcon.colcon_core.verb:Building package 'chassis_ctr' with the following arguments: {'ament_cmake_args': None, 'build_base': '/home/robotega/heaven_slam/build/chassis_ctr', 'catkin_cmake_args': None, 'catkin_skip_building_tests': False, 'cmake_args': None, 'cmake_clean_cache': False, 'cmake_clean_first': False, 'cmake_force_configure': False, 'cmake_target': None, 'cmake_target_skip_unavailable': False, 'install_base': '/home/robotega/heaven_slam/install/chassis_ctr', 'merge_install': False, 'path': '/home/robotega/heaven_slam/src/chassis_ctr', 'symlink_install': True, 'test_result_base': None}
[1.032s] Level 5:colcon.colcon_core.verb:set package 'sentry_interface' build argument 'cmake_args' from command line to 'None'
[1.032s] Level 5:colcon.colcon_core.verb:set package 'sentry_interface' build argument 'cmake_target' from command line to 'None'
[1.032s] Level 5:colcon.colcon_core.verb:set package 'sentry_interface' build argument 'cmake_target_skip_unavailable' from command line to 'False'
[1.032s] Level 5:colcon.colcon_core.verb:set package 'sentry_interface' build argument 'cmake_clean_cache' from command line to 'False'
[1.032s] Level 5:colcon.colcon_core.verb:set package 'sentry_interface' build argument 'cmake_clean_first' from command line to 'False'
[1.032s] Level 5:colcon.colcon_core.verb:set package 'sentry_interface' build argument 'cmake_force_configure' from command line to 'False'
[1.032s] Level 5:colcon.colcon_core.verb:set package 'sentry_interface' build argument 'ament_cmake_args' from command line to 'None'
[1.032s] Level 5:colcon.colcon_core.verb:set package 'sentry_interface' build argument 'catkin_cmake_args' from command line to 'None'
[1.032s] Level 5:colcon.colcon_core.verb:set package 'sentry_interface' build argument 'catkin_skip_building_tests' from command line to 'False'
[1.032s] DEBUG:colcon.colcon_core.verb:Building package 'sentry_interface' with the following arguments: {'ament_cmake_args': None, 'build_base': '/home/robotega/heaven_slam/build/sentry_interface', 'catkin_cmake_args': None, 'catkin_skip_building_tests': False, 'cmake_args': None, 'cmake_clean_cache': False, 'cmake_clean_first': False, 'cmake_force_configure': False, 'cmake_target': None, 'cmake_target_skip_unavailable': False, 'install_base': '/home/robotega/heaven_slam/install/sentry_interface', 'merge_install': False, 'path': '/home/robotega/heaven_slam/src/sentry_interface', 'symlink_install': True, 'test_result_base': None}
[1.033s] Level 5:colcon.colcon_core.verb:set package 'serial_setting' build argument 'cmake_args' from command line to 'None'
[1.033s] Level 5:colcon.colcon_core.verb:set package 'serial_setting' build argument 'cmake_target' from command line to 'None'
[1.033s] Level 5:colcon.colcon_core.verb:set package 'serial_setting' build argument 'cmake_target_skip_unavailable' from command line to 'False'
[1.033s] Level 5:colcon.colcon_core.verb:set package 'serial_setting' build argument 'cmake_clean_cache' from command line to 'False'
[1.033s] Level 5:colcon.colcon_core.verb:set package 'serial_setting' build argument 'cmake_clean_first' from command line to 'False'
[1.033s] Level 5:colcon.colcon_core.verb:set package 'serial_setting' build argument 'cmake_force_configure' from command line to 'False'
[1.033s] Level 5:colcon.colcon_core.verb:set package 'serial_setting' build argument 'ament_cmake_args' from command line to 'None'
[1.033s] Level 5:colcon.colcon_core.verb:set package 'serial_setting' build argument 'catkin_cmake_args' from command line to 'None'
[1.033s] Level 5:colcon.colcon_core.verb:set package 'serial_setting' build argument 'catkin_skip_building_tests' from command line to 'False'
[1.033s] DEBUG:colcon.colcon_core.verb:Building package 'serial_setting' with the following arguments: {'ament_cmake_args': None, 'build_base': '/home/robotega/heaven_slam/build/serial_setting', 'catkin_cmake_args': None, 'catkin_skip_building_tests': False, 'cmake_args': None, 'cmake_clean_cache': False, 'cmake_clean_first': False, 'cmake_force_configure': False, 'cmake_target': None, 'cmake_target_skip_unavailable': False, 'install_base': '/home/robotega/heaven_slam/install/serial_setting', 'merge_install': False, 'path': '/home/robotega/heaven_slam/src/serial_setting', 'symlink_install': True, 'test_result_base': None}
[1.033s] INFO:colcon.colcon_core.executor:Executing jobs using 'parallel' executor
[1.036s] DEBUG:colcon.colcon_parallel_executor.executor.parallel:run_until_complete
[1.037s] INFO:colcon.colcon_ros.task.ament_cmake.build:Building ROS package in '/home/robotega/heaven_slam/src/sentry_interface' with build type 'ament_cmake'
[1.037s] INFO:colcon.colcon_cmake.task.cmake.build:Building CMake package in '/home/robotega/heaven_slam/src/sentry_interface'
[1.042s] INFO:colcon.colcon_core.plugin_system:Skipping extension 'colcon_core.shell.bat': Not used on non-Windows systems
[1.043s] INFO:colcon.colcon_core.shell:Skip shell extension 'powershell' for command environment: Not usable outside of PowerShell
[1.043s] DEBUG:colcon.colcon_core.shell:Skip shell extension 'dsv' for command environment
[1.055s] INFO:colcon.colcon_ros.task.ament_python.build:Building ROS package in '/home/robotega/heaven_slam/src/chassis_ctr' with build type 'ament_python'
[1.055s] Level 1:colcon.colcon_core.shell:create_environment_hook('chassis_ctr', 'ament_prefix_path')
[1.056s] INFO:colcon.colcon_core.shell:Creating environment hook '/home/robotega/heaven_slam/install/chassis_ctr/share/chassis_ctr/hook/ament_prefix_path.ps1'
[1.058s] INFO:colcon.colcon_core.shell:Creating environment descriptor '/home/robotega/heaven_slam/install/chassis_ctr/share/chassis_ctr/hook/ament_prefix_path.dsv'
[1.060s] INFO:colcon.colcon_core.shell:Creating environment hook '/home/robotega/heaven_slam/install/chassis_ctr/share/chassis_ctr/hook/ament_prefix_path.sh'
[1.062s] INFO:colcon.colcon_core.shell:Skip shell extension 'powershell' for command environment: Not usable outside of PowerShell
[1.062s] DEBUG:colcon.colcon_core.shell:Skip shell extension 'dsv' for command environment
[1.081s] DEBUG:colcon.colcon_core.event_handler.log_command:Invoking command in '/home/robotega/heaven_slam/build/sentry_interface': CMAKE_PREFIX_PATH=${CMAKE_PREFIX_PATH}:/home/robotega/heaven_slam/install/serial_setting:/home/robotega/heaven_slam/install/chassis_ctr:/opt/ros/humble /usr/bin/cmake --build /home/robotega/heaven_slam/build/sentry_interface -- -j8 -l8
[1.745s] INFO:colcon.colcon_core.task.python.build:Building Python package in '/home/robotega/heaven_slam/src/chassis_ctr'
[1.746s] INFO:colcon.colcon_core.shell:Skip shell extension 'powershell' for command environment: Not usable outside of PowerShell
[1.746s] DEBUG:colcon.colcon_core.shell:Skip shell extension 'dsv' for command environment
[1.960s] DEBUG:colcon.colcon_core.event_handler.log_command:Invoked command in '/home/robotega/heaven_slam/build/sentry_interface' returned '0': CMAKE_PREFIX_PATH=${CMAKE_PREFIX_PATH}:/home/robotega/heaven_slam/install/serial_setting:/home/robotega/heaven_slam/install/chassis_ctr:/opt/ros/humble /usr/bin/cmake --build /home/robotega/heaven_slam/build/sentry_interface -- -j8 -l8
[1.989s] DEBUG:colcon.colcon_core.event_handler.log_command:Invoking command in '/home/robotega/heaven_slam/build/sentry_interface': CMAKE_PREFIX_PATH=${CMAKE_PREFIX_PATH}:/home/robotega/heaven_slam/install/serial_setting:/home/robotega/heaven_slam/install/chassis_ctr:/opt/ros/humble /usr/bin/cmake --install /home/robotega/heaven_slam/build/sentry_interface
[2.177s] Level 1:colcon.colcon_core.environment:create_environment_scripts_only(sentry_interface)
[2.179s] DEBUG:colcon.colcon_core.event_handler.log_command:Invoked command in '/home/robotega/heaven_slam/build/sentry_interface' returned '0': CMAKE_PREFIX_PATH=${CMAKE_PREFIX_PATH}:/home/robotega/heaven_slam/install/serial_setting:/home/robotega/heaven_slam/install/chassis_ctr:/opt/ros/humble /usr/bin/cmake --install /home/robotega/heaven_slam/build/sentry_interface
[2.187s] Level 1:colcon.colcon_core.environment:checking '/home/robotega/heaven_slam/install/sentry_interface' for CMake module files
[2.190s] Level 1:colcon.colcon_core.environment:checking '/home/robotega/heaven_slam/install/sentry_interface' for CMake config files
[2.191s] Level 1:colcon.colcon_core.shell:create_environment_hook('sentry_interface', 'cmake_prefix_path')
[2.192s] INFO:colcon.colcon_core.shell:Creating environment hook '/home/robotega/heaven_slam/install/sentry_interface/share/sentry_interface/hook/cmake_prefix_path.ps1'
[2.194s] INFO:colcon.colcon_core.shell:Creating environment descriptor '/home/robotega/heaven_slam/install/sentry_interface/share/sentry_interface/hook/cmake_prefix_path.dsv'
[2.194s] INFO:colcon.colcon_core.shell:Creating environment hook '/home/robotega/heaven_slam/install/sentry_interface/share/sentry_interface/hook/cmake_prefix_path.sh'
[2.196s] Level 1:colcon.colcon_core.environment:checking '/home/robotega/heaven_slam/install/sentry_interface/lib'
[2.196s] Level 1:colcon.colcon_core.shell:create_environment_hook('sentry_interface', 'ld_library_path_lib')
[2.197s] INFO:colcon.colcon_core.shell:Creating environment hook '/home/robotega/heaven_slam/install/sentry_interface/share/sentry_interface/hook/ld_library_path_lib.ps1'
[2.198s] INFO:colcon.colcon_core.shell:Creating environment descriptor '/home/robotega/heaven_slam/install/sentry_interface/share/sentry_interface/hook/ld_library_path_lib.dsv'
[2.199s] INFO:colcon.colcon_core.shell:Creating environment hook '/home/robotega/heaven_slam/install/sentry_interface/share/sentry_interface/hook/ld_library_path_lib.sh'
[2.199s] Level 1:colcon.colcon_core.environment:checking '/home/robotega/heaven_slam/install/sentry_interface/bin'
[2.200s] Level 1:colcon.colcon_core.environment:checking '/home/robotega/heaven_slam/install/sentry_interface/lib/pkgconfig/sentry_interface.pc'
[2.200s] Level 1:colcon.colcon_core.environment:checking '/home/robotega/heaven_slam/install/sentry_interface/lib/python3.10/site-packages'
[2.201s] Level 1:colcon.colcon_core.environment:checking '/home/robotega/heaven_slam/install/sentry_interface/bin'
[2.201s] INFO:colcon.colcon_core.shell:Creating package script '/home/robotega/heaven_slam/install/sentry_interface/share/sentry_interface/package.ps1'
[2.203s] INFO:colcon.colcon_core.shell:Creating package descriptor '/home/robotega/heaven_slam/install/sentry_interface/share/sentry_interface/package.dsv'
[2.205s] INFO:colcon.colcon_core.shell:Creating package script '/home/robotega/heaven_slam/install/sentry_interface/share/sentry_interface/package.sh'
[2.207s] INFO:colcon.colcon_core.shell:Creating package script '/home/robotega/heaven_slam/install/sentry_interface/share/sentry_interface/package.bash'
[2.209s] INFO:colcon.colcon_core.shell:Creating package script '/home/robotega/heaven_slam/install/sentry_interface/share/sentry_interface/package.zsh'
[2.210s] Level 1:colcon.colcon_core.environment:create_file_with_runtime_dependencies(/home/robotega/heaven_slam/install/sentry_interface/share/colcon-core/packages/sentry_interface)
[2.212s] Level 1:colcon.colcon_core.environment:create_environment_scripts_only(sentry_interface)
[2.212s] Level 1:colcon.colcon_core.environment:checking '/home/robotega/heaven_slam/install/sentry_interface' for CMake module files
[2.213s] Level 1:colcon.colcon_core.environment:checking '/home/robotega/heaven_slam/install/sentry_interface' for CMake config files
[2.215s] Level 1:colcon.colcon_core.shell:create_environment_hook('sentry_interface', 'cmake_prefix_path')
[2.216s] INFO:colcon.colcon_core.shell:Creating environment hook '/home/robotega/heaven_slam/install/sentry_interface/share/sentry_interface/hook/cmake_prefix_path.ps1'
[2.217s] INFO:colcon.colcon_core.shell:Creating environment descriptor '/home/robotega/heaven_slam/install/sentry_interface/share/sentry_interface/hook/cmake_prefix_path.dsv'
[2.217s] INFO:colcon.colcon_core.shell:Creating environment hook '/home/robotega/heaven_slam/install/sentry_interface/share/sentry_interface/hook/cmake_prefix_path.sh'
[2.218s] Level 1:colcon.colcon_core.environment:checking '/home/robotega/heaven_slam/install/sentry_interface/lib'
[2.219s] Level 1:colcon.colcon_core.shell:create_environment_hook('sentry_interface', 'ld_library_path_lib')
[2.219s] INFO:colcon.colcon_core.shell:Creating environment hook '/home/robotega/heaven_slam/install/sentry_interface/share/sentry_interface/hook/ld_library_path_lib.ps1'
[2.220s] INFO:colcon.colcon_core.shell:Creating environment descriptor '/home/robotega/heaven_slam/install/sentry_interface/share/sentry_interface/hook/ld_library_path_lib.dsv'
[2.221s] INFO:colcon.colcon_core.shell:Creating environment hook '/home/robotega/heaven_slam/install/sentry_interface/share/sentry_interface/hook/ld_library_path_lib.sh'
[2.221s] Level 1:colcon.colcon_core.environment:checking '/home/robotega/heaven_slam/install/sentry_interface/bin'
[2.222s] Level 1:colcon.colcon_core.environment:checking '/home/robotega/heaven_slam/install/sentry_interface/lib/pkgconfig/sentry_interface.pc'
[2.222s] Level 1:colcon.colcon_core.environment:checking '/home/robotega/heaven_slam/install/sentry_interface/lib/python3.10/site-packages'
[2.222s] Level 1:colcon.colcon_core.environment:checking '/home/robotega/heaven_slam/install/sentry_interface/bin'
[2.223s] INFO:colcon.colcon_core.shell:Creating package script '/home/robotega/heaven_slam/install/sentry_interface/share/sentry_interface/package.ps1'
[2.224s] INFO:colcon.colcon_core.shell:Creating package descriptor '/home/robotega/heaven_slam/install/sentry_interface/share/sentry_interface/package.dsv'
[2.225s] INFO:colcon.colcon_core.shell:Creating package script '/home/robotega/heaven_slam/install/sentry_interface/share/sentry_interface/package.sh'
[2.226s] INFO:colcon.colcon_core.shell:Creating package script '/home/robotega/heaven_slam/install/sentry_interface/share/sentry_interface/package.bash'
[2.227s] INFO:colcon.colcon_core.shell:Creating package script '/home/robotega/heaven_slam/install/sentry_interface/share/sentry_interface/package.zsh'
[2.228s] Level 1:colcon.colcon_core.environment:create_file_with_runtime_dependencies(/home/robotega/heaven_slam/install/sentry_interface/share/colcon-core/packages/sentry_interface)
[2.229s] INFO:colcon.colcon_ros.task.ament_python.build:Building ROS package in '/home/robotega/heaven_slam/src/serial_setting' with build type 'ament_python'
[2.229s] Level 1:colcon.colcon_core.shell:create_environment_hook('serial_setting', 'ament_prefix_path')
[2.230s] INFO:colcon.colcon_core.shell:Creating environment hook '/home/robotega/heaven_slam/install/serial_setting/share/serial_setting/hook/ament_prefix_path.ps1'
[2.232s] INFO:colcon.colcon_core.shell:Creating environment descriptor '/home/robotega/heaven_slam/install/serial_setting/share/serial_setting/hook/ament_prefix_path.dsv'
[2.233s] INFO:colcon.colcon_core.shell:Creating environment hook '/home/robotega/heaven_slam/install/serial_setting/share/serial_setting/hook/ament_prefix_path.sh'
[2.234s] INFO:colcon.colcon_core.shell:Skip shell extension 'powershell' for command environment: Not usable outside of PowerShell
[2.234s] DEBUG:colcon.colcon_core.shell:Skip shell extension 'dsv' for command environment
[2.843s] INFO:colcon.colcon_core.task.python.build:Building Python package in '/home/robotega/heaven_slam/src/serial_setting'
[2.844s] INFO:colcon.colcon_core.shell:Skip shell extension 'powershell' for command environment: Not usable outside of PowerShell
[2.844s] DEBUG:colcon.colcon_core.shell:Skip shell extension 'dsv' for command environment
[2.862s] DEBUG:colcon.colcon_core.event_handler.log_command:Invoking command in '/home/robotega/heaven_slam/build/chassis_ctr': PYTHONPATH=/home/robotega/heaven_slam/build/chassis_ctr/prefix_override:/usr/lib/python3/dist-packages/colcon_core/task/python/colcon_distutils_commands:/home/robotega/heaven_slam/install/chassis_ctr/lib/python3.10/site-packages:${PYTHONPATH} /usr/bin/python3 -W ignore:setup.py install is deprecated -W ignore:easy_install command is deprecated setup.py develop --editable --build-directory /home/robotega/heaven_slam/build/chassis_ctr/build --no-deps symlink_data
[3.633s] DEBUG:colcon.colcon_core.event_handler.log_command:Invoking command in '/home/robotega/heaven_slam/build/serial_setting': PYTHONPATH=/home/robotega/heaven_slam/build/serial_setting/prefix_override:/usr/lib/python3/dist-packages/colcon_core/task/python/colcon_distutils_commands:/home/robotega/heaven_slam/install/serial_setting/lib/python3.10/site-packages:${PYTHONPATH} /usr/bin/python3 -W ignore:setup.py install is deprecated -W ignore:easy_install command is deprecated setup.py develop --editable --build-directory /home/robotega/heaven_slam/build/serial_setting/build --no-deps symlink_data
[3.923s] Level 1:colcon.colcon_core.shell:create_environment_hook('chassis_ctr', 'pythonpath_develop')
[3.924s] INFO:colcon.colcon_core.shell:Creating environment hook '/home/robotega/heaven_slam/build/chassis_ctr/share/chassis_ctr/hook/pythonpath_develop.ps1'
[3.926s] DEBUG:colcon.colcon_core.event_handler.log_command:Invoked command in '/home/robotega/heaven_slam/build/chassis_ctr' returned '0': PYTHONPATH=/home/robotega/heaven_slam/build/chassis_ctr/prefix_override:/usr/lib/python3/dist-packages/colcon_core/task/python/colcon_distutils_commands:/home/robotega/heaven_slam/install/chassis_ctr/lib/python3.10/site-packages:${PYTHONPATH} /usr/bin/python3 -W ignore:setup.py install is deprecated -W ignore:easy_install command is deprecated setup.py develop --editable --build-directory /home/robotega/heaven_slam/build/chassis_ctr/build --no-deps symlink_data
[3.927s] INFO:colcon.colcon_core.shell:Creating environment descriptor '/home/robotega/heaven_slam/build/chassis_ctr/share/chassis_ctr/hook/pythonpath_develop.dsv'
[3.929s] INFO:colcon.colcon_core.shell:Creating environment hook '/home/robotega/heaven_slam/build/chassis_ctr/share/chassis_ctr/hook/pythonpath_develop.sh'
[3.931s] Level 1:colcon.colcon_core.environment:checking '/home/robotega/heaven_slam/install/chassis_ctr' for CMake module files
[3.933s] Level 1:colcon.colcon_core.environment:checking '/home/robotega/heaven_slam/install/chassis_ctr' for CMake config files
[3.934s] Level 1:colcon.colcon_core.environment:checking '/home/robotega/heaven_slam/install/chassis_ctr/lib'
[3.935s] Level 1:colcon.colcon_core.environment:checking '/home/robotega/heaven_slam/install/chassis_ctr/bin'
[3.935s] Level 1:colcon.colcon_core.environment:checking '/home/robotega/heaven_slam/install/chassis_ctr/lib/pkgconfig/chassis_ctr.pc'
[3.936s] Level 1:colcon.colcon_core.environment:checking '/home/robotega/heaven_slam/install/chassis_ctr/lib/python3.10/site-packages'
[3.936s] Level 1:colcon.colcon_core.shell:create_environment_hook('chassis_ctr', 'pythonpath')
[3.937s] INFO:colcon.colcon_core.shell:Creating environment hook '/home/robotega/heaven_slam/install/chassis_ctr/share/chassis_ctr/hook/pythonpath.ps1'
[3.938s] INFO:colcon.colcon_core.shell:Creating environment descriptor '/home/robotega/heaven_slam/install/chassis_ctr/share/chassis_ctr/hook/pythonpath.dsv'
[3.940s] INFO:colcon.colcon_core.shell:Creating environment hook '/home/robotega/heaven_slam/install/chassis_ctr/share/chassis_ctr/hook/pythonpath.sh'
[3.942s] Level 1:colcon.colcon_core.environment:checking '/home/robotega/heaven_slam/install/chassis_ctr/bin'
[3.942s] Level 1:colcon.colcon_core.environment:create_environment_scripts_only(chassis_ctr)
[3.943s] INFO:colcon.colcon_core.shell:Creating package script '/home/robotega/heaven_slam/install/chassis_ctr/share/chassis_ctr/package.ps1'
[3.946s] INFO:colcon.colcon_core.shell:Creating package descriptor '/home/robotega/heaven_slam/install/chassis_ctr/share/chassis_ctr/package.dsv'
[3.947s] INFO:colcon.colcon_core.shell:Creating package script '/home/robotega/heaven_slam/install/chassis_ctr/share/chassis_ctr/package.sh'
[3.949s] INFO:colcon.colcon_core.shell:Creating package script '/home/robotega/heaven_slam/install/chassis_ctr/share/chassis_ctr/package.bash'
[3.950s] INFO:colcon.colcon_core.shell:Creating package script '/home/robotega/heaven_slam/install/chassis_ctr/share/chassis_ctr/package.zsh'
[3.952s] Level 1:colcon.colcon_core.environment:create_file_with_runtime_dependencies(/home/robotega/heaven_slam/install/chassis_ctr/share/colcon-core/packages/chassis_ctr)
[4.681s] Level 1:colcon.colcon_core.shell:create_environment_hook('serial_setting', 'pythonpath_develop')
[4.683s] INFO:colcon.colcon_core.shell:Creating environment hook '/home/robotega/heaven_slam/build/serial_setting/share/serial_setting/hook/pythonpath_develop.ps1'
[4.684s] DEBUG:colcon.colcon_core.event_handler.log_command:Invoked command in '/home/robotega/heaven_slam/build/serial_setting' returned '0': PYTHONPATH=/home/robotega/heaven_slam/build/serial_setting/prefix_override:/usr/lib/python3/dist-packages/colcon_core/task/python/colcon_distutils_commands:/home/robotega/heaven_slam/install/serial_setting/lib/python3.10/site-packages:${PYTHONPATH} /usr/bin/python3 -W ignore:setup.py install is deprecated -W ignore:easy_install command is deprecated setup.py develop --editable --build-directory /home/robotega/heaven_slam/build/serial_setting/build --no-deps symlink_data
[4.686s] INFO:colcon.colcon_core.shell:Creating environment descriptor '/home/robotega/heaven_slam/build/serial_setting/share/serial_setting/hook/pythonpath_develop.dsv'
[4.687s] INFO:colcon.colcon_core.shell:Creating environment hook '/home/robotega/heaven_slam/build/serial_setting/share/serial_setting/hook/pythonpath_develop.sh'
[4.691s] Level 1:colcon.colcon_core.environment:checking '/home/robotega/heaven_slam/install/serial_setting' for CMake module files
[4.692s] Level 1:colcon.colcon_core.environment:checking '/home/robotega/heaven_slam/install/serial_setting' for CMake config files
[4.694s] Level 1:colcon.colcon_core.environment:checking '/home/robotega/heaven_slam/install/serial_setting/lib'
[4.694s] Level 1:colcon.colcon_core.environment:checking '/home/robotega/heaven_slam/install/serial_setting/bin'
[4.695s] Level 1:colcon.colcon_core.environment:checking '/home/robotega/heaven_slam/install/serial_setting/lib/pkgconfig/serial_setting.pc'
[4.696s] Level 1:colcon.colcon_core.environment:checking '/home/robotega/heaven_slam/install/serial_setting/lib/python3.10/site-packages'
[4.696s] Level 1:colcon.colcon_core.shell:create_environment_hook('serial_setting', 'pythonpath')
[4.697s] INFO:colcon.colcon_core.shell:Creating environment hook '/home/robotega/heaven_slam/install/serial_setting/share/serial_setting/hook/pythonpath.ps1'
[4.698s] INFO:colcon.colcon_core.shell:Creating environment descriptor '/home/robotega/heaven_slam/install/serial_setting/share/serial_setting/hook/pythonpath.dsv'
[4.699s] INFO:colcon.colcon_core.shell:Creating environment hook '/home/robotega/heaven_slam/install/serial_setting/share/serial_setting/hook/pythonpath.sh'
[4.702s] Level 1:colcon.colcon_core.environment:checking '/home/robotega/heaven_slam/install/serial_setting/bin'
[4.702s] Level 1:colcon.colcon_core.environment:create_environment_scripts_only(serial_setting)
[4.703s] INFO:colcon.colcon_core.shell:Creating package script '/home/robotega/heaven_slam/install/serial_setting/share/serial_setting/package.ps1'
[4.705s] INFO:colcon.colcon_core.shell:Creating package descriptor '/home/robotega/heaven_slam/install/serial_setting/share/serial_setting/package.dsv'
[4.707s] INFO:colcon.colcon_core.shell:Creating package script '/home/robotega/heaven_slam/install/serial_setting/share/serial_setting/package.sh'
[4.709s] INFO:colcon.colcon_core.shell:Creating package script '/home/robotega/heaven_slam/install/serial_setting/share/serial_setting/package.bash'
[4.710s] INFO:colcon.colcon_core.shell:Creating package script '/home/robotega/heaven_slam/install/serial_setting/share/serial_setting/package.zsh'
[4.711s] Level 1:colcon.colcon_core.environment:create_file_with_runtime_dependencies(/home/robotega/heaven_slam/install/serial_setting/share/colcon-core/packages/serial_setting)
[4.712s] DEBUG:colcon.colcon_parallel_executor.executor.parallel:closing loop
[4.713s] DEBUG:colcon.colcon_parallel_executor.executor.parallel:loop closed
[4.714s] DEBUG:colcon.colcon_parallel_executor.executor.parallel:run_until_complete finished with '0'
[4.714s] DEBUG:colcon.colcon_core.event_reactor:joining thread
[4.736s] INFO:colcon.colcon_core.plugin_system:Skipping extension 'colcon_notification.desktop_notification.terminal_notifier': Not used on non-Darwin systems
[4.736s] INFO:colcon.colcon_core.plugin_system:Skipping extension 'colcon_notification.desktop_notification.win32': Not used on non-Windows systems
[4.736s] INFO:colcon.colcon_notification.desktop_notification:Sending desktop notification using 'notify2'
[4.773s] DEBUG:colcon.colcon_core.event_reactor:joined thread
[4.774s] INFO:colcon.colcon_core.shell:Creating prefix script '/home/robotega/heaven_slam/install/local_setup.ps1'
[4.776s] INFO:colcon.colcon_core.shell:Creating prefix util module '/home/robotega/heaven_slam/install/_local_setup_util_ps1.py'
[4.781s] INFO:colcon.colcon_core.shell:Creating prefix chain script '/home/robotega/heaven_slam/install/setup.ps1'
[4.785s] INFO:colcon.colcon_core.shell:Creating prefix script '/home/robotega/heaven_slam/install/local_setup.sh'
[4.786s] INFO:colcon.colcon_core.shell:Creating prefix util module '/home/robotega/heaven_slam/install/_local_setup_util_sh.py'
[4.787s] INFO:colcon.colcon_core.shell:Creating prefix chain script '/home/robotega/heaven_slam/install/setup.sh'
[4.791s] INFO:colcon.colcon_core.shell:Creating prefix script '/home/robotega/heaven_slam/install/local_setup.bash'
[4.792s] INFO:colcon.colcon_core.shell:Creating prefix chain script '/home/robotega/heaven_slam/install/setup.bash'
[4.796s] INFO:colcon.colcon_core.shell:Creating prefix script '/home/robotega/heaven_slam/install/local_setup.zsh'
[4.797s] INFO:colcon.colcon_core.shell:Creating prefix chain script '/home/robotega/heaven_slam/install/setup.zsh'
