[1.383s] Invoking command in '/home/robotega/heaven_slam/build/chassis_ctr': PYTHONPATH=/home/robotega/heaven_slam/build/chassis_ctr/prefix_override:/usr/lib/python3/dist-packages/colcon_core/task/python/colcon_distutils_commands:/home/robotega/heaven_slam/install/chassis_ctr/lib/python3.10/site-packages:${PYTHONPATH} /usr/bin/python3 -W ignore:setup.py install is deprecated -W ignore:easy_install command is deprecated setup.py develop --editable --build-directory /home/robotega/heaven_slam/build/chassis_ctr/build --no-deps symlink_data
[1.951s] running develop
[2.307s] running egg_info
[2.308s] writing chassis_ctr.egg-info/PKG-INFO
[2.308s] writing dependency_links to chassis_ctr.egg-info/dependency_links.txt
[2.309s] writing entry points to chassis_ctr.egg-info/entry_points.txt
[2.309s] writing requirements to chassis_ctr.egg-info/requires.txt
[2.309s] writing top-level names to chassis_ctr.egg-info/top_level.txt
[2.314s] reading manifest file 'chassis_ctr.egg-info/SOURCES.txt'
[2.316s] writing manifest file 'chassis_ctr.egg-info/SOURCES.txt'
[2.319s] running build_ext
[2.319s] Creating /home/robotega/heaven_slam/install/chassis_ctr/lib/python3.10/site-packages/chassis-ctr.egg-link (link to .)
[2.321s] Installing chassis_ctr_test_node script to /home/robotega/heaven_slam/install/chassis_ctr/lib/chassis_ctr
[2.321s] Installing cmd_vel_converter script to /home/robotega/heaven_slam/install/chassis_ctr/lib/chassis_ctr
[2.322s] Installing go_to_pose script to /home/robotega/heaven_slam/install/chassis_ctr/lib/chassis_ctr
[2.322s] Installing heaven_nav_client script to /home/robotega/heaven_slam/install/chassis_ctr/lib/chassis_ctr
[2.322s] Installing initial_pose_publisher script to /home/robotega/heaven_slam/install/chassis_ctr/lib/chassis_ctr
[2.322s] Installing sentry_ctr script to /home/robotega/heaven_slam/install/chassis_ctr/lib/chassis_ctr
[2.322s] Installing vel_test_node script to /home/robotega/heaven_slam/install/chassis_ctr/lib/chassis_ctr
[2.323s] 
[2.323s] Installed /home/robotega/heaven_slam/build/chassis_ctr
[2.323s] running symlink_data
[2.407s] Invoked command in '/home/robotega/heaven_slam/build/chassis_ctr' returned '0': PYTHONPATH=/home/robotega/heaven_slam/build/chassis_ctr/prefix_override:/usr/lib/python3/dist-packages/colcon_core/task/python/colcon_distutils_commands:/home/robotega/heaven_slam/install/chassis_ctr/lib/python3.10/site-packages:${PYTHONPATH} /usr/bin/python3 -W ignore:setup.py install is deprecated -W ignore:easy_install command is deprecated setup.py develop --editable --build-directory /home/robotega/heaven_slam/build/chassis_ctr/build --no-deps symlink_data
