[1.405s] Invoking command in '/home/robotega/heaven_slam/build/chassis_ctr': PYTHONPATH=/home/robotega/heaven_slam/build/chassis_ctr/prefix_override:/usr/lib/python3/dist-packages/colcon_core/task/python/colcon_distutils_commands:/home/robotega/heaven_slam/install/chassis_ctr/lib/python3.10/site-packages:${PYTHONPATH} /usr/bin/python3 -W ignore:setup.py install is deprecated -W ignore:easy_install command is deprecated setup.py develop --editable --build-directory /home/robotega/heaven_slam/build/chassis_ctr/build --no-deps symlink_data
[1.974s] running develop
[2.339s] running egg_info
[2.340s] writing chassis_ctr.egg-info/PKG-INFO
[2.340s] writing dependency_links to chassis_ctr.egg-info/dependency_links.txt
[2.341s] writing entry points to chassis_ctr.egg-info/entry_points.txt
[2.341s] writing requirements to chassis_ctr.egg-info/requires.txt
[2.341s] writing top-level names to chassis_ctr.egg-info/top_level.txt
[2.346s] reading manifest file 'chassis_ctr.egg-info/SOURCES.txt'
[2.349s] writing manifest file 'chassis_ctr.egg-info/SOURCES.txt'
[2.353s] running build_ext
[2.355s] Creating /home/robotega/heaven_slam/install/chassis_ctr/lib/python3.10/site-packages/chassis-ctr.egg-link (link to .)
[2.355s] Installing chassis_ctr_test_node script to /home/robotega/heaven_slam/install/chassis_ctr/lib/chassis_ctr
[2.355s] Installing cmd_vel_converter script to /home/robotega/heaven_slam/install/chassis_ctr/lib/chassis_ctr
[2.356s] Installing go_to_pose script to /home/robotega/heaven_slam/install/chassis_ctr/lib/chassis_ctr
[2.356s] Installing heaven_nav_client script to /home/robotega/heaven_slam/install/chassis_ctr/lib/chassis_ctr
[2.356s] Installing sentry_ctr script to /home/robotega/heaven_slam/install/chassis_ctr/lib/chassis_ctr
[2.356s] Installing vel_test_node script to /home/robotega/heaven_slam/install/chassis_ctr/lib/chassis_ctr
[2.357s] 
[2.357s] Installed /home/robotega/heaven_slam/build/chassis_ctr
[2.358s] running symlink_data
[2.445s] Invoked command in '/home/robotega/heaven_slam/build/chassis_ctr' returned '0': PYTHONPATH=/home/robotega/heaven_slam/build/chassis_ctr/prefix_override:/usr/lib/python3/dist-packages/colcon_core/task/python/colcon_distutils_commands:/home/robotega/heaven_slam/install/chassis_ctr/lib/python3.10/site-packages:${PYTHONPATH} /usr/bin/python3 -W ignore:setup.py install is deprecated -W ignore:easy_install command is deprecated setup.py develop --editable --build-directory /home/robotega/heaven_slam/build/chassis_ctr/build --no-deps symlink_data
