[0.044s] Invoking command in '/home/robotega/heaven_slam/build/sentry_interface': CMAKE_PREFIX_PATH=${CMAKE_PREFIX_PATH}:/home/robotega/heaven_slam/install/serial_setting:/home/robotega/heaven_slam/install/chassis_ctr:/opt/ros/humble /usr/bin/cmake --build /home/robotega/heaven_slam/build/sentry_interface -- -j8 -l8
[0.140s] -- Found ament_cmake: 1.3.11 (/opt/ros/humble/share/ament_cmake/cmake)
[0.424s] -- Override CMake install command with custom implementation using symlinks instead of copying resources
[0.449s] -- Found rosidl_default_generators: 1.2.0 (/opt/ros/humble/share/rosidl_default_generators/cmake)
[0.458s] -- Using all available rosidl_typesupport_c: rosidl_typesupport_fastrtps_c;rosidl_typesupport_introspection_c
[0.464s] -- Found rosidl_adapter: 3.1.6 (/opt/ros/humble/share/rosidl_adapter/cmake)
[0.533s] -- Using all available rosidl_typesupport_cpp: rosidl_typesupport_fastrtps_cpp;rosidl_typesupport_introspection_cpp
[0.589s] -- Found geometry_msgs: 4.2.4 (/opt/ros/humble/share/geometry_msgs/cmake)
[1.390s] -- Found ament_cmake_ros: 0.10.0 (/opt/ros/humble/share/ament_cmake_ros/cmake)
[1.867s] -- Using all available rosidl_typesupport_c: rosidl_typesupport_fastrtps_c;rosidl_typesupport_introspection_c
[2.459s] -- Using all available rosidl_typesupport_cpp: rosidl_typesupport_fastrtps_cpp;rosidl_typesupport_introspection_cpp
[2.516s] -- Found python_cmake_module: 0.10.0 (/opt/ros/humble/share/python_cmake_module/cmake)
[2.577s] -- Using PYTHON_EXECUTABLE: /usr/bin/python3
[2.577s] -- Using PYTHON_INCLUDE_DIRS: /usr/include/python3.10
[2.577s] -- Using PYTHON_LIBRARIES: /usr/lib/aarch64-linux-gnu/libpython3.10.so
[2.664s] -- Found ament_lint_auto: 0.12.11 (/opt/ros/humble/share/ament_lint_auto/cmake)
[2.702s] -- Added test 'lint_cmake' to check CMake code style
[2.704s] -- Added test 'xmllint' to check XML markup files
[2.713s] -- Configuring done
[2.819s] -- Generating done
[2.844s] -- Build files have been written to: /home/robotega/heaven_slam/build/sentry_interface
[2.929s] [  2%] [34m[1mGenerating C++ code for ROS interfaces[0m
[4.600s] [  2%] Built target sentry_interface__cpp
[4.664s] [  2%] Built target ament_cmake_python_symlink_sentry_interface
[4.694s] [  4%] [34m[1mGenerating C++ introspection for ROS interfaces[0m
[5.915s] [35m[1mConsolidate compiler generated dependencies of target sentry_interface__rosidl_typesupport_introspection_cpp[0m
[5.953s] [  6%] [32mBuilding CXX object CMakeFiles/sentry_interface__rosidl_typesupport_introspection_cpp.dir/rosidl_typesupport_introspection_cpp/sentry_interface/msg/detail/sentry_status__type_support.cpp.o[0m
[6.830s] [  8%] [32mBuilding CXX object CMakeFiles/sentry_interface__rosidl_typesupport_introspection_cpp.dir/rosidl_typesupport_introspection_cpp/sentry_interface/msg/detail/sentry_vel__type_support.cpp.o[0m
[7.646s] [ 10%] [32mBuilding CXX object CMakeFiles/sentry_interface__rosidl_typesupport_introspection_cpp.dir/rosidl_typesupport_introspection_cpp/sentry_interface/action/detail/action_control__type_support.cpp.o[0m
[8.963s] [ 12%] [32m[1mLinking CXX shared library libsentry_interface__rosidl_typesupport_introspection_cpp.so[0m
[9.126s] [ 12%] Built target sentry_interface__rosidl_typesupport_introspection_cpp
[9.715s] running egg_info
[9.716s] writing sentry_interface.egg-info/PKG-INFO
[9.717s] writing dependency_links to sentry_interface.egg-info/dependency_links.txt
[9.717s] writing top-level names to sentry_interface.egg-info/top_level.txt
[9.722s] reading manifest file 'sentry_interface.egg-info/SOURCES.txt'
[9.724s] writing manifest file 'sentry_interface.egg-info/SOURCES.txt'
[9.802s] [ 12%] Built target ament_cmake_python_build_sentry_interface_egg
[9.825s] [ 14%] [34m[1mGenerating C++ type support for eProsima Fast-RTPS[0m
[11.195s] [35m[1mConsolidate compiler generated dependencies of target sentry_interface__rosidl_typesupport_fastrtps_cpp[0m
[11.229s] [ 19%] [32mBuilding CXX object CMakeFiles/sentry_interface__rosidl_typesupport_fastrtps_cpp.dir/rosidl_typesupport_fastrtps_cpp/sentry_interface/action/detail/dds_fastrtps/action_control__type_support.cpp.o[0m
[11.229s] [ 19%] [32mBuilding CXX object CMakeFiles/sentry_interface__rosidl_typesupport_fastrtps_cpp.dir/rosidl_typesupport_fastrtps_cpp/sentry_interface/msg/detail/dds_fastrtps/sentry_status__type_support.cpp.o[0m
[12.102s] [ 21%] [32mBuilding CXX object CMakeFiles/sentry_interface__rosidl_typesupport_fastrtps_cpp.dir/rosidl_typesupport_fastrtps_cpp/sentry_interface/msg/detail/dds_fastrtps/sentry_vel__type_support.cpp.o[0m
[12.935s] [ 23%] [32m[1mLinking CXX shared library libsentry_interface__rosidl_typesupport_fastrtps_cpp.so[0m
[13.090s] [ 23%] Built target sentry_interface__rosidl_typesupport_fastrtps_cpp
[13.114s] [ 25%] [34m[1mGenerating C code for ROS interfaces[0m
[13.115s] [ 27%] [34m[1mGenerating C++ type support dispatch for ROS interfaces[0m
[14.159s] [35m[1mConsolidate compiler generated dependencies of target sentry_interface__rosidl_typesupport_cpp[0m
[14.191s] [ 31%] [32mBuilding CXX object CMakeFiles/sentry_interface__rosidl_typesupport_cpp.dir/rosidl_typesupport_cpp/sentry_interface/action/action_control__type_support.cpp.o[0m
[14.191s] [ 31%] [32mBuilding CXX object CMakeFiles/sentry_interface__rosidl_typesupport_cpp.dir/rosidl_typesupport_cpp/sentry_interface/msg/sentry_status__type_support.cpp.o[0m
[14.777s] [35m[1mConsolidate compiler generated dependencies of target sentry_interface__rosidl_generator_c[0m
[14.786s] [ 34%] [32mBuilding CXX object CMakeFiles/sentry_interface__rosidl_typesupport_cpp.dir/rosidl_typesupport_cpp/sentry_interface/msg/sentry_vel__type_support.cpp.o[0m
[14.806s] [ 38%] [32mBuilding C object CMakeFiles/sentry_interface__rosidl_generator_c.dir/rosidl_generator_c/sentry_interface/msg/detail/sentry_status__functions.c.o[0m
[14.806s] [ 38%] [32mBuilding C object CMakeFiles/sentry_interface__rosidl_generator_c.dir/rosidl_generator_c/sentry_interface/action/detail/action_control__functions.c.o[0m
[14.980s] [ 40%] [32mBuilding C object CMakeFiles/sentry_interface__rosidl_generator_c.dir/rosidl_generator_c/sentry_interface/msg/detail/sentry_vel__functions.c.o[0m
[15.156s] [ 42%] [32m[1mLinking C shared library libsentry_interface__rosidl_generator_c.so[0m
[15.240s] [ 42%] Built target sentry_interface__rosidl_generator_c
[15.264s] [ 44%] [34m[1mGenerating C type support for eProsima Fast-RTPS[0m
[15.379s] [ 46%] [32m[1mLinking CXX shared library libsentry_interface__rosidl_typesupport_cpp.so[0m
[15.460s] [ 46%] Built target sentry_interface__rosidl_typesupport_cpp
[15.483s] [ 51%] [34m[1mGenerating C introspection for ROS interfaces[0m
[15.483s] [ 51%] [34m[1mGenerating C type support dispatch for ROS interfaces[0m
[16.508s] [35m[1mConsolidate compiler generated dependencies of target sentry_interface__rosidl_typesupport_c[0m
[16.534s] [ 53%] [32mBuilding CXX object CMakeFiles/sentry_interface__rosidl_typesupport_c.dir/rosidl_typesupport_c/sentry_interface/msg/sentry_status__type_support.cpp.o[0m
[16.535s] [ 57%] [32mBuilding CXX object CMakeFiles/sentry_interface__rosidl_typesupport_c.dir/rosidl_typesupport_c/sentry_interface/msg/sentry_vel__type_support.cpp.o[0m
[16.535s] [ 57%] [32mBuilding CXX object CMakeFiles/sentry_interface__rosidl_typesupport_c.dir/rosidl_typesupport_c/sentry_interface/action/action_control__type_support.cpp.o[0m
[16.558s] [35m[1mConsolidate compiler generated dependencies of target sentry_interface__rosidl_typesupport_fastrtps_c[0m
[16.592s] [ 61%] [32mBuilding CXX object CMakeFiles/sentry_interface__rosidl_typesupport_fastrtps_c.dir/rosidl_typesupport_fastrtps_c/sentry_interface/msg/detail/sentry_status__type_support_c.cpp.o[0m
[16.592s] [ 61%] [32mBuilding CXX object CMakeFiles/sentry_interface__rosidl_typesupport_fastrtps_c.dir/rosidl_typesupport_fastrtps_c/sentry_interface/action/detail/action_control__type_support_c.cpp.o[0m
[16.592s] [ 63%] [32mBuilding CXX object CMakeFiles/sentry_interface__rosidl_typesupport_fastrtps_c.dir/rosidl_typesupport_fastrtps_c/sentry_interface/msg/detail/sentry_vel__type_support_c.cpp.o[0m
[16.655s] [ 65%] [32m[1mLinking CXX shared library libsentry_interface__rosidl_typesupport_c.so[0m
[16.736s] [35m[1mConsolidate compiler generated dependencies of target sentry_interface__rosidl_typesupport_introspection_c[0m
[16.748s] [ 65%] Built target sentry_interface__rosidl_typesupport_c
[16.763s] [ 70%] [32mBuilding C object CMakeFiles/sentry_interface__rosidl_typesupport_introspection_c.dir/rosidl_typesupport_introspection_c/sentry_interface/msg/detail/sentry_status__type_support.c.o[0m
[16.763s] [ 70%] [32mBuilding C object CMakeFiles/sentry_interface__rosidl_typesupport_introspection_c.dir/rosidl_typesupport_introspection_c/sentry_interface/action/detail/action_control__type_support.c.o[0m
[16.763s] [ 72%] [32mBuilding C object CMakeFiles/sentry_interface__rosidl_typesupport_introspection_c.dir/rosidl_typesupport_introspection_c/sentry_interface/msg/detail/sentry_vel__type_support.c.o[0m
[16.887s] [ 74%] [32m[1mLinking C shared library libsentry_interface__rosidl_typesupport_introspection_c.so[0m
[16.960s] [ 74%] Built target sentry_interface__rosidl_typesupport_introspection_c
[17.486s] [ 76%] [32m[1mLinking CXX shared library libsentry_interface__rosidl_typesupport_fastrtps_c.so[0m
[17.647s] [ 76%] Built target sentry_interface__rosidl_typesupport_fastrtps_c
[17.695s] [ 76%] Built target sentry_interface
[17.743s] [ 78%] [34m[1mGenerating Python code for ROS interfaces[0m
[20.293s] [ 78%] Built target sentry_interface__py
[20.319s] [35m[1mConsolidate compiler generated dependencies of target sentry_interface__rosidl_generator_py[0m
[20.356s] [ 85%] [32mBuilding C object CMakeFiles/sentry_interface__rosidl_generator_py.dir/rosidl_generator_py/sentry_interface/action/_action_control_s.c.o[0m
[20.357s] [ 85%] [32mBuilding C object CMakeFiles/sentry_interface__rosidl_generator_py.dir/rosidl_generator_py/sentry_interface/msg/_sentry_vel_s.c.o[0m
[20.357s] [ 85%] [32mBuilding C object CMakeFiles/sentry_interface__rosidl_generator_py.dir/rosidl_generator_py/sentry_interface/msg/_sentry_status_s.c.o[0m
[20.733s] [ 87%] [32m[1mLinking C shared library rosidl_generator_py/sentry_interface/libsentry_interface__rosidl_generator_py.so[0m
[20.821s] [ 87%] Built target sentry_interface__rosidl_generator_py
[20.846s] [35m[1mConsolidate compiler generated dependencies of target sentry_interface__rosidl_typesupport_fastrtps_c__pyext[0m
[20.846s] [35m[1mConsolidate compiler generated dependencies of target sentry_interface__rosidl_typesupport_introspection_c__pyext[0m
[20.846s] [35m[1mConsolidate compiler generated dependencies of target sentry_interface__rosidl_typesupport_c__pyext[0m
[20.876s] [ 93%] [32mBuilding C object CMakeFiles/sentry_interface__rosidl_typesupport_fastrtps_c__pyext.dir/rosidl_generator_py/sentry_interface/_sentry_interface_s.ep.rosidl_typesupport_fastrtps_c.c.o[0m
[20.876s] [ 93%] [32mBuilding C object CMakeFiles/sentry_interface__rosidl_typesupport_c__pyext.dir/rosidl_generator_py/sentry_interface/_sentry_interface_s.ep.rosidl_typesupport_c.c.o[0m
[20.877s] [ 93%] [32mBuilding C object CMakeFiles/sentry_interface__rosidl_typesupport_introspection_c__pyext.dir/rosidl_generator_py/sentry_interface/_sentry_interface_s.ep.rosidl_typesupport_introspection_c.c.o[0m
[21.145s] [ 95%] [32m[1mLinking C shared library rosidl_generator_py/sentry_interface/sentry_interface_s__rosidl_typesupport_introspection_c.cpython-310-aarch64-linux-gnu.so[0m
[21.146s] [ 97%] [32m[1mLinking C shared library rosidl_generator_py/sentry_interface/sentry_interface_s__rosidl_typesupport_c.cpython-310-aarch64-linux-gnu.so[0m
[21.153s] [100%] [32m[1mLinking C shared library rosidl_generator_py/sentry_interface/sentry_interface_s__rosidl_typesupport_fastrtps_c.cpython-310-aarch64-linux-gnu.so[0m
[21.234s] [100%] Built target sentry_interface__rosidl_typesupport_c__pyext
[21.234s] [100%] Built target sentry_interface__rosidl_typesupport_introspection_c__pyext
[21.252s] [100%] Built target sentry_interface__rosidl_typesupport_fastrtps_c__pyext
[21.281s] Invoked command in '/home/robotega/heaven_slam/build/sentry_interface' returned '0': CMAKE_PREFIX_PATH=${CMAKE_PREFIX_PATH}:/home/robotega/heaven_slam/install/serial_setting:/home/robotega/heaven_slam/install/chassis_ctr:/opt/ros/humble /usr/bin/cmake --build /home/robotega/heaven_slam/build/sentry_interface -- -j8 -l8
[21.307s] Invoking command in '/home/robotega/heaven_slam/build/sentry_interface': CMAKE_PREFIX_PATH=${CMAKE_PREFIX_PATH}:/home/robotega/heaven_slam/install/serial_setting:/home/robotega/heaven_slam/install/chassis_ctr:/opt/ros/humble /usr/bin/cmake --install /home/robotega/heaven_slam/build/sentry_interface
[21.326s] -- Install configuration: ""
[21.327s] -- Execute custom install script
[21.329s] -- Up-to-date symlink: /home/robotega/heaven_slam/install/sentry_interface/share/ament_index/resource_index/rosidl_interfaces/sentry_interface
[21.331s] -- Up-to-date symlink: /home/robotega/heaven_slam/install/sentry_interface/include/sentry_interface/sentry_interface/action/action_control.h
[21.331s] -- Up-to-date symlink: /home/robotega/heaven_slam/install/sentry_interface/include/sentry_interface/sentry_interface/action/detail/action_control__functions.h
[21.331s] -- Up-to-date symlink: /home/robotega/heaven_slam/install/sentry_interface/include/sentry_interface/sentry_interface/action/detail/action_control__struct.h
[21.332s] -- Up-to-date symlink: /home/robotega/heaven_slam/install/sentry_interface/include/sentry_interface/sentry_interface/action/detail/action_control__type_support.h
[21.332s] -- Up-to-date symlink: /home/robotega/heaven_slam/install/sentry_interface/include/sentry_interface/sentry_interface/msg/detail/sentry_status__functions.h
[21.333s] -- Up-to-date symlink: /home/robotega/heaven_slam/install/sentry_interface/include/sentry_interface/sentry_interface/msg/detail/sentry_status__struct.h
[21.333s] -- Up-to-date symlink: /home/robotega/heaven_slam/install/sentry_interface/include/sentry_interface/sentry_interface/msg/detail/sentry_status__type_support.h
[21.334s] -- Up-to-date symlink: /home/robotega/heaven_slam/install/sentry_interface/include/sentry_interface/sentry_interface/msg/detail/sentry_vel__functions.h
[21.334s] -- Up-to-date symlink: /home/robotega/heaven_slam/install/sentry_interface/include/sentry_interface/sentry_interface/msg/detail/sentry_vel__struct.h
[21.335s] -- Up-to-date symlink: /home/robotega/heaven_slam/install/sentry_interface/include/sentry_interface/sentry_interface/msg/detail/sentry_vel__type_support.h
[21.335s] -- Up-to-date symlink: /home/robotega/heaven_slam/install/sentry_interface/include/sentry_interface/sentry_interface/msg/rosidl_generator_c__visibility_control.h
[21.335s] -- Up-to-date symlink: /home/robotega/heaven_slam/install/sentry_interface/include/sentry_interface/sentry_interface/msg/sentry_status.h
[21.336s] -- Up-to-date symlink: /home/robotega/heaven_slam/install/sentry_interface/include/sentry_interface/sentry_interface/msg/sentry_vel.h
[21.336s] -- Up-to-date symlink: /home/robotega/heaven_slam/install/sentry_interface/share/sentry_interface/environment/library_path.sh
[21.336s] -- Up-to-date symlink: /home/robotega/heaven_slam/install/sentry_interface/share/sentry_interface/environment/library_path.dsv
[21.337s] -- Up-to-date symlink: /home/robotega/heaven_slam/install/sentry_interface/include/sentry_interface/sentry_interface/action/detail/action_control__rosidl_typesupport_fastrtps_c.h
[21.338s] -- Up-to-date symlink: /home/robotega/heaven_slam/install/sentry_interface/include/sentry_interface/sentry_interface/msg/detail/sentry_status__rosidl_typesupport_fastrtps_c.h
[21.338s] -- Up-to-date symlink: /home/robotega/heaven_slam/install/sentry_interface/include/sentry_interface/sentry_interface/msg/detail/sentry_vel__rosidl_typesupport_fastrtps_c.h
[21.338s] -- Up-to-date symlink: /home/robotega/heaven_slam/install/sentry_interface/include/sentry_interface/sentry_interface/msg/rosidl_typesupport_fastrtps_c__visibility_control.h
[21.339s] -- Up-to-date symlink: /home/robotega/heaven_slam/install/sentry_interface/include/sentry_interface/sentry_interface/action/detail/action_control__rosidl_typesupport_introspection_c.h
[21.340s] -- Up-to-date symlink: /home/robotega/heaven_slam/install/sentry_interface/include/sentry_interface/sentry_interface/msg/detail/sentry_status__rosidl_typesupport_introspection_c.h
[21.340s] -- Up-to-date symlink: /home/robotega/heaven_slam/install/sentry_interface/include/sentry_interface/sentry_interface/msg/detail/sentry_vel__rosidl_typesupport_introspection_c.h
[21.340s] -- Up-to-date symlink: /home/robotega/heaven_slam/install/sentry_interface/include/sentry_interface/sentry_interface/msg/rosidl_typesupport_introspection_c__visibility_control.h
[21.341s] -- Up-to-date symlink: /home/robotega/heaven_slam/install/sentry_interface/include/sentry_interface/sentry_interface/action/action_control.hpp
[21.342s] -- Up-to-date symlink: /home/robotega/heaven_slam/install/sentry_interface/include/sentry_interface/sentry_interface/action/detail/action_control__builder.hpp
[21.342s] -- Up-to-date symlink: /home/robotega/heaven_slam/install/sentry_interface/include/sentry_interface/sentry_interface/action/detail/action_control__struct.hpp
[21.342s] -- Up-to-date symlink: /home/robotega/heaven_slam/install/sentry_interface/include/sentry_interface/sentry_interface/action/detail/action_control__traits.hpp
[21.343s] -- Up-to-date symlink: /home/robotega/heaven_slam/install/sentry_interface/include/sentry_interface/sentry_interface/action/detail/action_control__type_support.hpp
[21.343s] -- Up-to-date symlink: /home/robotega/heaven_slam/install/sentry_interface/include/sentry_interface/sentry_interface/msg/detail/sentry_status__builder.hpp
[21.343s] -- Up-to-date symlink: /home/robotega/heaven_slam/install/sentry_interface/include/sentry_interface/sentry_interface/msg/detail/sentry_status__struct.hpp
[21.344s] -- Up-to-date symlink: /home/robotega/heaven_slam/install/sentry_interface/include/sentry_interface/sentry_interface/msg/detail/sentry_status__traits.hpp
[21.344s] -- Up-to-date symlink: /home/robotega/heaven_slam/install/sentry_interface/include/sentry_interface/sentry_interface/msg/detail/sentry_status__type_support.hpp
[21.344s] -- Up-to-date symlink: /home/robotega/heaven_slam/install/sentry_interface/include/sentry_interface/sentry_interface/msg/detail/sentry_vel__builder.hpp
[21.345s] -- Up-to-date symlink: /home/robotega/heaven_slam/install/sentry_interface/include/sentry_interface/sentry_interface/msg/detail/sentry_vel__struct.hpp
[21.345s] -- Up-to-date symlink: /home/robotega/heaven_slam/install/sentry_interface/include/sentry_interface/sentry_interface/msg/detail/sentry_vel__traits.hpp
[21.345s] -- Up-to-date symlink: /home/robotega/heaven_slam/install/sentry_interface/include/sentry_interface/sentry_interface/msg/detail/sentry_vel__type_support.hpp
[21.346s] -- Up-to-date symlink: /home/robotega/heaven_slam/install/sentry_interface/include/sentry_interface/sentry_interface/msg/rosidl_generator_cpp__visibility_control.hpp
[21.346s] -- Up-to-date symlink: /home/robotega/heaven_slam/install/sentry_interface/include/sentry_interface/sentry_interface/msg/sentry_status.hpp
[21.346s] -- Up-to-date symlink: /home/robotega/heaven_slam/install/sentry_interface/include/sentry_interface/sentry_interface/msg/sentry_vel.hpp
[21.348s] -- Up-to-date symlink: /home/robotega/heaven_slam/install/sentry_interface/include/sentry_interface/sentry_interface/action/detail/action_control__rosidl_typesupport_fastrtps_cpp.hpp
[21.348s] -- Up-to-date symlink: /home/robotega/heaven_slam/install/sentry_interface/include/sentry_interface/sentry_interface/msg/detail/sentry_status__rosidl_typesupport_fastrtps_cpp.hpp
[21.348s] -- Up-to-date symlink: /home/robotega/heaven_slam/install/sentry_interface/include/sentry_interface/sentry_interface/msg/detail/sentry_vel__rosidl_typesupport_fastrtps_cpp.hpp
[21.349s] -- Up-to-date symlink: /home/robotega/heaven_slam/install/sentry_interface/include/sentry_interface/sentry_interface/msg/rosidl_typesupport_fastrtps_cpp__visibility_control.h
[21.349s] -- Up-to-date symlink: /home/robotega/heaven_slam/install/sentry_interface/include/sentry_interface/sentry_interface/action/detail/action_control__rosidl_typesupport_introspection_cpp.hpp
[21.350s] -- Up-to-date symlink: /home/robotega/heaven_slam/install/sentry_interface/include/sentry_interface/sentry_interface/msg/detail/sentry_status__rosidl_typesupport_introspection_cpp.hpp
[21.350s] -- Up-to-date symlink: /home/robotega/heaven_slam/install/sentry_interface/include/sentry_interface/sentry_interface/msg/detail/sentry_vel__rosidl_typesupport_introspection_cpp.hpp
[21.350s] -- Up-to-date symlink: /home/robotega/heaven_slam/install/sentry_interface/share/sentry_interface/environment/pythonpath.sh
[21.351s] -- Up-to-date symlink: /home/robotega/heaven_slam/install/sentry_interface/share/sentry_interface/environment/pythonpath.dsv
[21.351s] -- Up-to-date symlink: /home/robotega/heaven_slam/install/sentry_interface/local/lib/python3.10/dist-packages/sentry_interface-0.0.0-py3.10.egg-info/PKG-INFO
[21.352s] -- Up-to-date symlink: /home/robotega/heaven_slam/install/sentry_interface/local/lib/python3.10/dist-packages/sentry_interface-0.0.0-py3.10.egg-info/SOURCES.txt
[21.352s] -- Up-to-date symlink: /home/robotega/heaven_slam/install/sentry_interface/local/lib/python3.10/dist-packages/sentry_interface-0.0.0-py3.10.egg-info/dependency_links.txt
[21.353s] -- Up-to-date symlink: /home/robotega/heaven_slam/install/sentry_interface/local/lib/python3.10/dist-packages/sentry_interface-0.0.0-py3.10.egg-info/top_level.txt
[21.354s] -- Up-to-date symlink: /home/robotega/heaven_slam/install/sentry_interface/local/lib/python3.10/dist-packages/sentry_interface/__init__.py
[21.355s] -- Up-to-date symlink: /home/robotega/heaven_slam/install/sentry_interface/local/lib/python3.10/dist-packages/sentry_interface/_sentry_interface_s.ep.rosidl_typesupport_c.c
[21.355s] -- Up-to-date symlink: /home/robotega/heaven_slam/install/sentry_interface/local/lib/python3.10/dist-packages/sentry_interface/_sentry_interface_s.ep.rosidl_typesupport_fastrtps_c.c
[21.356s] -- Up-to-date symlink: /home/robotega/heaven_slam/install/sentry_interface/local/lib/python3.10/dist-packages/sentry_interface/_sentry_interface_s.ep.rosidl_typesupport_introspection_c.c
[21.356s] -- Up-to-date symlink: /home/robotega/heaven_slam/install/sentry_interface/local/lib/python3.10/dist-packages/sentry_interface/action/__init__.py
[21.356s] -- Up-to-date symlink: /home/robotega/heaven_slam/install/sentry_interface/local/lib/python3.10/dist-packages/sentry_interface/action/_action_control.py
[21.358s] -- Up-to-date symlink: /home/robotega/heaven_slam/install/sentry_interface/local/lib/python3.10/dist-packages/sentry_interface/action/_action_control_s.c
[21.358s] -- Up-to-date symlink: /home/robotega/heaven_slam/install/sentry_interface/local/lib/python3.10/dist-packages/sentry_interface/libsentry_interface__rosidl_generator_py.so
[21.359s] -- Up-to-date symlink: /home/robotega/heaven_slam/install/sentry_interface/local/lib/python3.10/dist-packages/sentry_interface/msg/__init__.py
[21.359s] -- Up-to-date symlink: /home/robotega/heaven_slam/install/sentry_interface/local/lib/python3.10/dist-packages/sentry_interface/msg/_sentry_status.py
[21.359s] -- Up-to-date symlink: /home/robotega/heaven_slam/install/sentry_interface/local/lib/python3.10/dist-packages/sentry_interface/msg/_sentry_status_s.c
[21.359s] -- Up-to-date symlink: /home/robotega/heaven_slam/install/sentry_interface/local/lib/python3.10/dist-packages/sentry_interface/msg/_sentry_vel.py
[21.360s] -- Up-to-date symlink: /home/robotega/heaven_slam/install/sentry_interface/local/lib/python3.10/dist-packages/sentry_interface/msg/_sentry_vel_s.c
[21.360s] -- Up-to-date symlink: /home/robotega/heaven_slam/install/sentry_interface/local/lib/python3.10/dist-packages/sentry_interface/sentry_interface_s__rosidl_typesupport_c.cpython-310-aarch64-linux-gnu.so
[21.360s] -- Up-to-date symlink: /home/robotega/heaven_slam/install/sentry_interface/local/lib/python3.10/dist-packages/sentry_interface/sentry_interface_s__rosidl_typesupport_fastrtps_c.cpython-310-aarch64-linux-gnu.so
[21.361s] -- Up-to-date symlink: /home/robotega/heaven_slam/install/sentry_interface/local/lib/python3.10/dist-packages/sentry_interface/sentry_interface_s__rosidl_typesupport_introspection_c.cpython-310-aarch64-linux-gnu.so
[21.361s] -- Up-to-date symlink: /home/robotega/heaven_slam/install/sentry_interface/local/lib/python3.10/dist-packages/sentry_interface/sentry_interface_s__rosidl_typesupport_fastrtps_c.cpython-310-aarch64-linux-gnu.so
[21.362s] -- Up-to-date symlink: /home/robotega/heaven_slam/install/sentry_interface/local/lib/python3.10/dist-packages/sentry_interface/sentry_interface_s__rosidl_typesupport_introspection_c.cpython-310-aarch64-linux-gnu.so
[21.362s] -- Up-to-date symlink: /home/robotega/heaven_slam/install/sentry_interface/local/lib/python3.10/dist-packages/sentry_interface/sentry_interface_s__rosidl_typesupport_c.cpython-310-aarch64-linux-gnu.so
[21.363s] -- Up-to-date symlink: /home/robotega/heaven_slam/install/sentry_interface/share/sentry_interface/msg/SentryStatus.idl
[21.365s] -- Up-to-date symlink: /home/robotega/heaven_slam/install/sentry_interface/share/sentry_interface/action/ActionControl.idl
[21.365s] -- Up-to-date symlink: /home/robotega/heaven_slam/install/sentry_interface/share/sentry_interface/msg/SentryVel.idl
[21.366s] -- Up-to-date symlink: /home/robotega/heaven_slam/install/sentry_interface/share/sentry_interface/msg/SentryStatus.msg
[21.366s] -- Up-to-date symlink: /home/robotega/heaven_slam/install/sentry_interface/share/sentry_interface/action/ActionControl.action
[21.367s] -- Up-to-date symlink: /home/robotega/heaven_slam/install/sentry_interface/share/sentry_interface/msg/SentryVel.msg
[21.367s] -- Up-to-date symlink: /home/robotega/heaven_slam/install/sentry_interface/share/ament_index/resource_index/package_run_dependencies/sentry_interface
[21.369s] -- Up-to-date symlink: /home/robotega/heaven_slam/install/sentry_interface/share/ament_index/resource_index/parent_prefix_path/sentry_interface
[21.369s] -- Up-to-date symlink: /home/robotega/heaven_slam/install/sentry_interface/share/sentry_interface/environment/ament_prefix_path.sh
[21.370s] -- Up-to-date symlink: /home/robotega/heaven_slam/install/sentry_interface/share/sentry_interface/environment/ament_prefix_path.dsv
[21.370s] -- Up-to-date symlink: /home/robotega/heaven_slam/install/sentry_interface/share/sentry_interface/environment/path.sh
[21.370s] -- Up-to-date symlink: /home/robotega/heaven_slam/install/sentry_interface/share/sentry_interface/environment/path.dsv
[21.371s] -- Up-to-date symlink: /home/robotega/heaven_slam/install/sentry_interface/share/sentry_interface/local_setup.bash
[21.372s] -- Up-to-date symlink: /home/robotega/heaven_slam/install/sentry_interface/share/sentry_interface/local_setup.sh
[21.373s] -- Up-to-date symlink: /home/robotega/heaven_slam/install/sentry_interface/share/sentry_interface/local_setup.zsh
[21.373s] -- Up-to-date symlink: /home/robotega/heaven_slam/install/sentry_interface/share/sentry_interface/local_setup.dsv
[21.373s] -- Symlinking: /home/robotega/heaven_slam/install/sentry_interface/share/sentry_interface/package.dsv
[21.396s] -- Up-to-date symlink: /home/robotega/heaven_slam/install/sentry_interface/share/ament_index/resource_index/packages/sentry_interface
[21.397s] -- Up-to-date symlink: /home/robotega/heaven_slam/install/sentry_interface/share/sentry_interface/cmake/rosidl_cmake-extras.cmake
[21.397s] -- Up-to-date symlink: /home/robotega/heaven_slam/install/sentry_interface/share/sentry_interface/cmake/ament_cmake_export_dependencies-extras.cmake
[21.397s] -- Up-to-date symlink: /home/robotega/heaven_slam/install/sentry_interface/share/sentry_interface/cmake/ament_cmake_export_include_directories-extras.cmake
[21.398s] -- Up-to-date symlink: /home/robotega/heaven_slam/install/sentry_interface/share/sentry_interface/cmake/ament_cmake_export_libraries-extras.cmake
[21.398s] -- Up-to-date symlink: /home/robotega/heaven_slam/install/sentry_interface/share/sentry_interface/cmake/ament_cmake_export_targets-extras.cmake
[21.399s] -- Up-to-date symlink: /home/robotega/heaven_slam/install/sentry_interface/share/sentry_interface/cmake/rosidl_cmake_export_typesupport_targets-extras.cmake
[21.399s] -- Up-to-date symlink: /home/robotega/heaven_slam/install/sentry_interface/share/sentry_interface/cmake/rosidl_cmake_export_typesupport_libraries-extras.cmake
[21.400s] -- Up-to-date symlink: /home/robotega/heaven_slam/install/sentry_interface/share/sentry_interface/cmake/sentry_interfaceConfig.cmake
[21.400s] -- Up-to-date symlink: /home/robotega/heaven_slam/install/sentry_interface/share/sentry_interface/cmake/sentry_interfaceConfig-version.cmake
[21.400s] -- Up-to-date symlink: /home/robotega/heaven_slam/install/sentry_interface/share/sentry_interface/package.xml
[21.401s] -- Installing: /home/robotega/heaven_slam/install/sentry_interface/lib/libsentry_interface__rosidl_generator_c.so
[21.402s] -- Set runtime path of "/home/robotega/heaven_slam/install/sentry_interface/lib/libsentry_interface__rosidl_generator_c.so" to ""
[21.403s] -- Installing: /home/robotega/heaven_slam/install/sentry_interface/lib/libsentry_interface__rosidl_typesupport_fastrtps_c.so
[21.403s] -- Set runtime path of "/home/robotega/heaven_slam/install/sentry_interface/lib/libsentry_interface__rosidl_typesupport_fastrtps_c.so" to ""
[21.404s] -- Installing: /home/robotega/heaven_slam/install/sentry_interface/lib/libsentry_interface__rosidl_typesupport_introspection_c.so
[21.404s] -- Set runtime path of "/home/robotega/heaven_slam/install/sentry_interface/lib/libsentry_interface__rosidl_typesupport_introspection_c.so" to ""
[21.405s] -- Installing: /home/robotega/heaven_slam/install/sentry_interface/lib/libsentry_interface__rosidl_typesupport_c.so
[21.405s] -- Set runtime path of "/home/robotega/heaven_slam/install/sentry_interface/lib/libsentry_interface__rosidl_typesupport_c.so" to ""
[21.406s] -- Installing: /home/robotega/heaven_slam/install/sentry_interface/lib/libsentry_interface__rosidl_typesupport_fastrtps_cpp.so
[21.407s] -- Set runtime path of "/home/robotega/heaven_slam/install/sentry_interface/lib/libsentry_interface__rosidl_typesupport_fastrtps_cpp.so" to ""
[21.409s] -- Installing: /home/robotega/heaven_slam/install/sentry_interface/lib/libsentry_interface__rosidl_typesupport_introspection_cpp.so
[21.410s] -- Set runtime path of "/home/robotega/heaven_slam/install/sentry_interface/lib/libsentry_interface__rosidl_typesupport_introspection_cpp.so" to ""
[21.413s] -- Installing: /home/robotega/heaven_slam/install/sentry_interface/lib/libsentry_interface__rosidl_typesupport_cpp.so
[21.413s] -- Set runtime path of "/home/robotega/heaven_slam/install/sentry_interface/lib/libsentry_interface__rosidl_typesupport_cpp.so" to ""
[21.510s] Listing '/home/robotega/heaven_slam/install/sentry_interface/local/lib/python3.10/dist-packages/sentry_interface'...
[21.511s] Compiling '/home/robotega/heaven_slam/install/sentry_interface/local/lib/python3.10/dist-packages/sentry_interface/__init__.py'...
[21.511s] Listing '/home/robotega/heaven_slam/install/sentry_interface/local/lib/python3.10/dist-packages/sentry_interface/action'...
[21.511s] Compiling '/home/robotega/heaven_slam/install/sentry_interface/local/lib/python3.10/dist-packages/sentry_interface/action/__init__.py'...
[21.511s] Compiling '/home/robotega/heaven_slam/install/sentry_interface/local/lib/python3.10/dist-packages/sentry_interface/action/_action_control.py'...
[21.511s] Listing '/home/robotega/heaven_slam/install/sentry_interface/local/lib/python3.10/dist-packages/sentry_interface/msg'...
[21.511s] Compiling '/home/robotega/heaven_slam/install/sentry_interface/local/lib/python3.10/dist-packages/sentry_interface/msg/__init__.py'...
[21.512s] Compiling '/home/robotega/heaven_slam/install/sentry_interface/local/lib/python3.10/dist-packages/sentry_interface/msg/_sentry_status.py'...
[21.512s] Compiling '/home/robotega/heaven_slam/install/sentry_interface/local/lib/python3.10/dist-packages/sentry_interface/msg/_sentry_vel.py'...
[21.524s] -- Installing: /home/robotega/heaven_slam/install/sentry_interface/lib/libsentry_interface__rosidl_generator_py.so
[21.524s] -- Set runtime path of "/home/robotega/heaven_slam/install/sentry_interface/lib/libsentry_interface__rosidl_generator_py.so" to ""
[21.525s] -- Up-to-date: /home/robotega/heaven_slam/install/sentry_interface/share/sentry_interface/cmake/export_sentry_interface__rosidl_generator_cExport.cmake
[21.525s] -- Up-to-date: /home/robotega/heaven_slam/install/sentry_interface/share/sentry_interface/cmake/export_sentry_interface__rosidl_generator_cExport-noconfig.cmake
[21.526s] -- Up-to-date: /home/robotega/heaven_slam/install/sentry_interface/share/sentry_interface/cmake/export_sentry_interface__rosidl_typesupport_fastrtps_cExport.cmake
[21.526s] -- Up-to-date: /home/robotega/heaven_slam/install/sentry_interface/share/sentry_interface/cmake/export_sentry_interface__rosidl_typesupport_fastrtps_cExport-noconfig.cmake
[21.526s] -- Up-to-date: /home/robotega/heaven_slam/install/sentry_interface/share/sentry_interface/cmake/sentry_interface__rosidl_typesupport_introspection_cExport.cmake
[21.527s] -- Up-to-date: /home/robotega/heaven_slam/install/sentry_interface/share/sentry_interface/cmake/sentry_interface__rosidl_typesupport_introspection_cExport-noconfig.cmake
[21.527s] -- Up-to-date: /home/robotega/heaven_slam/install/sentry_interface/share/sentry_interface/cmake/sentry_interface__rosidl_typesupport_cExport.cmake
[21.527s] -- Up-to-date: /home/robotega/heaven_slam/install/sentry_interface/share/sentry_interface/cmake/sentry_interface__rosidl_typesupport_cExport-noconfig.cmake
[21.527s] -- Up-to-date: /home/robotega/heaven_slam/install/sentry_interface/share/sentry_interface/cmake/export_sentry_interface__rosidl_generator_cppExport.cmake
[21.528s] -- Up-to-date: /home/robotega/heaven_slam/install/sentry_interface/share/sentry_interface/cmake/export_sentry_interface__rosidl_typesupport_fastrtps_cppExport.cmake
[21.528s] -- Up-to-date: /home/robotega/heaven_slam/install/sentry_interface/share/sentry_interface/cmake/export_sentry_interface__rosidl_typesupport_fastrtps_cppExport-noconfig.cmake
[21.528s] -- Up-to-date: /home/robotega/heaven_slam/install/sentry_interface/share/sentry_interface/cmake/sentry_interface__rosidl_typesupport_introspection_cppExport.cmake
[21.528s] -- Up-to-date: /home/robotega/heaven_slam/install/sentry_interface/share/sentry_interface/cmake/sentry_interface__rosidl_typesupport_introspection_cppExport-noconfig.cmake
[21.529s] -- Up-to-date: /home/robotega/heaven_slam/install/sentry_interface/share/sentry_interface/cmake/sentry_interface__rosidl_typesupport_cppExport.cmake
[21.529s] -- Up-to-date: /home/robotega/heaven_slam/install/sentry_interface/share/sentry_interface/cmake/sentry_interface__rosidl_typesupport_cppExport-noconfig.cmake
[21.529s] -- Up-to-date: /home/robotega/heaven_slam/install/sentry_interface/share/sentry_interface/cmake/export_sentry_interface__rosidl_generator_pyExport.cmake
[21.529s] -- Up-to-date: /home/robotega/heaven_slam/install/sentry_interface/share/sentry_interface/cmake/export_sentry_interface__rosidl_generator_pyExport-noconfig.cmake
[21.536s] Invoked command in '/home/robotega/heaven_slam/build/sentry_interface' returned '0': CMAKE_PREFIX_PATH=${CMAKE_PREFIX_PATH}:/home/robotega/heaven_slam/install/serial_setting:/home/robotega/heaven_slam/install/chassis_ctr:/opt/ros/humble /usr/bin/cmake --install /home/robotega/heaven_slam/build/sentry_interface
