[0.275s] DEBUG:colcon:Command line arguments: ['/usr/bin/colcon', 'build', '--symlink-install']
[0.276s] DEBUG:colcon:Parsed command line arguments: Namespace(log_base=None, log_level=None, verb_name='build', build_base='build', install_base='install', merge_install=False, symlink_install=True, test_result_base=None, continue_on_error=False, executor='parallel', parallel_workers=8, event_handlers=None, ignore_user_meta=False, metas=['./colcon.meta'], base_paths=['.'], packages_ignore=None, packages_ignore_regex=None, paths=None, packages_up_to=None, packages_up_to_regex=None, packages_above=None, packages_above_and_dependencies=None, packages_above_depth=None, packages_select_by_dep=None, packages_skip_by_dep=None, packages_skip_up_to=None, packages_select_build_failed=False, packages_skip_build_finished=False, packages_select_test_failures=False, packages_skip_test_passed=False, packages_select=None, packages_skip=None, packages_select_regex=None, packages_skip_regex=None, packages_start=None, packages_end=None, allow_overriding=[], cmake_args=None, cmake_target=None, cmake_target_skip_unavailable=False, cmake_clean_cache=False, cmake_clean_first=False, cmake_force_configure=False, ament_cmake_args=None, catkin_cmake_args=None, catkin_skip_building_tests=False, verb_parser=<colcon_defaults.argument_parser.defaults.DefaultArgumentsDecorator object at 0xffff9eec2260>, verb_extension=<colcon_core.verb.build.BuildVerb object at 0xffff9eec1d80>, main=<bound method BuildVerb.main of <colcon_core.verb.build.BuildVerb object at 0xffff9eec1d80>>)
[0.729s] Level 1:colcon.colcon_core.package_discovery:discover_packages(colcon_meta) check parameters
[0.729s] Level 1:colcon.colcon_core.package_discovery:discover_packages(recursive) check parameters
[0.729s] Level 1:colcon.colcon_core.package_discovery:discover_packages(ignore) check parameters
[0.729s] Level 1:colcon.colcon_core.package_discovery:discover_packages(path) check parameters
[0.729s] Level 1:colcon.colcon_core.package_discovery:discover_packages(colcon_meta) discover
[0.730s] Level 1:colcon.colcon_core.package_discovery:discover_packages(recursive) discover
[0.730s] INFO:colcon.colcon_core.package_discovery:Crawling recursively for packages in '/home/robotega/heaven_slam'
[0.730s] Level 1:colcon.colcon_core.package_identification:_identify(.) by extensions ['ignore', 'ignore_ament_install']
[0.730s] Level 1:colcon.colcon_core.package_identification:_identify(.) by extension 'ignore'
[0.730s] Level 1:colcon.colcon_core.package_identification:_identify(.) by extension 'ignore_ament_install'
[0.730s] Level 1:colcon.colcon_core.package_identification:_identify(.) by extensions ['colcon_pkg']
[0.731s] Level 1:colcon.colcon_core.package_identification:_identify(.) by extension 'colcon_pkg'
[0.731s] Level 1:colcon.colcon_core.package_identification:_identify(.) by extensions ['colcon_meta']
[0.731s] Level 1:colcon.colcon_core.package_identification:_identify(.) by extension 'colcon_meta'
[0.731s] Level 1:colcon.colcon_core.package_identification:_identify(.) by extensions ['ros']
[0.731s] Level 1:colcon.colcon_core.package_identification:_identify(.) by extension 'ros'
[0.754s] Level 1:colcon.colcon_core.package_identification:_identify(.) by extensions ['cmake', 'python']
[0.755s] Level 1:colcon.colcon_core.package_identification:_identify(.) by extension 'cmake'
[0.755s] Level 1:colcon.colcon_core.package_identification:_identify(.) by extension 'python'
[0.755s] Level 1:colcon.colcon_core.package_identification:_identify(.) by extensions ['python_setup_py']
[0.755s] Level 1:colcon.colcon_core.package_identification:_identify(.) by extension 'python_setup_py'
[0.755s] Level 1:colcon.colcon_core.package_identification:_identify(build) by extensions ['ignore', 'ignore_ament_install']
[0.756s] Level 1:colcon.colcon_core.package_identification:_identify(build) by extension 'ignore'
[0.756s] Level 1:colcon.colcon_core.package_identification:_identify(build) ignored
[0.756s] Level 1:colcon.colcon_core.package_identification:_identify(install) by extensions ['ignore', 'ignore_ament_install']
[0.756s] Level 1:colcon.colcon_core.package_identification:_identify(install) by extension 'ignore'
[0.756s] Level 1:colcon.colcon_core.package_identification:_identify(install) ignored
[0.757s] Level 1:colcon.colcon_core.package_identification:_identify(log) by extensions ['ignore', 'ignore_ament_install']
[0.757s] Level 1:colcon.colcon_core.package_identification:_identify(log) by extension 'ignore'
[0.757s] Level 1:colcon.colcon_core.package_identification:_identify(log) ignored
[0.757s] Level 1:colcon.colcon_core.package_identification:_identify(src) by extensions ['ignore', 'ignore_ament_install']
[0.757s] Level 1:colcon.colcon_core.package_identification:_identify(src) by extension 'ignore'
[0.757s] Level 1:colcon.colcon_core.package_identification:_identify(src) by extension 'ignore_ament_install'
[0.757s] Level 1:colcon.colcon_core.package_identification:_identify(src) by extensions ['colcon_pkg']
[0.757s] Level 1:colcon.colcon_core.package_identification:_identify(src) by extension 'colcon_pkg'
[0.758s] Level 1:colcon.colcon_core.package_identification:_identify(src) by extensions ['colcon_meta']
[0.758s] Level 1:colcon.colcon_core.package_identification:_identify(src) by extension 'colcon_meta'
[0.758s] Level 1:colcon.colcon_core.package_identification:_identify(src) by extensions ['ros']
[0.758s] Level 1:colcon.colcon_core.package_identification:_identify(src) by extension 'ros'
[0.758s] Level 1:colcon.colcon_core.package_identification:_identify(src) by extensions ['cmake', 'python']
[0.758s] Level 1:colcon.colcon_core.package_identification:_identify(src) by extension 'cmake'
[0.758s] Level 1:colcon.colcon_core.package_identification:_identify(src) by extension 'python'
[0.758s] Level 1:colcon.colcon_core.package_identification:_identify(src) by extensions ['python_setup_py']
[0.758s] Level 1:colcon.colcon_core.package_identification:_identify(src) by extension 'python_setup_py'
[0.759s] Level 1:colcon.colcon_core.package_identification:_identify(src/chassis_ctr) by extensions ['ignore', 'ignore_ament_install']
[0.759s] Level 1:colcon.colcon_core.package_identification:_identify(src/chassis_ctr) by extension 'ignore'
[0.759s] Level 1:colcon.colcon_core.package_identification:_identify(src/chassis_ctr) by extension 'ignore_ament_install'
[0.759s] Level 1:colcon.colcon_core.package_identification:_identify(src/chassis_ctr) by extensions ['colcon_pkg']
[0.759s] Level 1:colcon.colcon_core.package_identification:_identify(src/chassis_ctr) by extension 'colcon_pkg'
[0.759s] Level 1:colcon.colcon_core.package_identification:_identify(src/chassis_ctr) by extensions ['colcon_meta']
[0.759s] Level 1:colcon.colcon_core.package_identification:_identify(src/chassis_ctr) by extension 'colcon_meta'
[0.759s] Level 1:colcon.colcon_core.package_identification:_identify(src/chassis_ctr) by extensions ['ros']
[0.759s] Level 1:colcon.colcon_core.package_identification:_identify(src/chassis_ctr) by extension 'ros'
[0.765s] DEBUG:colcon.colcon_core.package_identification:Package 'src/chassis_ctr' with type 'ros.ament_python' and name 'chassis_ctr'
[0.765s] Level 1:colcon.colcon_core.package_identification:_identify(src/sentry_interface) by extensions ['ignore', 'ignore_ament_install']
[0.765s] Level 1:colcon.colcon_core.package_identification:_identify(src/sentry_interface) by extension 'ignore'
[0.765s] Level 1:colcon.colcon_core.package_identification:_identify(src/sentry_interface) by extension 'ignore_ament_install'
[0.766s] Level 1:colcon.colcon_core.package_identification:_identify(src/sentry_interface) by extensions ['colcon_pkg']
[0.766s] Level 1:colcon.colcon_core.package_identification:_identify(src/sentry_interface) by extension 'colcon_pkg'
[0.766s] Level 1:colcon.colcon_core.package_identification:_identify(src/sentry_interface) by extensions ['colcon_meta']
[0.766s] Level 1:colcon.colcon_core.package_identification:_identify(src/sentry_interface) by extension 'colcon_meta'
[0.766s] Level 1:colcon.colcon_core.package_identification:_identify(src/sentry_interface) by extensions ['ros']
[0.766s] Level 1:colcon.colcon_core.package_identification:_identify(src/sentry_interface) by extension 'ros'
[0.768s] DEBUG:colcon.colcon_core.package_identification:Package 'src/sentry_interface' with type 'ros.ament_cmake' and name 'sentry_interface'
[0.768s] Level 1:colcon.colcon_core.package_identification:_identify(src/serial_setting) by extensions ['ignore', 'ignore_ament_install']
[0.768s] Level 1:colcon.colcon_core.package_identification:_identify(src/serial_setting) by extension 'ignore'
[0.769s] Level 1:colcon.colcon_core.package_identification:_identify(src/serial_setting) by extension 'ignore_ament_install'
[0.769s] Level 1:colcon.colcon_core.package_identification:_identify(src/serial_setting) by extensions ['colcon_pkg']
[0.769s] Level 1:colcon.colcon_core.package_identification:_identify(src/serial_setting) by extension 'colcon_pkg'
[0.769s] Level 1:colcon.colcon_core.package_identification:_identify(src/serial_setting) by extensions ['colcon_meta']
[0.769s] Level 1:colcon.colcon_core.package_identification:_identify(src/serial_setting) by extension 'colcon_meta'
[0.769s] Level 1:colcon.colcon_core.package_identification:_identify(src/serial_setting) by extensions ['ros']
[0.769s] Level 1:colcon.colcon_core.package_identification:_identify(src/serial_setting) by extension 'ros'
[0.771s] DEBUG:colcon.colcon_core.package_identification:Package 'src/serial_setting' with type 'ros.ament_python' and name 'serial_setting'
[0.771s] Level 1:colcon.colcon_core.package_discovery:discover_packages(recursive) using defaults
[0.771s] Level 1:colcon.colcon_core.package_discovery:discover_packages(ignore) discover
[0.771s] Level 1:colcon.colcon_core.package_discovery:discover_packages(ignore) using defaults
[0.771s] Level 1:colcon.colcon_core.package_discovery:discover_packages(path) discover
[0.771s] Level 1:colcon.colcon_core.package_discovery:discover_packages(path) using defaults
[0.851s] Level 1:colcon.colcon_core.package_discovery:discover_packages(prefix_path) check parameters
[0.851s] Level 1:colcon.colcon_core.package_discovery:discover_packages(prefix_path) discover
[0.858s] DEBUG:colcon.colcon_installed_package_information.package_discovery:Found 1 installed packages in /home/robotega/laser_filters/install
[0.860s] DEBUG:colcon.colcon_installed_package_information.package_discovery:Found 16 installed packages in /home/robotega/pb_rmsimulation/install
[0.861s] DEBUG:colcon.colcon_installed_package_information.package_discovery:Found 3 installed packages in /home/robotega/heaven_slam/install
[0.864s] DEBUG:colcon.colcon_installed_package_information.package_discovery:Found 373 installed packages in /opt/ros/humble
[0.868s] Level 1:colcon.colcon_core.package_discovery:discover_packages(prefix_path) using defaults
[0.982s] Level 5:colcon.colcon_core.verb:set package 'chassis_ctr' build argument 'cmake_args' from command line to 'None'
[0.982s] Level 5:colcon.colcon_core.verb:set package 'chassis_ctr' build argument 'cmake_target' from command line to 'None'
[0.982s] Level 5:colcon.colcon_core.verb:set package 'chassis_ctr' build argument 'cmake_target_skip_unavailable' from command line to 'False'
[0.982s] Level 5:colcon.colcon_core.verb:set package 'chassis_ctr' build argument 'cmake_clean_cache' from command line to 'False'
[0.982s] Level 5:colcon.colcon_core.verb:set package 'chassis_ctr' build argument 'cmake_clean_first' from command line to 'False'
[0.982s] Level 5:colcon.colcon_core.verb:set package 'chassis_ctr' build argument 'cmake_force_configure' from command line to 'False'
[0.982s] Level 5:colcon.colcon_core.verb:set package 'chassis_ctr' build argument 'ament_cmake_args' from command line to 'None'
[0.982s] Level 5:colcon.colcon_core.verb:set package 'chassis_ctr' build argument 'catkin_cmake_args' from command line to 'None'
[0.982s] Level 5:colcon.colcon_core.verb:set package 'chassis_ctr' build argument 'catkin_skip_building_tests' from command line to 'False'
[0.983s] DEBUG:colcon.colcon_core.verb:Building package 'chassis_ctr' with the following arguments: {'ament_cmake_args': None, 'build_base': '/home/robotega/heaven_slam/build/chassis_ctr', 'catkin_cmake_args': None, 'catkin_skip_building_tests': False, 'cmake_args': None, 'cmake_clean_cache': False, 'cmake_clean_first': False, 'cmake_force_configure': False, 'cmake_target': None, 'cmake_target_skip_unavailable': False, 'install_base': '/home/robotega/heaven_slam/install/chassis_ctr', 'merge_install': False, 'path': '/home/robotega/heaven_slam/src/chassis_ctr', 'symlink_install': True, 'test_result_base': None}
[0.983s] Level 5:colcon.colcon_core.verb:set package 'sentry_interface' build argument 'cmake_args' from command line to 'None'
[0.983s] Level 5:colcon.colcon_core.verb:set package 'sentry_interface' build argument 'cmake_target' from command line to 'None'
[0.983s] Level 5:colcon.colcon_core.verb:set package 'sentry_interface' build argument 'cmake_target_skip_unavailable' from command line to 'False'
[0.983s] Level 5:colcon.colcon_core.verb:set package 'sentry_interface' build argument 'cmake_clean_cache' from command line to 'False'
[0.983s] Level 5:colcon.colcon_core.verb:set package 'sentry_interface' build argument 'cmake_clean_first' from command line to 'False'
[0.984s] Level 5:colcon.colcon_core.verb:set package 'sentry_interface' build argument 'cmake_force_configure' from command line to 'False'
[0.984s] Level 5:colcon.colcon_core.verb:set package 'sentry_interface' build argument 'ament_cmake_args' from command line to 'None'
[0.984s] Level 5:colcon.colcon_core.verb:set package 'sentry_interface' build argument 'catkin_cmake_args' from command line to 'None'
[0.984s] Level 5:colcon.colcon_core.verb:set package 'sentry_interface' build argument 'catkin_skip_building_tests' from command line to 'False'
[0.984s] DEBUG:colcon.colcon_core.verb:Building package 'sentry_interface' with the following arguments: {'ament_cmake_args': None, 'build_base': '/home/robotega/heaven_slam/build/sentry_interface', 'catkin_cmake_args': None, 'catkin_skip_building_tests': False, 'cmake_args': None, 'cmake_clean_cache': False, 'cmake_clean_first': False, 'cmake_force_configure': False, 'cmake_target': None, 'cmake_target_skip_unavailable': False, 'install_base': '/home/robotega/heaven_slam/install/sentry_interface', 'merge_install': False, 'path': '/home/robotega/heaven_slam/src/sentry_interface', 'symlink_install': True, 'test_result_base': None}
[0.984s] Level 5:colcon.colcon_core.verb:set package 'serial_setting' build argument 'cmake_args' from command line to 'None'
[0.984s] Level 5:colcon.colcon_core.verb:set package 'serial_setting' build argument 'cmake_target' from command line to 'None'
[0.984s] Level 5:colcon.colcon_core.verb:set package 'serial_setting' build argument 'cmake_target_skip_unavailable' from command line to 'False'
[0.985s] Level 5:colcon.colcon_core.verb:set package 'serial_setting' build argument 'cmake_clean_cache' from command line to 'False'
[0.985s] Level 5:colcon.colcon_core.verb:set package 'serial_setting' build argument 'cmake_clean_first' from command line to 'False'
[0.985s] Level 5:colcon.colcon_core.verb:set package 'serial_setting' build argument 'cmake_force_configure' from command line to 'False'
[0.985s] Level 5:colcon.colcon_core.verb:set package 'serial_setting' build argument 'ament_cmake_args' from command line to 'None'
[0.985s] Level 5:colcon.colcon_core.verb:set package 'serial_setting' build argument 'catkin_cmake_args' from command line to 'None'
[0.985s] Level 5:colcon.colcon_core.verb:set package 'serial_setting' build argument 'catkin_skip_building_tests' from command line to 'False'
[0.985s] DEBUG:colcon.colcon_core.verb:Building package 'serial_setting' with the following arguments: {'ament_cmake_args': None, 'build_base': '/home/robotega/heaven_slam/build/serial_setting', 'catkin_cmake_args': None, 'catkin_skip_building_tests': False, 'cmake_args': None, 'cmake_clean_cache': False, 'cmake_clean_first': False, 'cmake_force_configure': False, 'cmake_target': None, 'cmake_target_skip_unavailable': False, 'install_base': '/home/robotega/heaven_slam/install/serial_setting', 'merge_install': False, 'path': '/home/robotega/heaven_slam/src/serial_setting', 'symlink_install': True, 'test_result_base': None}
[0.985s] INFO:colcon.colcon_core.executor:Executing jobs using 'parallel' executor
[0.987s] DEBUG:colcon.colcon_parallel_executor.executor.parallel:run_until_complete
[0.988s] INFO:colcon.colcon_ros.task.ament_cmake.build:Building ROS package in '/home/robotega/heaven_slam/src/sentry_interface' with build type 'ament_cmake'
[0.988s] INFO:colcon.colcon_cmake.task.cmake.build:Building CMake package in '/home/robotega/heaven_slam/src/sentry_interface'
[0.996s] INFO:colcon.colcon_core.plugin_system:Skipping extension 'colcon_core.shell.bat': Not used on non-Windows systems
[0.996s] INFO:colcon.colcon_core.shell:Skip shell extension 'powershell' for command environment: Not usable outside of PowerShell
[0.996s] DEBUG:colcon.colcon_core.shell:Skip shell extension 'dsv' for command environment
[1.008s] INFO:colcon.colcon_ros.task.ament_python.build:Building ROS package in '/home/robotega/heaven_slam/src/chassis_ctr' with build type 'ament_python'
[1.008s] Level 1:colcon.colcon_core.shell:create_environment_hook('chassis_ctr', 'ament_prefix_path')
[1.009s] INFO:colcon.colcon_core.shell:Creating environment hook '/home/robotega/heaven_slam/install/chassis_ctr/share/chassis_ctr/hook/ament_prefix_path.ps1'
[1.011s] INFO:colcon.colcon_core.shell:Creating environment descriptor '/home/robotega/heaven_slam/install/chassis_ctr/share/chassis_ctr/hook/ament_prefix_path.dsv'
[1.012s] INFO:colcon.colcon_core.shell:Creating environment hook '/home/robotega/heaven_slam/install/chassis_ctr/share/chassis_ctr/hook/ament_prefix_path.sh'
[1.014s] INFO:colcon.colcon_core.shell:Skip shell extension 'powershell' for command environment: Not usable outside of PowerShell
[1.014s] DEBUG:colcon.colcon_core.shell:Skip shell extension 'dsv' for command environment
[1.033s] DEBUG:colcon.colcon_core.event_handler.log_command:Invoking command in '/home/robotega/heaven_slam/build/sentry_interface': CMAKE_PREFIX_PATH=${CMAKE_PREFIX_PATH}:/home/robotega/heaven_slam/install/serial_setting:/home/robotega/heaven_slam/install/chassis_ctr:/opt/ros/humble /usr/bin/cmake --build /home/robotega/heaven_slam/build/sentry_interface -- -j8 -l8
[1.616s] INFO:colcon.colcon_core.task.python.build:Building Python package in '/home/robotega/heaven_slam/src/chassis_ctr'
[1.616s] INFO:colcon.colcon_core.shell:Skip shell extension 'powershell' for command environment: Not usable outside of PowerShell
[1.617s] DEBUG:colcon.colcon_core.shell:Skip shell extension 'dsv' for command environment
[2.414s] DEBUG:colcon.colcon_core.event_handler.log_command:Invoking command in '/home/robotega/heaven_slam/build/chassis_ctr': PYTHONPATH=/home/robotega/heaven_slam/build/chassis_ctr/prefix_override:/usr/lib/python3/dist-packages/colcon_core/task/python/colcon_distutils_commands:/home/robotega/heaven_slam/install/chassis_ctr/lib/python3.10/site-packages:${PYTHONPATH} /usr/bin/python3 -W ignore:setup.py install is deprecated -W ignore:easy_install command is deprecated setup.py develop --editable --build-directory /home/robotega/heaven_slam/build/chassis_ctr/build --no-deps symlink_data
[3.452s] Level 1:colcon.colcon_core.shell:create_environment_hook('chassis_ctr', 'pythonpath_develop')
[3.453s] INFO:colcon.colcon_core.shell:Creating environment hook '/home/robotega/heaven_slam/build/chassis_ctr/share/chassis_ctr/hook/pythonpath_develop.ps1'
[3.454s] DEBUG:colcon.colcon_core.event_handler.log_command:Invoked command in '/home/robotega/heaven_slam/build/chassis_ctr' returned '0': PYTHONPATH=/home/robotega/heaven_slam/build/chassis_ctr/prefix_override:/usr/lib/python3/dist-packages/colcon_core/task/python/colcon_distutils_commands:/home/robotega/heaven_slam/install/chassis_ctr/lib/python3.10/site-packages:${PYTHONPATH} /usr/bin/python3 -W ignore:setup.py install is deprecated -W ignore:easy_install command is deprecated setup.py develop --editable --build-directory /home/robotega/heaven_slam/build/chassis_ctr/build --no-deps symlink_data
[3.456s] INFO:colcon.colcon_core.shell:Creating environment descriptor '/home/robotega/heaven_slam/build/chassis_ctr/share/chassis_ctr/hook/pythonpath_develop.dsv'
[3.457s] INFO:colcon.colcon_core.shell:Creating environment hook '/home/robotega/heaven_slam/build/chassis_ctr/share/chassis_ctr/hook/pythonpath_develop.sh'
[3.467s] Level 1:colcon.colcon_core.environment:checking '/home/robotega/heaven_slam/install/chassis_ctr' for CMake module files
[3.468s] Level 1:colcon.colcon_core.environment:checking '/home/robotega/heaven_slam/install/chassis_ctr' for CMake config files
[3.469s] Level 1:colcon.colcon_core.environment:checking '/home/robotega/heaven_slam/install/chassis_ctr/lib'
[3.470s] Level 1:colcon.colcon_core.environment:checking '/home/robotega/heaven_slam/install/chassis_ctr/bin'
[3.470s] Level 1:colcon.colcon_core.environment:checking '/home/robotega/heaven_slam/install/chassis_ctr/lib/pkgconfig/chassis_ctr.pc'
[3.470s] Level 1:colcon.colcon_core.environment:checking '/home/robotega/heaven_slam/install/chassis_ctr/lib/python3.10/site-packages'
[3.470s] Level 1:colcon.colcon_core.shell:create_environment_hook('chassis_ctr', 'pythonpath')
[3.471s] INFO:colcon.colcon_core.shell:Creating environment hook '/home/robotega/heaven_slam/install/chassis_ctr/share/chassis_ctr/hook/pythonpath.ps1'
[3.473s] INFO:colcon.colcon_core.shell:Creating environment descriptor '/home/robotega/heaven_slam/install/chassis_ctr/share/chassis_ctr/hook/pythonpath.dsv'
[3.473s] INFO:colcon.colcon_core.shell:Creating environment hook '/home/robotega/heaven_slam/install/chassis_ctr/share/chassis_ctr/hook/pythonpath.sh'
[3.475s] Level 1:colcon.colcon_core.environment:checking '/home/robotega/heaven_slam/install/chassis_ctr/bin'
[3.475s] Level 1:colcon.colcon_core.environment:create_environment_scripts_only(chassis_ctr)
[3.476s] INFO:colcon.colcon_core.shell:Creating package script '/home/robotega/heaven_slam/install/chassis_ctr/share/chassis_ctr/package.ps1'
[3.478s] INFO:colcon.colcon_core.shell:Creating package descriptor '/home/robotega/heaven_slam/install/chassis_ctr/share/chassis_ctr/package.dsv'
[3.480s] INFO:colcon.colcon_core.shell:Creating package script '/home/robotega/heaven_slam/install/chassis_ctr/share/chassis_ctr/package.sh'
[3.482s] INFO:colcon.colcon_core.shell:Creating package script '/home/robotega/heaven_slam/install/chassis_ctr/share/chassis_ctr/package.bash'
[3.484s] INFO:colcon.colcon_core.shell:Creating package script '/home/robotega/heaven_slam/install/chassis_ctr/share/chassis_ctr/package.zsh'
[3.486s] Level 1:colcon.colcon_core.environment:create_file_with_runtime_dependencies(/home/robotega/heaven_slam/install/chassis_ctr/share/colcon-core/packages/chassis_ctr)
[22.270s] DEBUG:colcon.colcon_core.event_handler.log_command:Invoked command in '/home/robotega/heaven_slam/build/sentry_interface' returned '0': CMAKE_PREFIX_PATH=${CMAKE_PREFIX_PATH}:/home/robotega/heaven_slam/install/serial_setting:/home/robotega/heaven_slam/install/chassis_ctr:/opt/ros/humble /usr/bin/cmake --build /home/robotega/heaven_slam/build/sentry_interface -- -j8 -l8
[22.296s] DEBUG:colcon.colcon_core.event_handler.log_command:Invoking command in '/home/robotega/heaven_slam/build/sentry_interface': CMAKE_PREFIX_PATH=${CMAKE_PREFIX_PATH}:/home/robotega/heaven_slam/install/serial_setting:/home/robotega/heaven_slam/install/chassis_ctr:/opt/ros/humble /usr/bin/cmake --install /home/robotega/heaven_slam/build/sentry_interface
[22.523s] Level 1:colcon.colcon_core.environment:create_environment_scripts_only(sentry_interface)
[22.524s] Level 1:colcon.colcon_core.environment:checking '/home/robotega/heaven_slam/install/sentry_interface' for CMake module files
[22.525s] DEBUG:colcon.colcon_core.event_handler.log_command:Invoked command in '/home/robotega/heaven_slam/build/sentry_interface' returned '0': CMAKE_PREFIX_PATH=${CMAKE_PREFIX_PATH}:/home/robotega/heaven_slam/install/serial_setting:/home/robotega/heaven_slam/install/chassis_ctr:/opt/ros/humble /usr/bin/cmake --install /home/robotega/heaven_slam/build/sentry_interface
[22.527s] Level 1:colcon.colcon_core.environment:checking '/home/robotega/heaven_slam/install/sentry_interface' for CMake config files
[22.530s] Level 1:colcon.colcon_core.shell:create_environment_hook('sentry_interface', 'cmake_prefix_path')
[22.531s] INFO:colcon.colcon_core.shell:Creating environment hook '/home/robotega/heaven_slam/install/sentry_interface/share/sentry_interface/hook/cmake_prefix_path.ps1'
[22.533s] INFO:colcon.colcon_core.shell:Creating environment descriptor '/home/robotega/heaven_slam/install/sentry_interface/share/sentry_interface/hook/cmake_prefix_path.dsv'
[22.534s] INFO:colcon.colcon_core.shell:Creating environment hook '/home/robotega/heaven_slam/install/sentry_interface/share/sentry_interface/hook/cmake_prefix_path.sh'
[22.536s] Level 1:colcon.colcon_core.environment:checking '/home/robotega/heaven_slam/install/sentry_interface/lib'
[22.537s] Level 1:colcon.colcon_core.shell:create_environment_hook('sentry_interface', 'ld_library_path_lib')
[22.537s] INFO:colcon.colcon_core.shell:Creating environment hook '/home/robotega/heaven_slam/install/sentry_interface/share/sentry_interface/hook/ld_library_path_lib.ps1'
[22.539s] INFO:colcon.colcon_core.shell:Creating environment descriptor '/home/robotega/heaven_slam/install/sentry_interface/share/sentry_interface/hook/ld_library_path_lib.dsv'
[22.540s] INFO:colcon.colcon_core.shell:Creating environment hook '/home/robotega/heaven_slam/install/sentry_interface/share/sentry_interface/hook/ld_library_path_lib.sh'
[22.541s] Level 1:colcon.colcon_core.environment:checking '/home/robotega/heaven_slam/install/sentry_interface/bin'
[22.542s] Level 1:colcon.colcon_core.environment:checking '/home/robotega/heaven_slam/install/sentry_interface/lib/pkgconfig/sentry_interface.pc'
[22.543s] Level 1:colcon.colcon_core.environment:checking '/home/robotega/heaven_slam/install/sentry_interface/lib/python3.10/site-packages'
[22.543s] Level 1:colcon.colcon_core.environment:checking '/home/robotega/heaven_slam/install/sentry_interface/bin'
[22.545s] INFO:colcon.colcon_core.shell:Creating package script '/home/robotega/heaven_slam/install/sentry_interface/share/sentry_interface/package.ps1'
[22.547s] INFO:colcon.colcon_core.shell:Creating package descriptor '/home/robotega/heaven_slam/install/sentry_interface/share/sentry_interface/package.dsv'
[22.548s] INFO:colcon.colcon_core.shell:Creating package script '/home/robotega/heaven_slam/install/sentry_interface/share/sentry_interface/package.sh'
[22.550s] INFO:colcon.colcon_core.shell:Creating package script '/home/robotega/heaven_slam/install/sentry_interface/share/sentry_interface/package.bash'
[22.551s] INFO:colcon.colcon_core.shell:Creating package script '/home/robotega/heaven_slam/install/sentry_interface/share/sentry_interface/package.zsh'
[22.553s] Level 1:colcon.colcon_core.environment:create_file_with_runtime_dependencies(/home/robotega/heaven_slam/install/sentry_interface/share/colcon-core/packages/sentry_interface)
[22.555s] Level 1:colcon.colcon_core.environment:create_environment_scripts_only(sentry_interface)
[22.556s] Level 1:colcon.colcon_core.environment:checking '/home/robotega/heaven_slam/install/sentry_interface' for CMake module files
[22.558s] Level 1:colcon.colcon_core.environment:checking '/home/robotega/heaven_slam/install/sentry_interface' for CMake config files
[22.561s] Level 1:colcon.colcon_core.shell:create_environment_hook('sentry_interface', 'cmake_prefix_path')
[22.561s] INFO:colcon.colcon_core.shell:Creating environment hook '/home/robotega/heaven_slam/install/sentry_interface/share/sentry_interface/hook/cmake_prefix_path.ps1'
[22.563s] INFO:colcon.colcon_core.shell:Creating environment descriptor '/home/robotega/heaven_slam/install/sentry_interface/share/sentry_interface/hook/cmake_prefix_path.dsv'
[22.564s] INFO:colcon.colcon_core.shell:Creating environment hook '/home/robotega/heaven_slam/install/sentry_interface/share/sentry_interface/hook/cmake_prefix_path.sh'
[22.566s] Level 1:colcon.colcon_core.environment:checking '/home/robotega/heaven_slam/install/sentry_interface/lib'
[22.566s] Level 1:colcon.colcon_core.shell:create_environment_hook('sentry_interface', 'ld_library_path_lib')
[22.567s] INFO:colcon.colcon_core.shell:Creating environment hook '/home/robotega/heaven_slam/install/sentry_interface/share/sentry_interface/hook/ld_library_path_lib.ps1'
[22.569s] INFO:colcon.colcon_core.shell:Creating environment descriptor '/home/robotega/heaven_slam/install/sentry_interface/share/sentry_interface/hook/ld_library_path_lib.dsv'
[22.570s] INFO:colcon.colcon_core.shell:Creating environment hook '/home/robotega/heaven_slam/install/sentry_interface/share/sentry_interface/hook/ld_library_path_lib.sh'
[22.571s] Level 1:colcon.colcon_core.environment:checking '/home/robotega/heaven_slam/install/sentry_interface/bin'
[22.571s] Level 1:colcon.colcon_core.environment:checking '/home/robotega/heaven_slam/install/sentry_interface/lib/pkgconfig/sentry_interface.pc'
[22.572s] Level 1:colcon.colcon_core.environment:checking '/home/robotega/heaven_slam/install/sentry_interface/lib/python3.10/site-packages'
[22.573s] Level 1:colcon.colcon_core.environment:checking '/home/robotega/heaven_slam/install/sentry_interface/bin'
[22.574s] INFO:colcon.colcon_core.shell:Creating package script '/home/robotega/heaven_slam/install/sentry_interface/share/sentry_interface/package.ps1'
[22.576s] INFO:colcon.colcon_core.shell:Creating package descriptor '/home/robotega/heaven_slam/install/sentry_interface/share/sentry_interface/package.dsv'
[22.577s] INFO:colcon.colcon_core.shell:Creating package script '/home/robotega/heaven_slam/install/sentry_interface/share/sentry_interface/package.sh'
[22.579s] INFO:colcon.colcon_core.shell:Creating package script '/home/robotega/heaven_slam/install/sentry_interface/share/sentry_interface/package.bash'
[22.580s] INFO:colcon.colcon_core.shell:Creating package script '/home/robotega/heaven_slam/install/sentry_interface/share/sentry_interface/package.zsh'
[22.581s] Level 1:colcon.colcon_core.environment:create_file_with_runtime_dependencies(/home/robotega/heaven_slam/install/sentry_interface/share/colcon-core/packages/sentry_interface)
[22.582s] INFO:colcon.colcon_ros.task.ament_python.build:Building ROS package in '/home/robotega/heaven_slam/src/serial_setting' with build type 'ament_python'
[22.583s] Level 1:colcon.colcon_core.shell:create_environment_hook('serial_setting', 'ament_prefix_path')
[22.583s] INFO:colcon.colcon_core.shell:Creating environment hook '/home/robotega/heaven_slam/install/serial_setting/share/serial_setting/hook/ament_prefix_path.ps1'
[22.586s] INFO:colcon.colcon_core.shell:Creating environment descriptor '/home/robotega/heaven_slam/install/serial_setting/share/serial_setting/hook/ament_prefix_path.dsv'
[22.587s] INFO:colcon.colcon_core.shell:Creating environment hook '/home/robotega/heaven_slam/install/serial_setting/share/serial_setting/hook/ament_prefix_path.sh'
[22.589s] INFO:colcon.colcon_core.shell:Skip shell extension 'powershell' for command environment: Not usable outside of PowerShell
[22.589s] DEBUG:colcon.colcon_core.shell:Skip shell extension 'dsv' for command environment
[23.218s] INFO:colcon.colcon_core.task.python.build:Building Python package in '/home/robotega/heaven_slam/src/serial_setting'
[23.219s] INFO:colcon.colcon_core.shell:Skip shell extension 'powershell' for command environment: Not usable outside of PowerShell
[23.220s] DEBUG:colcon.colcon_core.shell:Skip shell extension 'dsv' for command environment
[24.029s] DEBUG:colcon.colcon_core.event_handler.log_command:Invoking command in '/home/robotega/heaven_slam/build/serial_setting': PYTHONPATH=/home/robotega/heaven_slam/build/serial_setting/prefix_override:/usr/lib/python3/dist-packages/colcon_core/task/python/colcon_distutils_commands:/home/robotega/heaven_slam/install/serial_setting/lib/python3.10/site-packages:${PYTHONPATH} /usr/bin/python3 -W ignore:setup.py install is deprecated -W ignore:easy_install command is deprecated setup.py develop --editable --build-directory /home/robotega/heaven_slam/build/serial_setting/build --no-deps symlink_data
[25.045s] Level 1:colcon.colcon_core.shell:create_environment_hook('serial_setting', 'pythonpath_develop')
[25.046s] INFO:colcon.colcon_core.shell:Creating environment hook '/home/robotega/heaven_slam/build/serial_setting/share/serial_setting/hook/pythonpath_develop.ps1'
[25.047s] DEBUG:colcon.colcon_core.event_handler.log_command:Invoked command in '/home/robotega/heaven_slam/build/serial_setting' returned '0': PYTHONPATH=/home/robotega/heaven_slam/build/serial_setting/prefix_override:/usr/lib/python3/dist-packages/colcon_core/task/python/colcon_distutils_commands:/home/robotega/heaven_slam/install/serial_setting/lib/python3.10/site-packages:${PYTHONPATH} /usr/bin/python3 -W ignore:setup.py install is deprecated -W ignore:easy_install command is deprecated setup.py develop --editable --build-directory /home/robotega/heaven_slam/build/serial_setting/build --no-deps symlink_data
[25.048s] INFO:colcon.colcon_core.shell:Creating environment descriptor '/home/robotega/heaven_slam/build/serial_setting/share/serial_setting/hook/pythonpath_develop.dsv'
[25.049s] INFO:colcon.colcon_core.shell:Creating environment hook '/home/robotega/heaven_slam/build/serial_setting/share/serial_setting/hook/pythonpath_develop.sh'
[25.050s] Level 1:colcon.colcon_core.environment:checking '/home/robotega/heaven_slam/install/serial_setting' for CMake module files
[25.051s] Level 1:colcon.colcon_core.environment:checking '/home/robotega/heaven_slam/install/serial_setting' for CMake config files
[25.052s] Level 1:colcon.colcon_core.environment:checking '/home/robotega/heaven_slam/install/serial_setting/lib'
[25.052s] Level 1:colcon.colcon_core.environment:checking '/home/robotega/heaven_slam/install/serial_setting/bin'
[25.053s] Level 1:colcon.colcon_core.environment:checking '/home/robotega/heaven_slam/install/serial_setting/lib/pkgconfig/serial_setting.pc'
[25.053s] Level 1:colcon.colcon_core.environment:checking '/home/robotega/heaven_slam/install/serial_setting/lib/python3.10/site-packages'
[25.053s] Level 1:colcon.colcon_core.shell:create_environment_hook('serial_setting', 'pythonpath')
[25.054s] INFO:colcon.colcon_core.shell:Creating environment hook '/home/robotega/heaven_slam/install/serial_setting/share/serial_setting/hook/pythonpath.ps1'
[25.055s] INFO:colcon.colcon_core.shell:Creating environment descriptor '/home/robotega/heaven_slam/install/serial_setting/share/serial_setting/hook/pythonpath.dsv'
[25.056s] INFO:colcon.colcon_core.shell:Creating environment hook '/home/robotega/heaven_slam/install/serial_setting/share/serial_setting/hook/pythonpath.sh'
[25.057s] Level 1:colcon.colcon_core.environment:checking '/home/robotega/heaven_slam/install/serial_setting/bin'
[25.057s] Level 1:colcon.colcon_core.environment:create_environment_scripts_only(serial_setting)
[25.058s] INFO:colcon.colcon_core.shell:Creating package script '/home/robotega/heaven_slam/install/serial_setting/share/serial_setting/package.ps1'
[25.059s] INFO:colcon.colcon_core.shell:Creating package descriptor '/home/robotega/heaven_slam/install/serial_setting/share/serial_setting/package.dsv'
[25.061s] INFO:colcon.colcon_core.shell:Creating package script '/home/robotega/heaven_slam/install/serial_setting/share/serial_setting/package.sh'
[25.063s] INFO:colcon.colcon_core.shell:Creating package script '/home/robotega/heaven_slam/install/serial_setting/share/serial_setting/package.bash'
[25.064s] INFO:colcon.colcon_core.shell:Creating package script '/home/robotega/heaven_slam/install/serial_setting/share/serial_setting/package.zsh'
[25.065s] Level 1:colcon.colcon_core.environment:create_file_with_runtime_dependencies(/home/robotega/heaven_slam/install/serial_setting/share/colcon-core/packages/serial_setting)
[25.066s] DEBUG:colcon.colcon_parallel_executor.executor.parallel:closing loop
[25.067s] DEBUG:colcon.colcon_parallel_executor.executor.parallel:loop closed
[25.067s] DEBUG:colcon.colcon_parallel_executor.executor.parallel:run_until_complete finished with '0'
[25.068s] DEBUG:colcon.colcon_core.event_reactor:joining thread
[25.085s] INFO:colcon.colcon_core.plugin_system:Skipping extension 'colcon_notification.desktop_notification.terminal_notifier': Not used on non-Darwin systems
[25.085s] INFO:colcon.colcon_core.plugin_system:Skipping extension 'colcon_notification.desktop_notification.win32': Not used on non-Windows systems
[25.085s] INFO:colcon.colcon_notification.desktop_notification:Sending desktop notification using 'notify2'
[25.129s] DEBUG:colcon.colcon_core.event_reactor:joined thread
[25.130s] INFO:colcon.colcon_core.shell:Creating prefix script '/home/robotega/heaven_slam/install/local_setup.ps1'
[25.133s] INFO:colcon.colcon_core.shell:Creating prefix util module '/home/robotega/heaven_slam/install/_local_setup_util_ps1.py'
[25.136s] INFO:colcon.colcon_core.shell:Creating prefix chain script '/home/robotega/heaven_slam/install/setup.ps1'
[25.141s] INFO:colcon.colcon_core.shell:Creating prefix script '/home/robotega/heaven_slam/install/local_setup.sh'
[25.143s] INFO:colcon.colcon_core.shell:Creating prefix util module '/home/robotega/heaven_slam/install/_local_setup_util_sh.py'
[25.144s] INFO:colcon.colcon_core.shell:Creating prefix chain script '/home/robotega/heaven_slam/install/setup.sh'
[25.148s] INFO:colcon.colcon_core.shell:Creating prefix script '/home/robotega/heaven_slam/install/local_setup.bash'
[25.149s] INFO:colcon.colcon_core.shell:Creating prefix chain script '/home/robotega/heaven_slam/install/setup.bash'
[25.153s] INFO:colcon.colcon_core.shell:Creating prefix script '/home/robotega/heaven_slam/install/local_setup.zsh'
[25.154s] INFO:colcon.colcon_core.shell:Creating prefix chain script '/home/robotega/heaven_slam/install/setup.zsh'
