[1.807s] Invoking command in '/home/robotega/heaven_slam/build/chassis_ctr': PYTHONPATH=/home/robotega/heaven_slam/build/chassis_ctr/prefix_override:/usr/lib/python3/dist-packages/colcon_core/task/python/colcon_distutils_commands:/home/robotega/heaven_slam/install/chassis_ctr/lib/python3.10/site-packages:${PYTHONPATH} /usr/bin/python3 -W ignore:setup.py install is deprecated -W ignore:easy_install command is deprecated setup.py develop --editable --build-directory /home/robotega/heaven_slam/build/chassis_ctr/build --no-deps symlink_data
[2.400s] running develop
[2.771s] running egg_info
[2.771s] writing chassis_ctr.egg-info/PKG-INFO
[2.772s] writing dependency_links to chassis_ctr.egg-info/dependency_links.txt
[2.772s] writing entry points to chassis_ctr.egg-info/entry_points.txt
[2.772s] writing requirements to chassis_ctr.egg-info/requires.txt
[2.772s] writing top-level names to chassis_ctr.egg-info/top_level.txt
[2.777s] reading manifest file 'chassis_ctr.egg-info/SOURCES.txt'
[2.779s] writing manifest file 'chassis_ctr.egg-info/SOURCES.txt'
[2.782s] running build_ext
[2.782s] Creating /home/robotega/heaven_slam/install/chassis_ctr/lib/python3.10/site-packages/chassis-ctr.egg-link (link to .)
[2.784s] Installing chassis_ctr_test_node script to /home/robotega/heaven_slam/install/chassis_ctr/lib/chassis_ctr
[2.785s] Installing cmd_vel_converter script to /home/robotega/heaven_slam/install/chassis_ctr/lib/chassis_ctr
[2.785s] Installing go_to_pose script to /home/robotega/heaven_slam/install/chassis_ctr/lib/chassis_ctr
[2.785s] Installing heaven_nav_client script to /home/robotega/heaven_slam/install/chassis_ctr/lib/chassis_ctr
[2.785s] Installing sentry_ctr script to /home/robotega/heaven_slam/install/chassis_ctr/lib/chassis_ctr
[2.786s] Installing vel_test_node script to /home/robotega/heaven_slam/install/chassis_ctr/lib/chassis_ctr
[2.786s] 
[2.786s] Installed /home/robotega/heaven_slam/build/chassis_ctr
[2.786s] running symlink_data
[2.870s] Invoked command in '/home/robotega/heaven_slam/build/chassis_ctr' returned '0': PYTHONPATH=/home/robotega/heaven_slam/build/chassis_ctr/prefix_override:/usr/lib/python3/dist-packages/colcon_core/task/python/colcon_distutils_commands:/home/robotega/heaven_slam/install/chassis_ctr/lib/python3.10/site-packages:${PYTHONPATH} /usr/bin/python3 -W ignore:setup.py install is deprecated -W ignore:easy_install command is deprecated setup.py develop --editable --build-directory /home/robotega/heaven_slam/build/chassis_ctr/build --no-deps symlink_data
