[1.343s] Invoking command in '/home/speaker/heaven_slam/build/chassis_ctr': PYTHONPATH=/home/speaker/heaven_slam/build/chassis_ctr/prefix_override:/usr/lib/python3/dist-packages/colcon_core/task/python/colcon_distutils_commands:/home/speaker/heaven_slam/install/chassis_ctr/lib/python3.10/site-packages:${PYTHONPATH} /usr/bin/python3 -W ignore:setup.py install is deprecated -W ignore:easy_install command is deprecated setup.py develop --editable --build-directory /home/speaker/heaven_slam/build/chassis_ctr/build --no-deps symlink_data
[1.930s] running develop
[2.296s] running egg_info
[2.296s] writing chassis_ctr.egg-info/PKG-INFO
[2.297s] writing dependency_links to chassis_ctr.egg-info/dependency_links.txt
[2.297s] writing entry points to chassis_ctr.egg-info/entry_points.txt
[2.298s] writing requirements to chassis_ctr.egg-info/requires.txt
[2.298s] writing top-level names to chassis_ctr.egg-info/top_level.txt
[2.302s] reading manifest file 'chassis_ctr.egg-info/SOURCES.txt'
[2.303s] writing manifest file 'chassis_ctr.egg-info/SOURCES.txt'
[2.307s] running build_ext
[2.307s] Creating /home/speaker/heaven_slam/install/chassis_ctr/lib/python3.10/site-packages/chassis-ctr.egg-link (link to .)
[2.309s] Installing chassis_ctr_test_node script to /home/speaker/heaven_slam/install/chassis_ctr/lib/chassis_ctr
[2.309s] Installing cmd_vel_converter script to /home/speaker/heaven_slam/install/chassis_ctr/lib/chassis_ctr
[2.310s] Installing go_to_pose script to /home/speaker/heaven_slam/install/chassis_ctr/lib/chassis_ctr
[2.310s] Installing heaven_nav_client script to /home/speaker/heaven_slam/install/chassis_ctr/lib/chassis_ctr
[2.310s] Installing sentry_ctr script to /home/speaker/heaven_slam/install/chassis_ctr/lib/chassis_ctr
[2.311s] Installing vel_test_node script to /home/speaker/heaven_slam/install/chassis_ctr/lib/chassis_ctr
[2.311s] 
[2.311s] Installed /home/speaker/heaven_slam/build/chassis_ctr
[2.311s] running symlink_data
[2.396s] Invoked command in '/home/speaker/heaven_slam/build/chassis_ctr' returned '0': PYTHONPATH=/home/speaker/heaven_slam/build/chassis_ctr/prefix_override:/usr/lib/python3/dist-packages/colcon_core/task/python/colcon_distutils_commands:/home/speaker/heaven_slam/install/chassis_ctr/lib/python3.10/site-packages:${PYTHONPATH} /usr/bin/python3 -W ignore:setup.py install is deprecated -W ignore:easy_install command is deprecated setup.py develop --editable --build-directory /home/speaker/heaven_slam/build/chassis_ctr/build --no-deps symlink_data
