[0.223s] DEBUG:colcon:Command line arguments: ['/usr/bin/colcon', 'build', '--symlink-install']
[0.224s] DEBUG:colcon:Parsed command line arguments: Namespace(log_base=None, log_level=None, verb_name='build', build_base='build', install_base='install', merge_install=False, symlink_install=True, test_result_base=None, continue_on_error=False, executor='parallel', parallel_workers=6, event_handlers=None, ignore_user_meta=False, metas=['./colcon.meta'], base_paths=['.'], packages_ignore=None, packages_ignore_regex=None, paths=None, packages_up_to=None, packages_up_to_regex=None, packages_above=None, packages_above_and_dependencies=None, packages_above_depth=None, packages_select_by_dep=None, packages_skip_by_dep=None, packages_skip_up_to=None, packages_select_build_failed=False, packages_skip_build_finished=False, packages_select_test_failures=False, packages_skip_test_passed=False, packages_select=None, packages_skip=None, packages_select_regex=None, packages_skip_regex=None, packages_start=None, packages_end=None, allow_overriding=[], cmake_args=None, cmake_target=None, cmake_target_skip_unavailable=False, cmake_clean_cache=False, cmake_clean_first=False, cmake_force_configure=False, ament_cmake_args=None, catkin_cmake_args=None, catkin_skip_building_tests=False, verb_parser=<colcon_defaults.argument_parser.defaults.DefaultArgumentsDecorator object at 0xffffabd29b40>, verb_extension=<colcon_core.verb.build.BuildVerb object at 0xffffabd296c0>, main=<bound method BuildVerb.main of <colcon_core.verb.build.BuildVerb object at 0xffffabd296c0>>)
[0.570s] Level 1:colcon.colcon_core.package_discovery:discover_packages(colcon_meta) check parameters
[0.571s] Level 1:colcon.colcon_core.package_discovery:discover_packages(recursive) check parameters
[0.571s] Level 1:colcon.colcon_core.package_discovery:discover_packages(ignore) check parameters
[0.571s] Level 1:colcon.colcon_core.package_discovery:discover_packages(path) check parameters
[0.571s] Level 1:colcon.colcon_core.package_discovery:discover_packages(colcon_meta) discover
[0.571s] Level 1:colcon.colcon_core.package_discovery:discover_packages(recursive) discover
[0.571s] INFO:colcon.colcon_core.package_discovery:Crawling recursively for packages in '/home/speaker/heaven_slam'
[0.571s] Level 1:colcon.colcon_core.package_identification:_identify(.) by extensions ['ignore', 'ignore_ament_install']
[0.572s] Level 1:colcon.colcon_core.package_identification:_identify(.) by extension 'ignore'
[0.572s] Level 1:colcon.colcon_core.package_identification:_identify(.) by extension 'ignore_ament_install'
[0.572s] Level 1:colcon.colcon_core.package_identification:_identify(.) by extensions ['colcon_pkg']
[0.572s] Level 1:colcon.colcon_core.package_identification:_identify(.) by extension 'colcon_pkg'
[0.572s] Level 1:colcon.colcon_core.package_identification:_identify(.) by extensions ['colcon_meta']
[0.572s] Level 1:colcon.colcon_core.package_identification:_identify(.) by extension 'colcon_meta'
[0.572s] Level 1:colcon.colcon_core.package_identification:_identify(.) by extensions ['ros']
[0.572s] Level 1:colcon.colcon_core.package_identification:_identify(.) by extension 'ros'
[0.595s] Level 1:colcon.colcon_core.package_identification:_identify(.) by extensions ['cmake', 'python']
[0.595s] Level 1:colcon.colcon_core.package_identification:_identify(.) by extension 'cmake'
[0.595s] Level 1:colcon.colcon_core.package_identification:_identify(.) by extension 'python'
[0.595s] Level 1:colcon.colcon_core.package_identification:_identify(.) by extensions ['python_setup_py']
[0.595s] Level 1:colcon.colcon_core.package_identification:_identify(.) by extension 'python_setup_py'
[0.596s] Level 1:colcon.colcon_core.package_identification:_identify(build) by extensions ['ignore', 'ignore_ament_install']
[0.596s] Level 1:colcon.colcon_core.package_identification:_identify(build) by extension 'ignore'
[0.596s] Level 1:colcon.colcon_core.package_identification:_identify(build) ignored
[0.596s] Level 1:colcon.colcon_core.package_identification:_identify(install) by extensions ['ignore', 'ignore_ament_install']
[0.597s] Level 1:colcon.colcon_core.package_identification:_identify(install) by extension 'ignore'
[0.597s] Level 1:colcon.colcon_core.package_identification:_identify(install) ignored
[0.597s] Level 1:colcon.colcon_core.package_identification:_identify(log) by extensions ['ignore', 'ignore_ament_install']
[0.597s] Level 1:colcon.colcon_core.package_identification:_identify(log) by extension 'ignore'
[0.597s] Level 1:colcon.colcon_core.package_identification:_identify(log) ignored
[0.597s] Level 1:colcon.colcon_core.package_identification:_identify(src) by extensions ['ignore', 'ignore_ament_install']
[0.598s] Level 1:colcon.colcon_core.package_identification:_identify(src) by extension 'ignore'
[0.598s] Level 1:colcon.colcon_core.package_identification:_identify(src) by extension 'ignore_ament_install'
[0.598s] Level 1:colcon.colcon_core.package_identification:_identify(src) by extensions ['colcon_pkg']
[0.598s] Level 1:colcon.colcon_core.package_identification:_identify(src) by extension 'colcon_pkg'
[0.598s] Level 1:colcon.colcon_core.package_identification:_identify(src) by extensions ['colcon_meta']
[0.598s] Level 1:colcon.colcon_core.package_identification:_identify(src) by extension 'colcon_meta'
[0.598s] Level 1:colcon.colcon_core.package_identification:_identify(src) by extensions ['ros']
[0.598s] Level 1:colcon.colcon_core.package_identification:_identify(src) by extension 'ros'
[0.598s] Level 1:colcon.colcon_core.package_identification:_identify(src) by extensions ['cmake', 'python']
[0.598s] Level 1:colcon.colcon_core.package_identification:_identify(src) by extension 'cmake'
[0.599s] Level 1:colcon.colcon_core.package_identification:_identify(src) by extension 'python'
[0.599s] Level 1:colcon.colcon_core.package_identification:_identify(src) by extensions ['python_setup_py']
[0.599s] Level 1:colcon.colcon_core.package_identification:_identify(src) by extension 'python_setup_py'
[0.599s] Level 1:colcon.colcon_core.package_identification:_identify(src/chassis_ctr) by extensions ['ignore', 'ignore_ament_install']
[0.599s] Level 1:colcon.colcon_core.package_identification:_identify(src/chassis_ctr) by extension 'ignore'
[0.599s] Level 1:colcon.colcon_core.package_identification:_identify(src/chassis_ctr) by extension 'ignore_ament_install'
[0.599s] Level 1:colcon.colcon_core.package_identification:_identify(src/chassis_ctr) by extensions ['colcon_pkg']
[0.599s] Level 1:colcon.colcon_core.package_identification:_identify(src/chassis_ctr) by extension 'colcon_pkg'
[0.599s] Level 1:colcon.colcon_core.package_identification:_identify(src/chassis_ctr) by extensions ['colcon_meta']
[0.599s] Level 1:colcon.colcon_core.package_identification:_identify(src/chassis_ctr) by extension 'colcon_meta'
[0.600s] Level 1:colcon.colcon_core.package_identification:_identify(src/chassis_ctr) by extensions ['ros']
[0.600s] Level 1:colcon.colcon_core.package_identification:_identify(src/chassis_ctr) by extension 'ros'
[0.605s] DEBUG:colcon.colcon_core.package_identification:Package 'src/chassis_ctr' with type 'ros.ament_python' and name 'chassis_ctr'
[0.605s] Level 1:colcon.colcon_core.package_identification:_identify(src/for_symlink) by extensions ['ignore', 'ignore_ament_install']
[0.605s] Level 1:colcon.colcon_core.package_identification:_identify(src/for_symlink) by extension 'ignore'
[0.605s] Level 1:colcon.colcon_core.package_identification:_identify(src/for_symlink) by extension 'ignore_ament_install'
[0.605s] Level 1:colcon.colcon_core.package_identification:_identify(src/for_symlink) by extensions ['colcon_pkg']
[0.606s] Level 1:colcon.colcon_core.package_identification:_identify(src/for_symlink) by extension 'colcon_pkg'
[0.606s] Level 1:colcon.colcon_core.package_identification:_identify(src/for_symlink) by extensions ['colcon_meta']
[0.606s] Level 1:colcon.colcon_core.package_identification:_identify(src/for_symlink) by extension 'colcon_meta'
[0.606s] Level 1:colcon.colcon_core.package_identification:_identify(src/for_symlink) by extensions ['ros']
[0.606s] Level 1:colcon.colcon_core.package_identification:_identify(src/for_symlink) by extension 'ros'
[0.607s] DEBUG:colcon.colcon_core.package_identification:Package 'src/for_symlink' with type 'ros.ament_python' and name 'for_symlink'
[0.607s] Level 1:colcon.colcon_core.package_identification:_identify(src/sentry_interface) by extensions ['ignore', 'ignore_ament_install']
[0.607s] Level 1:colcon.colcon_core.package_identification:_identify(src/sentry_interface) by extension 'ignore'
[0.608s] Level 1:colcon.colcon_core.package_identification:_identify(src/sentry_interface) by extension 'ignore_ament_install'
[0.608s] Level 1:colcon.colcon_core.package_identification:_identify(src/sentry_interface) by extensions ['colcon_pkg']
[0.608s] Level 1:colcon.colcon_core.package_identification:_identify(src/sentry_interface) by extension 'colcon_pkg'
[0.608s] Level 1:colcon.colcon_core.package_identification:_identify(src/sentry_interface) by extensions ['colcon_meta']
[0.608s] Level 1:colcon.colcon_core.package_identification:_identify(src/sentry_interface) by extension 'colcon_meta'
[0.608s] Level 1:colcon.colcon_core.package_identification:_identify(src/sentry_interface) by extensions ['ros']
[0.608s] Level 1:colcon.colcon_core.package_identification:_identify(src/sentry_interface) by extension 'ros'
[0.609s] DEBUG:colcon.colcon_core.package_identification:Package 'src/sentry_interface' with type 'ros.ament_cmake' and name 'sentry_interface'
[0.610s] Level 1:colcon.colcon_core.package_identification:_identify(src/serial_setting) by extensions ['ignore', 'ignore_ament_install']
[0.610s] Level 1:colcon.colcon_core.package_identification:_identify(src/serial_setting) by extension 'ignore'
[0.610s] Level 1:colcon.colcon_core.package_identification:_identify(src/serial_setting) by extension 'ignore_ament_install'
[0.610s] Level 1:colcon.colcon_core.package_identification:_identify(src/serial_setting) by extensions ['colcon_pkg']
[0.610s] Level 1:colcon.colcon_core.package_identification:_identify(src/serial_setting) by extension 'colcon_pkg'
[0.610s] Level 1:colcon.colcon_core.package_identification:_identify(src/serial_setting) by extensions ['colcon_meta']
[0.610s] Level 1:colcon.colcon_core.package_identification:_identify(src/serial_setting) by extension 'colcon_meta'
[0.610s] Level 1:colcon.colcon_core.package_identification:_identify(src/serial_setting) by extensions ['ros']
[0.611s] Level 1:colcon.colcon_core.package_identification:_identify(src/serial_setting) by extension 'ros'
[0.612s] DEBUG:colcon.colcon_core.package_identification:Package 'src/serial_setting' with type 'ros.ament_python' and name 'serial_setting'
[0.612s] Level 1:colcon.colcon_core.package_identification:_identify(src/test_pkg) by extensions ['ignore', 'ignore_ament_install']
[0.612s] Level 1:colcon.colcon_core.package_identification:_identify(src/test_pkg) by extension 'ignore'
[0.612s] Level 1:colcon.colcon_core.package_identification:_identify(src/test_pkg) by extension 'ignore_ament_install'
[0.612s] Level 1:colcon.colcon_core.package_identification:_identify(src/test_pkg) by extensions ['colcon_pkg']
[0.612s] Level 1:colcon.colcon_core.package_identification:_identify(src/test_pkg) by extension 'colcon_pkg'
[0.613s] Level 1:colcon.colcon_core.package_identification:_identify(src/test_pkg) by extensions ['colcon_meta']
[0.613s] Level 1:colcon.colcon_core.package_identification:_identify(src/test_pkg) by extension 'colcon_meta'
[0.613s] Level 1:colcon.colcon_core.package_identification:_identify(src/test_pkg) by extensions ['ros']
[0.613s] Level 1:colcon.colcon_core.package_identification:_identify(src/test_pkg) by extension 'ros'
[0.614s] DEBUG:colcon.colcon_core.package_identification:Package 'src/test_pkg' with type 'ros.ament_python' and name 'test_pkg'
[0.614s] Level 1:colcon.colcon_core.package_discovery:discover_packages(recursive) using defaults
[0.614s] Level 1:colcon.colcon_core.package_discovery:discover_packages(ignore) discover
[0.614s] Level 1:colcon.colcon_core.package_discovery:discover_packages(ignore) using defaults
[0.614s] Level 1:colcon.colcon_core.package_discovery:discover_packages(path) discover
[0.614s] Level 1:colcon.colcon_core.package_discovery:discover_packages(path) using defaults
[0.658s] Level 1:colcon.colcon_core.package_discovery:discover_packages(prefix_path) check parameters
[0.658s] Level 1:colcon.colcon_core.package_discovery:discover_packages(prefix_path) discover
[0.664s] DEBUG:colcon.colcon_installed_package_information.package_discovery:Found 17 installed packages in /home/speaker/pb_rmsimulation/install
[0.665s] DEBUG:colcon.colcon_installed_package_information.package_discovery:Found 2 installed packages in /home/speaker/heaven_ws/install
[0.666s] DEBUG:colcon.colcon_installed_package_information.package_discovery:Found 1 installed packages in /home/speaker/ws_livox/install
[0.669s] DEBUG:colcon.colcon_installed_package_information.package_discovery:Found 339 installed packages in /opt/ros/humble
[0.699s] Level 1:colcon.colcon_core.package_discovery:discover_packages(prefix_path) using defaults
[0.792s] Level 5:colcon.colcon_core.verb:set package 'chassis_ctr' build argument 'cmake_args' from command line to 'None'
[0.792s] Level 5:colcon.colcon_core.verb:set package 'chassis_ctr' build argument 'cmake_target' from command line to 'None'
[0.792s] Level 5:colcon.colcon_core.verb:set package 'chassis_ctr' build argument 'cmake_target_skip_unavailable' from command line to 'False'
[0.792s] Level 5:colcon.colcon_core.verb:set package 'chassis_ctr' build argument 'cmake_clean_cache' from command line to 'False'
[0.792s] Level 5:colcon.colcon_core.verb:set package 'chassis_ctr' build argument 'cmake_clean_first' from command line to 'False'
[0.792s] Level 5:colcon.colcon_core.verb:set package 'chassis_ctr' build argument 'cmake_force_configure' from command line to 'False'
[0.792s] Level 5:colcon.colcon_core.verb:set package 'chassis_ctr' build argument 'ament_cmake_args' from command line to 'None'
[0.792s] Level 5:colcon.colcon_core.verb:set package 'chassis_ctr' build argument 'catkin_cmake_args' from command line to 'None'
[0.792s] Level 5:colcon.colcon_core.verb:set package 'chassis_ctr' build argument 'catkin_skip_building_tests' from command line to 'False'
[0.792s] DEBUG:colcon.colcon_core.verb:Building package 'chassis_ctr' with the following arguments: {'ament_cmake_args': None, 'build_base': '/home/speaker/heaven_slam/build/chassis_ctr', 'catkin_cmake_args': None, 'catkin_skip_building_tests': False, 'cmake_args': None, 'cmake_clean_cache': False, 'cmake_clean_first': False, 'cmake_force_configure': False, 'cmake_target': None, 'cmake_target_skip_unavailable': False, 'install_base': '/home/speaker/heaven_slam/install/chassis_ctr', 'merge_install': False, 'path': '/home/speaker/heaven_slam/src/chassis_ctr', 'symlink_install': True, 'test_result_base': None}
[0.793s] Level 5:colcon.colcon_core.verb:set package 'for_symlink' build argument 'cmake_args' from command line to 'None'
[0.793s] Level 5:colcon.colcon_core.verb:set package 'for_symlink' build argument 'cmake_target' from command line to 'None'
[0.793s] Level 5:colcon.colcon_core.verb:set package 'for_symlink' build argument 'cmake_target_skip_unavailable' from command line to 'False'
[0.793s] Level 5:colcon.colcon_core.verb:set package 'for_symlink' build argument 'cmake_clean_cache' from command line to 'False'
[0.793s] Level 5:colcon.colcon_core.verb:set package 'for_symlink' build argument 'cmake_clean_first' from command line to 'False'
[0.793s] Level 5:colcon.colcon_core.verb:set package 'for_symlink' build argument 'cmake_force_configure' from command line to 'False'
[0.793s] Level 5:colcon.colcon_core.verb:set package 'for_symlink' build argument 'ament_cmake_args' from command line to 'None'
[0.794s] Level 5:colcon.colcon_core.verb:set package 'for_symlink' build argument 'catkin_cmake_args' from command line to 'None'
[0.794s] Level 5:colcon.colcon_core.verb:set package 'for_symlink' build argument 'catkin_skip_building_tests' from command line to 'False'
[0.794s] DEBUG:colcon.colcon_core.verb:Building package 'for_symlink' with the following arguments: {'ament_cmake_args': None, 'build_base': '/home/speaker/heaven_slam/build/for_symlink', 'catkin_cmake_args': None, 'catkin_skip_building_tests': False, 'cmake_args': None, 'cmake_clean_cache': False, 'cmake_clean_first': False, 'cmake_force_configure': False, 'cmake_target': None, 'cmake_target_skip_unavailable': False, 'install_base': '/home/speaker/heaven_slam/install/for_symlink', 'merge_install': False, 'path': '/home/speaker/heaven_slam/src/for_symlink', 'symlink_install': True, 'test_result_base': None}
[0.794s] Level 5:colcon.colcon_core.verb:set package 'sentry_interface' build argument 'cmake_args' from command line to 'None'
[0.794s] Level 5:colcon.colcon_core.verb:set package 'sentry_interface' build argument 'cmake_target' from command line to 'None'
[0.794s] Level 5:colcon.colcon_core.verb:set package 'sentry_interface' build argument 'cmake_target_skip_unavailable' from command line to 'False'
[0.794s] Level 5:colcon.colcon_core.verb:set package 'sentry_interface' build argument 'cmake_clean_cache' from command line to 'False'
[0.795s] Level 5:colcon.colcon_core.verb:set package 'sentry_interface' build argument 'cmake_clean_first' from command line to 'False'
[0.795s] Level 5:colcon.colcon_core.verb:set package 'sentry_interface' build argument 'cmake_force_configure' from command line to 'False'
[0.795s] Level 5:colcon.colcon_core.verb:set package 'sentry_interface' build argument 'ament_cmake_args' from command line to 'None'
[0.795s] Level 5:colcon.colcon_core.verb:set package 'sentry_interface' build argument 'catkin_cmake_args' from command line to 'None'
[0.795s] Level 5:colcon.colcon_core.verb:set package 'sentry_interface' build argument 'catkin_skip_building_tests' from command line to 'False'
[0.795s] DEBUG:colcon.colcon_core.verb:Building package 'sentry_interface' with the following arguments: {'ament_cmake_args': None, 'build_base': '/home/speaker/heaven_slam/build/sentry_interface', 'catkin_cmake_args': None, 'catkin_skip_building_tests': False, 'cmake_args': None, 'cmake_clean_cache': False, 'cmake_clean_first': False, 'cmake_force_configure': False, 'cmake_target': None, 'cmake_target_skip_unavailable': False, 'install_base': '/home/speaker/heaven_slam/install/sentry_interface', 'merge_install': False, 'path': '/home/speaker/heaven_slam/src/sentry_interface', 'symlink_install': True, 'test_result_base': None}
[0.795s] Level 5:colcon.colcon_core.verb:set package 'serial_setting' build argument 'cmake_args' from command line to 'None'
[0.795s] Level 5:colcon.colcon_core.verb:set package 'serial_setting' build argument 'cmake_target' from command line to 'None'
[0.796s] Level 5:colcon.colcon_core.verb:set package 'serial_setting' build argument 'cmake_target_skip_unavailable' from command line to 'False'
[0.796s] Level 5:colcon.colcon_core.verb:set package 'serial_setting' build argument 'cmake_clean_cache' from command line to 'False'
[0.796s] Level 5:colcon.colcon_core.verb:set package 'serial_setting' build argument 'cmake_clean_first' from command line to 'False'
[0.796s] Level 5:colcon.colcon_core.verb:set package 'serial_setting' build argument 'cmake_force_configure' from command line to 'False'
[0.796s] Level 5:colcon.colcon_core.verb:set package 'serial_setting' build argument 'ament_cmake_args' from command line to 'None'
[0.796s] Level 5:colcon.colcon_core.verb:set package 'serial_setting' build argument 'catkin_cmake_args' from command line to 'None'
[0.796s] Level 5:colcon.colcon_core.verb:set package 'serial_setting' build argument 'catkin_skip_building_tests' from command line to 'False'
[0.796s] DEBUG:colcon.colcon_core.verb:Building package 'serial_setting' with the following arguments: {'ament_cmake_args': None, 'build_base': '/home/speaker/heaven_slam/build/serial_setting', 'catkin_cmake_args': None, 'catkin_skip_building_tests': False, 'cmake_args': None, 'cmake_clean_cache': False, 'cmake_clean_first': False, 'cmake_force_configure': False, 'cmake_target': None, 'cmake_target_skip_unavailable': False, 'install_base': '/home/speaker/heaven_slam/install/serial_setting', 'merge_install': False, 'path': '/home/speaker/heaven_slam/src/serial_setting', 'symlink_install': True, 'test_result_base': None}
[0.797s] Level 5:colcon.colcon_core.verb:set package 'test_pkg' build argument 'cmake_args' from command line to 'None'
[0.797s] Level 5:colcon.colcon_core.verb:set package 'test_pkg' build argument 'cmake_target' from command line to 'None'
[0.797s] Level 5:colcon.colcon_core.verb:set package 'test_pkg' build argument 'cmake_target_skip_unavailable' from command line to 'False'
[0.797s] Level 5:colcon.colcon_core.verb:set package 'test_pkg' build argument 'cmake_clean_cache' from command line to 'False'
[0.797s] Level 5:colcon.colcon_core.verb:set package 'test_pkg' build argument 'cmake_clean_first' from command line to 'False'
[0.797s] Level 5:colcon.colcon_core.verb:set package 'test_pkg' build argument 'cmake_force_configure' from command line to 'False'
[0.797s] Level 5:colcon.colcon_core.verb:set package 'test_pkg' build argument 'ament_cmake_args' from command line to 'None'
[0.797s] Level 5:colcon.colcon_core.verb:set package 'test_pkg' build argument 'catkin_cmake_args' from command line to 'None'
[0.797s] Level 5:colcon.colcon_core.verb:set package 'test_pkg' build argument 'catkin_skip_building_tests' from command line to 'False'
[0.797s] DEBUG:colcon.colcon_core.verb:Building package 'test_pkg' with the following arguments: {'ament_cmake_args': None, 'build_base': '/home/speaker/heaven_slam/build/test_pkg', 'catkin_cmake_args': None, 'catkin_skip_building_tests': False, 'cmake_args': None, 'cmake_clean_cache': False, 'cmake_clean_first': False, 'cmake_force_configure': False, 'cmake_target': None, 'cmake_target_skip_unavailable': False, 'install_base': '/home/speaker/heaven_slam/install/test_pkg', 'merge_install': False, 'path': '/home/speaker/heaven_slam/src/test_pkg', 'symlink_install': True, 'test_result_base': None}
[0.797s] INFO:colcon.colcon_core.executor:Executing jobs using 'parallel' executor
[0.800s] DEBUG:colcon.colcon_parallel_executor.executor.parallel:run_until_complete
[0.800s] INFO:colcon.colcon_ros.task.ament_cmake.build:Building ROS package in '/home/speaker/heaven_slam/src/sentry_interface' with build type 'ament_cmake'
[0.801s] INFO:colcon.colcon_cmake.task.cmake.build:Building CMake package in '/home/speaker/heaven_slam/src/sentry_interface'
[0.806s] INFO:colcon.colcon_core.plugin_system:Skipping extension 'colcon_core.shell.bat': Not used on non-Windows systems
[0.806s] INFO:colcon.colcon_core.shell:Skip shell extension 'powershell' for command environment: Not usable outside of PowerShell
[0.806s] DEBUG:colcon.colcon_core.shell:Skip shell extension 'dsv' for command environment
[0.817s] INFO:colcon.colcon_ros.task.ament_python.build:Building ROS package in '/home/speaker/heaven_slam/src/chassis_ctr' with build type 'ament_python'
[0.818s] Level 1:colcon.colcon_core.shell:create_environment_hook('chassis_ctr', 'ament_prefix_path')
[0.818s] INFO:colcon.colcon_core.shell:Creating environment hook '/home/speaker/heaven_slam/install/chassis_ctr/share/chassis_ctr/hook/ament_prefix_path.ps1'
[0.820s] INFO:colcon.colcon_core.shell:Creating environment descriptor '/home/speaker/heaven_slam/install/chassis_ctr/share/chassis_ctr/hook/ament_prefix_path.dsv'
[0.820s] INFO:colcon.colcon_core.shell:Creating environment hook '/home/speaker/heaven_slam/install/chassis_ctr/share/chassis_ctr/hook/ament_prefix_path.sh'
[0.822s] INFO:colcon.colcon_core.shell:Skip shell extension 'powershell' for command environment: Not usable outside of PowerShell
[0.822s] DEBUG:colcon.colcon_core.shell:Skip shell extension 'dsv' for command environment
[0.833s] INFO:colcon.colcon_ros.task.ament_python.build:Building ROS package in '/home/speaker/heaven_slam/src/for_symlink' with build type 'ament_python'
[0.833s] Level 1:colcon.colcon_core.shell:create_environment_hook('for_symlink', 'ament_prefix_path')
[0.834s] INFO:colcon.colcon_core.shell:Creating environment hook '/home/speaker/heaven_slam/install/for_symlink/share/for_symlink/hook/ament_prefix_path.ps1'
[0.835s] INFO:colcon.colcon_core.shell:Creating environment descriptor '/home/speaker/heaven_slam/install/for_symlink/share/for_symlink/hook/ament_prefix_path.dsv'
[0.836s] INFO:colcon.colcon_core.shell:Creating environment hook '/home/speaker/heaven_slam/install/for_symlink/share/for_symlink/hook/ament_prefix_path.sh'
[0.837s] INFO:colcon.colcon_core.shell:Skip shell extension 'powershell' for command environment: Not usable outside of PowerShell
[0.837s] DEBUG:colcon.colcon_core.shell:Skip shell extension 'dsv' for command environment
[0.853s] DEBUG:colcon.colcon_core.event_handler.log_command:Invoking command in '/home/speaker/heaven_slam/build/sentry_interface': CMAKE_PREFIX_PATH=${CMAKE_PREFIX_PATH}:/home/speaker/heaven_ws/install/chassis_ctr:/opt/ros/humble /usr/bin/cmake /home/speaker/heaven_slam/src/sentry_interface -DAMENT_CMAKE_SYMLINK_INSTALL=1 -DCMAKE_INSTALL_PREFIX=/home/speaker/heaven_slam/install/sentry_interface
[1.433s] INFO:colcon.colcon_core.task.python.build:Building Python package in '/home/speaker/heaven_slam/src/chassis_ctr'
[1.433s] INFO:colcon.colcon_core.shell:Skip shell extension 'powershell' for command environment: Not usable outside of PowerShell
[1.434s] DEBUG:colcon.colcon_core.shell:Skip shell extension 'dsv' for command environment
[2.008s] INFO:colcon.colcon_core.task.python.build:Building Python package in '/home/speaker/heaven_slam/src/for_symlink'
[2.009s] INFO:colcon.colcon_core.shell:Skip shell extension 'powershell' for command environment: Not usable outside of PowerShell
[2.009s] DEBUG:colcon.colcon_core.shell:Skip shell extension 'dsv' for command environment
[2.805s] DEBUG:colcon.colcon_core.event_handler.log_command:Invoking command in '/home/speaker/heaven_slam/build/chassis_ctr': PYTHONPATH=/home/speaker/heaven_slam/build/chassis_ctr/prefix_override:/usr/lib/python3/dist-packages/colcon_core/task/python/colcon_distutils_commands:/home/speaker/heaven_slam/install/chassis_ctr/lib/python3.10/site-packages:${PYTHONPATH} /usr/bin/python3 -W ignore:setup.py install is deprecated -W ignore:easy_install command is deprecated setup.py develop --editable --build-directory /home/speaker/heaven_slam/build/chassis_ctr/build --no-deps symlink_data
[2.812s] DEBUG:colcon.colcon_core.event_handler.log_command:Invoking command in '/home/speaker/heaven_slam/build/for_symlink': PYTHONPATH=/home/speaker/heaven_slam/build/for_symlink/prefix_override:/usr/lib/python3/dist-packages/colcon_core/task/python/colcon_distutils_commands:/home/speaker/heaven_slam/install/for_symlink/lib/python3.10/site-packages:${PYTHONPATH} /usr/bin/python3 -W ignore:setup.py install is deprecated -W ignore:easy_install command is deprecated setup.py develop --editable --build-directory /home/speaker/heaven_slam/build/for_symlink/build --no-deps symlink_data
[3.806s] Level 1:colcon.colcon_core.shell:create_environment_hook('for_symlink', 'pythonpath_develop')
[3.807s] INFO:colcon.colcon_core.shell:Creating environment hook '/home/speaker/heaven_slam/build/for_symlink/share/for_symlink/hook/pythonpath_develop.ps1'
[3.808s] DEBUG:colcon.colcon_core.event_handler.log_command:Invoked command in '/home/speaker/heaven_slam/build/for_symlink' returned '0': PYTHONPATH=/home/speaker/heaven_slam/build/for_symlink/prefix_override:/usr/lib/python3/dist-packages/colcon_core/task/python/colcon_distutils_commands:/home/speaker/heaven_slam/install/for_symlink/lib/python3.10/site-packages:${PYTHONPATH} /usr/bin/python3 -W ignore:setup.py install is deprecated -W ignore:easy_install command is deprecated setup.py develop --editable --build-directory /home/speaker/heaven_slam/build/for_symlink/build --no-deps symlink_data
[3.810s] INFO:colcon.colcon_core.shell:Creating environment descriptor '/home/speaker/heaven_slam/build/for_symlink/share/for_symlink/hook/pythonpath_develop.dsv'
[3.812s] INFO:colcon.colcon_core.shell:Creating environment hook '/home/speaker/heaven_slam/build/for_symlink/share/for_symlink/hook/pythonpath_develop.sh'
[3.825s] Level 1:colcon.colcon_core.environment:checking '/home/speaker/heaven_slam/install/for_symlink' for CMake module files
[3.826s] Level 1:colcon.colcon_core.environment:checking '/home/speaker/heaven_slam/install/for_symlink' for CMake config files
[3.828s] Level 1:colcon.colcon_core.environment:checking '/home/speaker/heaven_slam/install/for_symlink/lib'
[3.829s] Level 1:colcon.colcon_core.environment:checking '/home/speaker/heaven_slam/install/for_symlink/bin'
[3.829s] Level 1:colcon.colcon_core.environment:checking '/home/speaker/heaven_slam/install/for_symlink/lib/pkgconfig/for_symlink.pc'
[3.829s] Level 1:colcon.colcon_core.environment:checking '/home/speaker/heaven_slam/install/for_symlink/lib/python3.10/site-packages'
[3.829s] Level 1:colcon.colcon_core.shell:create_environment_hook('for_symlink', 'pythonpath')
[3.830s] INFO:colcon.colcon_core.shell:Creating environment hook '/home/speaker/heaven_slam/install/for_symlink/share/for_symlink/hook/pythonpath.ps1'
[3.831s] INFO:colcon.colcon_core.shell:Creating environment descriptor '/home/speaker/heaven_slam/install/for_symlink/share/for_symlink/hook/pythonpath.dsv'
[3.832s] INFO:colcon.colcon_core.shell:Creating environment hook '/home/speaker/heaven_slam/install/for_symlink/share/for_symlink/hook/pythonpath.sh'
[3.834s] Level 1:colcon.colcon_core.environment:checking '/home/speaker/heaven_slam/install/for_symlink/bin'
[3.834s] Level 1:colcon.colcon_core.environment:create_environment_scripts_only(for_symlink)
[3.835s] INFO:colcon.colcon_core.shell:Creating package script '/home/speaker/heaven_slam/install/for_symlink/share/for_symlink/package.ps1'
[3.839s] INFO:colcon.colcon_core.shell:Creating package descriptor '/home/speaker/heaven_slam/install/for_symlink/share/for_symlink/package.dsv'
[3.841s] INFO:colcon.colcon_core.shell:Creating package script '/home/speaker/heaven_slam/install/for_symlink/share/for_symlink/package.sh'
[3.844s] INFO:colcon.colcon_core.shell:Creating package script '/home/speaker/heaven_slam/install/for_symlink/share/for_symlink/package.bash'
[3.847s] INFO:colcon.colcon_core.shell:Creating package script '/home/speaker/heaven_slam/install/for_symlink/share/for_symlink/package.zsh'
[3.850s] Level 1:colcon.colcon_core.environment:create_file_with_runtime_dependencies(/home/speaker/heaven_slam/install/for_symlink/share/colcon-core/packages/for_symlink)
[3.853s] Level 1:colcon.colcon_core.shell:create_environment_hook('chassis_ctr', 'pythonpath_develop')
[3.854s] INFO:colcon.colcon_core.shell:Creating environment hook '/home/speaker/heaven_slam/build/chassis_ctr/share/chassis_ctr/hook/pythonpath_develop.ps1'
[3.857s] DEBUG:colcon.colcon_core.event_handler.log_command:Invoked command in '/home/speaker/heaven_slam/build/chassis_ctr' returned '0': PYTHONPATH=/home/speaker/heaven_slam/build/chassis_ctr/prefix_override:/usr/lib/python3/dist-packages/colcon_core/task/python/colcon_distutils_commands:/home/speaker/heaven_slam/install/chassis_ctr/lib/python3.10/site-packages:${PYTHONPATH} /usr/bin/python3 -W ignore:setup.py install is deprecated -W ignore:easy_install command is deprecated setup.py develop --editable --build-directory /home/speaker/heaven_slam/build/chassis_ctr/build --no-deps symlink_data
[3.857s] INFO:colcon.colcon_core.shell:Creating environment descriptor '/home/speaker/heaven_slam/build/chassis_ctr/share/chassis_ctr/hook/pythonpath_develop.dsv'
[3.858s] INFO:colcon.colcon_core.shell:Creating environment hook '/home/speaker/heaven_slam/build/chassis_ctr/share/chassis_ctr/hook/pythonpath_develop.sh'
[3.861s] Level 1:colcon.colcon_core.environment:checking '/home/speaker/heaven_slam/install/chassis_ctr' for CMake module files
[3.862s] Level 1:colcon.colcon_core.environment:checking '/home/speaker/heaven_slam/install/chassis_ctr' for CMake config files
[3.864s] Level 1:colcon.colcon_core.environment:checking '/home/speaker/heaven_slam/install/chassis_ctr/lib'
[3.864s] Level 1:colcon.colcon_core.environment:checking '/home/speaker/heaven_slam/install/chassis_ctr/bin'
[3.864s] Level 1:colcon.colcon_core.environment:checking '/home/speaker/heaven_slam/install/chassis_ctr/lib/pkgconfig/chassis_ctr.pc'
[3.865s] Level 1:colcon.colcon_core.environment:checking '/home/speaker/heaven_slam/install/chassis_ctr/lib/python3.10/site-packages'
[3.866s] Level 1:colcon.colcon_core.shell:create_environment_hook('chassis_ctr', 'pythonpath')
[3.866s] INFO:colcon.colcon_core.shell:Creating environment hook '/home/speaker/heaven_slam/install/chassis_ctr/share/chassis_ctr/hook/pythonpath.ps1'
[3.868s] INFO:colcon.colcon_core.shell:Creating environment descriptor '/home/speaker/heaven_slam/install/chassis_ctr/share/chassis_ctr/hook/pythonpath.dsv'
[3.869s] INFO:colcon.colcon_core.shell:Creating environment hook '/home/speaker/heaven_slam/install/chassis_ctr/share/chassis_ctr/hook/pythonpath.sh'
[3.871s] Level 1:colcon.colcon_core.environment:checking '/home/speaker/heaven_slam/install/chassis_ctr/bin'
[3.871s] Level 1:colcon.colcon_core.environment:create_environment_scripts_only(chassis_ctr)
[3.872s] INFO:colcon.colcon_core.shell:Creating package script '/home/speaker/heaven_slam/install/chassis_ctr/share/chassis_ctr/package.ps1'
[3.874s] INFO:colcon.colcon_core.shell:Creating package descriptor '/home/speaker/heaven_slam/install/chassis_ctr/share/chassis_ctr/package.dsv'
[3.875s] INFO:colcon.colcon_core.shell:Creating package script '/home/speaker/heaven_slam/install/chassis_ctr/share/chassis_ctr/package.sh'
[3.877s] INFO:colcon.colcon_core.shell:Creating package script '/home/speaker/heaven_slam/install/chassis_ctr/share/chassis_ctr/package.bash'
[3.878s] INFO:colcon.colcon_core.shell:Creating package script '/home/speaker/heaven_slam/install/chassis_ctr/share/chassis_ctr/package.zsh'
[3.879s] Level 1:colcon.colcon_core.environment:create_file_with_runtime_dependencies(/home/speaker/heaven_slam/install/chassis_ctr/share/colcon-core/packages/chassis_ctr)
[5.093s] DEBUG:colcon.colcon_core.event_handler.log_command:Invoked command in '/home/speaker/heaven_slam/build/sentry_interface' returned '0': CMAKE_PREFIX_PATH=${CMAKE_PREFIX_PATH}:/home/speaker/heaven_ws/install/chassis_ctr:/opt/ros/humble /usr/bin/cmake /home/speaker/heaven_slam/src/sentry_interface -DAMENT_CMAKE_SYMLINK_INSTALL=1 -DCMAKE_INSTALL_PREFIX=/home/speaker/heaven_slam/install/sentry_interface
[5.099s] DEBUG:colcon.colcon_core.event_handler.log_command:Invoking command in '/home/speaker/heaven_slam/build/sentry_interface': CMAKE_PREFIX_PATH=${CMAKE_PREFIX_PATH}:/home/speaker/heaven_ws/install/chassis_ctr:/opt/ros/humble /usr/bin/cmake --build /home/speaker/heaven_slam/build/sentry_interface -- -j6 -l6
[14.619s] DEBUG:colcon.colcon_core.event_handler.log_command:Invoked command in '/home/speaker/heaven_slam/build/sentry_interface' returned '0': CMAKE_PREFIX_PATH=${CMAKE_PREFIX_PATH}:/home/speaker/heaven_ws/install/chassis_ctr:/opt/ros/humble /usr/bin/cmake --build /home/speaker/heaven_slam/build/sentry_interface -- -j6 -l6
[14.648s] DEBUG:colcon.colcon_core.event_handler.log_command:Invoking command in '/home/speaker/heaven_slam/build/sentry_interface': CMAKE_PREFIX_PATH=${CMAKE_PREFIX_PATH}:/home/speaker/heaven_ws/install/chassis_ctr:/opt/ros/humble /usr/bin/cmake --install /home/speaker/heaven_slam/build/sentry_interface
[17.211s] Level 1:colcon.colcon_core.environment:create_environment_scripts_only(sentry_interface)
[17.212s] Level 1:colcon.colcon_core.environment:checking '/home/speaker/heaven_slam/install/sentry_interface' for CMake module files
[17.214s] DEBUG:colcon.colcon_core.event_handler.log_command:Invoked command in '/home/speaker/heaven_slam/build/sentry_interface' returned '0': CMAKE_PREFIX_PATH=${CMAKE_PREFIX_PATH}:/home/speaker/heaven_ws/install/chassis_ctr:/opt/ros/humble /usr/bin/cmake --install /home/speaker/heaven_slam/build/sentry_interface
[17.216s] Level 1:colcon.colcon_core.environment:checking '/home/speaker/heaven_slam/install/sentry_interface' for CMake config files
[17.219s] Level 1:colcon.colcon_core.shell:create_environment_hook('sentry_interface', 'cmake_prefix_path')
[17.220s] INFO:colcon.colcon_core.shell:Creating environment hook '/home/speaker/heaven_slam/install/sentry_interface/share/sentry_interface/hook/cmake_prefix_path.ps1'
[17.222s] INFO:colcon.colcon_core.shell:Creating environment descriptor '/home/speaker/heaven_slam/install/sentry_interface/share/sentry_interface/hook/cmake_prefix_path.dsv'
[17.223s] INFO:colcon.colcon_core.shell:Creating environment hook '/home/speaker/heaven_slam/install/sentry_interface/share/sentry_interface/hook/cmake_prefix_path.sh'
[17.225s] Level 1:colcon.colcon_core.environment:checking '/home/speaker/heaven_slam/install/sentry_interface/lib'
[17.226s] Level 1:colcon.colcon_core.shell:create_environment_hook('sentry_interface', 'ld_library_path_lib')
[17.226s] INFO:colcon.colcon_core.shell:Creating environment hook '/home/speaker/heaven_slam/install/sentry_interface/share/sentry_interface/hook/ld_library_path_lib.ps1'
[17.228s] INFO:colcon.colcon_core.shell:Creating environment descriptor '/home/speaker/heaven_slam/install/sentry_interface/share/sentry_interface/hook/ld_library_path_lib.dsv'
[17.229s] INFO:colcon.colcon_core.shell:Creating environment hook '/home/speaker/heaven_slam/install/sentry_interface/share/sentry_interface/hook/ld_library_path_lib.sh'
[17.230s] Level 1:colcon.colcon_core.environment:checking '/home/speaker/heaven_slam/install/sentry_interface/bin'
[17.231s] Level 1:colcon.colcon_core.environment:checking '/home/speaker/heaven_slam/install/sentry_interface/lib/pkgconfig/sentry_interface.pc'
[17.231s] Level 1:colcon.colcon_core.environment:checking '/home/speaker/heaven_slam/install/sentry_interface/lib/python3.10/site-packages'
[17.232s] Level 1:colcon.colcon_core.environment:checking '/home/speaker/heaven_slam/install/sentry_interface/bin'
[17.233s] INFO:colcon.colcon_core.shell:Creating package script '/home/speaker/heaven_slam/install/sentry_interface/share/sentry_interface/package.ps1'
[17.235s] INFO:colcon.colcon_core.shell:Creating package descriptor '/home/speaker/heaven_slam/install/sentry_interface/share/sentry_interface/package.dsv'
[17.237s] INFO:colcon.colcon_core.shell:Creating package script '/home/speaker/heaven_slam/install/sentry_interface/share/sentry_interface/package.sh'
[17.239s] INFO:colcon.colcon_core.shell:Creating package script '/home/speaker/heaven_slam/install/sentry_interface/share/sentry_interface/package.bash'
[17.240s] INFO:colcon.colcon_core.shell:Creating package script '/home/speaker/heaven_slam/install/sentry_interface/share/sentry_interface/package.zsh'
[17.241s] Level 1:colcon.colcon_core.environment:create_file_with_runtime_dependencies(/home/speaker/heaven_slam/install/sentry_interface/share/colcon-core/packages/sentry_interface)
[17.243s] Level 1:colcon.colcon_core.environment:create_environment_scripts_only(sentry_interface)
[17.244s] Level 1:colcon.colcon_core.environment:checking '/home/speaker/heaven_slam/install/sentry_interface' for CMake module files
[17.247s] Level 1:colcon.colcon_core.environment:checking '/home/speaker/heaven_slam/install/sentry_interface' for CMake config files
[17.250s] Level 1:colcon.colcon_core.shell:create_environment_hook('sentry_interface', 'cmake_prefix_path')
[17.250s] INFO:colcon.colcon_core.shell:Creating environment hook '/home/speaker/heaven_slam/install/sentry_interface/share/sentry_interface/hook/cmake_prefix_path.ps1'
[17.252s] INFO:colcon.colcon_core.shell:Creating environment descriptor '/home/speaker/heaven_slam/install/sentry_interface/share/sentry_interface/hook/cmake_prefix_path.dsv'
[17.253s] INFO:colcon.colcon_core.shell:Creating environment hook '/home/speaker/heaven_slam/install/sentry_interface/share/sentry_interface/hook/cmake_prefix_path.sh'
[17.255s] Level 1:colcon.colcon_core.environment:checking '/home/speaker/heaven_slam/install/sentry_interface/lib'
[17.255s] Level 1:colcon.colcon_core.shell:create_environment_hook('sentry_interface', 'ld_library_path_lib')
[17.256s] INFO:colcon.colcon_core.shell:Creating environment hook '/home/speaker/heaven_slam/install/sentry_interface/share/sentry_interface/hook/ld_library_path_lib.ps1'
[17.258s] INFO:colcon.colcon_core.shell:Creating environment descriptor '/home/speaker/heaven_slam/install/sentry_interface/share/sentry_interface/hook/ld_library_path_lib.dsv'
[17.259s] INFO:colcon.colcon_core.shell:Creating environment hook '/home/speaker/heaven_slam/install/sentry_interface/share/sentry_interface/hook/ld_library_path_lib.sh'
[17.261s] Level 1:colcon.colcon_core.environment:checking '/home/speaker/heaven_slam/install/sentry_interface/bin'
[17.261s] Level 1:colcon.colcon_core.environment:checking '/home/speaker/heaven_slam/install/sentry_interface/lib/pkgconfig/sentry_interface.pc'
[17.262s] Level 1:colcon.colcon_core.environment:checking '/home/speaker/heaven_slam/install/sentry_interface/lib/python3.10/site-packages'
[17.263s] Level 1:colcon.colcon_core.environment:checking '/home/speaker/heaven_slam/install/sentry_interface/bin'
[17.264s] INFO:colcon.colcon_core.shell:Creating package script '/home/speaker/heaven_slam/install/sentry_interface/share/sentry_interface/package.ps1'
[17.266s] INFO:colcon.colcon_core.shell:Creating package descriptor '/home/speaker/heaven_slam/install/sentry_interface/share/sentry_interface/package.dsv'
[17.268s] INFO:colcon.colcon_core.shell:Creating package script '/home/speaker/heaven_slam/install/sentry_interface/share/sentry_interface/package.sh'
[17.269s] INFO:colcon.colcon_core.shell:Creating package script '/home/speaker/heaven_slam/install/sentry_interface/share/sentry_interface/package.bash'
[17.271s] INFO:colcon.colcon_core.shell:Creating package script '/home/speaker/heaven_slam/install/sentry_interface/share/sentry_interface/package.zsh'
[17.273s] Level 1:colcon.colcon_core.environment:create_file_with_runtime_dependencies(/home/speaker/heaven_slam/install/sentry_interface/share/colcon-core/packages/sentry_interface)
[17.274s] INFO:colcon.colcon_ros.task.ament_python.build:Building ROS package in '/home/speaker/heaven_slam/src/serial_setting' with build type 'ament_python'
[17.274s] Level 1:colcon.colcon_core.shell:create_environment_hook('serial_setting', 'ament_prefix_path')
[17.275s] INFO:colcon.colcon_core.shell:Creating environment hook '/home/speaker/heaven_slam/install/serial_setting/share/serial_setting/hook/ament_prefix_path.ps1'
[17.278s] INFO:colcon.colcon_core.shell:Creating environment descriptor '/home/speaker/heaven_slam/install/serial_setting/share/serial_setting/hook/ament_prefix_path.dsv'
[17.279s] INFO:colcon.colcon_core.shell:Creating environment hook '/home/speaker/heaven_slam/install/serial_setting/share/serial_setting/hook/ament_prefix_path.sh'
[17.282s] INFO:colcon.colcon_core.shell:Skip shell extension 'powershell' for command environment: Not usable outside of PowerShell
[17.282s] DEBUG:colcon.colcon_core.shell:Skip shell extension 'dsv' for command environment
[17.299s] INFO:colcon.colcon_ros.task.ament_python.build:Building ROS package in '/home/speaker/heaven_slam/src/test_pkg' with build type 'ament_python'
[17.300s] Level 1:colcon.colcon_core.shell:create_environment_hook('test_pkg', 'ament_prefix_path')
[17.300s] INFO:colcon.colcon_core.shell:Creating environment hook '/home/speaker/heaven_slam/install/test_pkg/share/test_pkg/hook/ament_prefix_path.ps1'
[17.302s] INFO:colcon.colcon_core.shell:Creating environment descriptor '/home/speaker/heaven_slam/install/test_pkg/share/test_pkg/hook/ament_prefix_path.dsv'
[17.303s] INFO:colcon.colcon_core.shell:Creating environment hook '/home/speaker/heaven_slam/install/test_pkg/share/test_pkg/hook/ament_prefix_path.sh'
[17.304s] INFO:colcon.colcon_core.shell:Skip shell extension 'powershell' for command environment: Not usable outside of PowerShell
[17.304s] DEBUG:colcon.colcon_core.shell:Skip shell extension 'dsv' for command environment
[17.965s] DEBUG:colcon.colcon_parallel_executor.executor.parallel:closing loop
[17.966s] DEBUG:colcon.colcon_parallel_executor.executor.parallel:loop closed
[17.966s] DEBUG:colcon.colcon_parallel_executor.executor.parallel:run_until_complete finished with 'Command '['/usr/bin/python3', '-c', 'import sys;from contextlib import suppress;exec("with suppress(ImportError):    from setuptools.extern.packaging.specifiers    import SpecifierSet");exec("with suppress(ImportError):    from packaging.specifiers import SpecifierSet");from distutils.core import run_setup;dist = run_setup(    \'setup.py\', script_args=(\'--dry-run\',), stop_after=\'config\');skip_keys = (\'cmdclass\', \'distclass\', \'ext_modules\', \'metadata\');data = {    key: value for key, value in dist.__dict__.items()     if (        not key.startswith(\'_\') and         not callable(value) and         key not in skip_keys and         key not in dist.display_option_names    )};data[\'metadata\'] = {    k: v for k, v in dist.metadata.__dict__.items()     if k not in (\'license_files\', \'provides_extras\')};sys.stdout.buffer.write(repr(data).encode(\'utf-8\'))']' returned non-zero exit status 1.'
[17.967s] DEBUG:colcon.colcon_core.event_reactor:joining thread
[17.987s] INFO:colcon.colcon_core.plugin_system:Skipping extension 'colcon_notification.desktop_notification.terminal_notifier': Not used on non-Darwin systems
[17.987s] INFO:colcon.colcon_core.plugin_system:Skipping extension 'colcon_notification.desktop_notification.win32': Not used on non-Windows systems
[17.987s] INFO:colcon.colcon_notification.desktop_notification:Sending desktop notification using 'notify2'
[18.030s] DEBUG:colcon.colcon_core.event_reactor:joined thread
[18.031s] INFO:colcon.colcon_core.shell:Creating prefix script '/home/speaker/heaven_slam/install/local_setup.ps1'
[18.034s] INFO:colcon.colcon_core.shell:Creating prefix util module '/home/speaker/heaven_slam/install/_local_setup_util_ps1.py'
[18.038s] INFO:colcon.colcon_core.shell:Creating prefix chain script '/home/speaker/heaven_slam/install/setup.ps1'
[18.044s] INFO:colcon.colcon_core.shell:Creating prefix script '/home/speaker/heaven_slam/install/local_setup.sh'
[18.046s] INFO:colcon.colcon_core.shell:Creating prefix util module '/home/speaker/heaven_slam/install/_local_setup_util_sh.py'
[18.049s] INFO:colcon.colcon_core.shell:Creating prefix chain script '/home/speaker/heaven_slam/install/setup.sh'
[18.056s] INFO:colcon.colcon_core.shell:Creating prefix script '/home/speaker/heaven_slam/install/local_setup.bash'
[18.058s] INFO:colcon.colcon_core.shell:Creating prefix chain script '/home/speaker/heaven_slam/install/setup.bash'
[18.065s] INFO:colcon.colcon_core.shell:Creating prefix script '/home/speaker/heaven_slam/install/local_setup.zsh'
[18.066s] INFO:colcon.colcon_core.shell:Creating prefix chain script '/home/speaker/heaven_slam/install/setup.zsh'
