[0.225s] DEBUG:colcon:Command line arguments: ['/usr/bin/colcon', 'build', '--packages-select', 'serial_setting', '--symlink-install']
[0.225s] DEBUG:colcon:Parsed command line arguments: Namespace(log_base=None, log_level=None, verb_name='build', build_base='build', install_base='install', merge_install=False, symlink_install=True, test_result_base=None, continue_on_error=False, executor='parallel', parallel_workers=6, event_handlers=None, ignore_user_meta=False, metas=['./colcon.meta'], base_paths=['.'], packages_ignore=None, packages_ignore_regex=None, paths=None, packages_up_to=None, packages_up_to_regex=None, packages_above=None, packages_above_and_dependencies=None, packages_above_depth=None, packages_select_by_dep=None, packages_skip_by_dep=None, packages_skip_up_to=None, packages_select_build_failed=False, packages_skip_build_finished=False, packages_select_test_failures=False, packages_skip_test_passed=False, packages_select=['serial_setting'], packages_skip=None, packages_select_regex=None, packages_skip_regex=None, packages_start=None, packages_end=None, allow_overriding=[], cmake_args=None, cmake_target=None, cmake_target_skip_unavailable=False, cmake_clean_cache=False, cmake_clean_first=False, cmake_force_configure=False, ament_cmake_args=None, catkin_cmake_args=None, catkin_skip_building_tests=False, verb_parser=<colcon_defaults.argument_parser.defaults.DefaultArgumentsDecorator object at 0xffffa3269ba0>, verb_extension=<colcon_core.verb.build.BuildVerb object at 0xffffa3269720>, main=<bound method BuildVerb.main of <colcon_core.verb.build.BuildVerb object at 0xffffa3269720>>)
[0.570s] Level 1:colcon.colcon_core.package_discovery:discover_packages(colcon_meta) check parameters
[0.571s] Level 1:colcon.colcon_core.package_discovery:discover_packages(recursive) check parameters
[0.571s] Level 1:colcon.colcon_core.package_discovery:discover_packages(ignore) check parameters
[0.571s] Level 1:colcon.colcon_core.package_discovery:discover_packages(path) check parameters
[0.571s] Level 1:colcon.colcon_core.package_discovery:discover_packages(colcon_meta) discover
[0.571s] Level 1:colcon.colcon_core.package_discovery:discover_packages(recursive) discover
[0.571s] INFO:colcon.colcon_core.package_discovery:Crawling recursively for packages in '/home/speaker/heaven_slam'
[0.571s] Level 1:colcon.colcon_core.package_identification:_identify(.) by extensions ['ignore', 'ignore_ament_install']
[0.572s] Level 1:colcon.colcon_core.package_identification:_identify(.) by extension 'ignore'
[0.572s] Level 1:colcon.colcon_core.package_identification:_identify(.) by extension 'ignore_ament_install'
[0.572s] Level 1:colcon.colcon_core.package_identification:_identify(.) by extensions ['colcon_pkg']
[0.572s] Level 1:colcon.colcon_core.package_identification:_identify(.) by extension 'colcon_pkg'
[0.572s] Level 1:colcon.colcon_core.package_identification:_identify(.) by extensions ['colcon_meta']
[0.572s] Level 1:colcon.colcon_core.package_identification:_identify(.) by extension 'colcon_meta'
[0.572s] Level 1:colcon.colcon_core.package_identification:_identify(.) by extensions ['ros']
[0.572s] Level 1:colcon.colcon_core.package_identification:_identify(.) by extension 'ros'
[0.595s] Level 1:colcon.colcon_core.package_identification:_identify(.) by extensions ['cmake', 'python']
[0.596s] Level 1:colcon.colcon_core.package_identification:_identify(.) by extension 'cmake'
[0.596s] Level 1:colcon.colcon_core.package_identification:_identify(.) by extension 'python'
[0.596s] Level 1:colcon.colcon_core.package_identification:_identify(.) by extensions ['python_setup_py']
[0.596s] Level 1:colcon.colcon_core.package_identification:_identify(.) by extension 'python_setup_py'
[0.596s] Level 1:colcon.colcon_core.package_identification:_identify(build) by extensions ['ignore', 'ignore_ament_install']
[0.596s] Level 1:colcon.colcon_core.package_identification:_identify(build) by extension 'ignore'
[0.596s] Level 1:colcon.colcon_core.package_identification:_identify(build) ignored
[0.597s] Level 1:colcon.colcon_core.package_identification:_identify(install) by extensions ['ignore', 'ignore_ament_install']
[0.597s] Level 1:colcon.colcon_core.package_identification:_identify(install) by extension 'ignore'
[0.597s] Level 1:colcon.colcon_core.package_identification:_identify(install) ignored
[0.597s] Level 1:colcon.colcon_core.package_identification:_identify(log) by extensions ['ignore', 'ignore_ament_install']
[0.597s] Level 1:colcon.colcon_core.package_identification:_identify(log) by extension 'ignore'
[0.598s] Level 1:colcon.colcon_core.package_identification:_identify(log) ignored
[0.598s] Level 1:colcon.colcon_core.package_identification:_identify(src) by extensions ['ignore', 'ignore_ament_install']
[0.598s] Level 1:colcon.colcon_core.package_identification:_identify(src) by extension 'ignore'
[0.598s] Level 1:colcon.colcon_core.package_identification:_identify(src) by extension 'ignore_ament_install'
[0.598s] Level 1:colcon.colcon_core.package_identification:_identify(src) by extensions ['colcon_pkg']
[0.598s] Level 1:colcon.colcon_core.package_identification:_identify(src) by extension 'colcon_pkg'
[0.598s] Level 1:colcon.colcon_core.package_identification:_identify(src) by extensions ['colcon_meta']
[0.598s] Level 1:colcon.colcon_core.package_identification:_identify(src) by extension 'colcon_meta'
[0.598s] Level 1:colcon.colcon_core.package_identification:_identify(src) by extensions ['ros']
[0.599s] Level 1:colcon.colcon_core.package_identification:_identify(src) by extension 'ros'
[0.599s] Level 1:colcon.colcon_core.package_identification:_identify(src) by extensions ['cmake', 'python']
[0.599s] Level 1:colcon.colcon_core.package_identification:_identify(src) by extension 'cmake'
[0.599s] Level 1:colcon.colcon_core.package_identification:_identify(src) by extension 'python'
[0.599s] Level 1:colcon.colcon_core.package_identification:_identify(src) by extensions ['python_setup_py']
[0.599s] Level 1:colcon.colcon_core.package_identification:_identify(src) by extension 'python_setup_py'
[0.599s] Level 1:colcon.colcon_core.package_identification:_identify(src/chassis_ctr) by extensions ['ignore', 'ignore_ament_install']
[0.599s] Level 1:colcon.colcon_core.package_identification:_identify(src/chassis_ctr) by extension 'ignore'
[0.600s] Level 1:colcon.colcon_core.package_identification:_identify(src/chassis_ctr) by extension 'ignore_ament_install'
[0.600s] Level 1:colcon.colcon_core.package_identification:_identify(src/chassis_ctr) by extensions ['colcon_pkg']
[0.600s] Level 1:colcon.colcon_core.package_identification:_identify(src/chassis_ctr) by extension 'colcon_pkg'
[0.600s] Level 1:colcon.colcon_core.package_identification:_identify(src/chassis_ctr) by extensions ['colcon_meta']
[0.600s] Level 1:colcon.colcon_core.package_identification:_identify(src/chassis_ctr) by extension 'colcon_meta'
[0.600s] Level 1:colcon.colcon_core.package_identification:_identify(src/chassis_ctr) by extensions ['ros']
[0.600s] Level 1:colcon.colcon_core.package_identification:_identify(src/chassis_ctr) by extension 'ros'
[0.605s] DEBUG:colcon.colcon_core.package_identification:Package 'src/chassis_ctr' with type 'ros.ament_python' and name 'chassis_ctr'
[0.605s] Level 1:colcon.colcon_core.package_identification:_identify(src/sentry_interface) by extensions ['ignore', 'ignore_ament_install']
[0.606s] Level 1:colcon.colcon_core.package_identification:_identify(src/sentry_interface) by extension 'ignore'
[0.606s] Level 1:colcon.colcon_core.package_identification:_identify(src/sentry_interface) by extension 'ignore_ament_install'
[0.606s] Level 1:colcon.colcon_core.package_identification:_identify(src/sentry_interface) by extensions ['colcon_pkg']
[0.606s] Level 1:colcon.colcon_core.package_identification:_identify(src/sentry_interface) by extension 'colcon_pkg'
[0.606s] Level 1:colcon.colcon_core.package_identification:_identify(src/sentry_interface) by extensions ['colcon_meta']
[0.606s] Level 1:colcon.colcon_core.package_identification:_identify(src/sentry_interface) by extension 'colcon_meta'
[0.606s] Level 1:colcon.colcon_core.package_identification:_identify(src/sentry_interface) by extensions ['ros']
[0.606s] Level 1:colcon.colcon_core.package_identification:_identify(src/sentry_interface) by extension 'ros'
[0.608s] DEBUG:colcon.colcon_core.package_identification:Package 'src/sentry_interface' with type 'ros.ament_cmake' and name 'sentry_interface'
[0.608s] Level 1:colcon.colcon_core.package_identification:_identify(src/serial_setting) by extensions ['ignore', 'ignore_ament_install']
[0.608s] Level 1:colcon.colcon_core.package_identification:_identify(src/serial_setting) by extension 'ignore'
[0.608s] Level 1:colcon.colcon_core.package_identification:_identify(src/serial_setting) by extension 'ignore_ament_install'
[0.608s] Level 1:colcon.colcon_core.package_identification:_identify(src/serial_setting) by extensions ['colcon_pkg']
[0.608s] Level 1:colcon.colcon_core.package_identification:_identify(src/serial_setting) by extension 'colcon_pkg'
[0.609s] Level 1:colcon.colcon_core.package_identification:_identify(src/serial_setting) by extensions ['colcon_meta']
[0.609s] Level 1:colcon.colcon_core.package_identification:_identify(src/serial_setting) by extension 'colcon_meta'
[0.609s] Level 1:colcon.colcon_core.package_identification:_identify(src/serial_setting) by extensions ['ros']
[0.609s] Level 1:colcon.colcon_core.package_identification:_identify(src/serial_setting) by extension 'ros'
[0.610s] DEBUG:colcon.colcon_core.package_identification:Package 'src/serial_setting' with type 'ros.ament_python' and name 'serial_setting'
[0.610s] Level 1:colcon.colcon_core.package_discovery:discover_packages(recursive) using defaults
[0.610s] Level 1:colcon.colcon_core.package_discovery:discover_packages(ignore) discover
[0.610s] Level 1:colcon.colcon_core.package_discovery:discover_packages(ignore) using defaults
[0.610s] Level 1:colcon.colcon_core.package_discovery:discover_packages(path) discover
[0.610s] Level 1:colcon.colcon_core.package_discovery:discover_packages(path) using defaults
[0.650s] INFO:colcon.colcon_core.package_selection:Skipping not selected package 'chassis_ctr' in 'src/chassis_ctr'
[0.651s] INFO:colcon.colcon_core.package_selection:Skipping not selected package 'sentry_interface' in 'src/sentry_interface'
[0.651s] Level 1:colcon.colcon_core.package_discovery:discover_packages(prefix_path) check parameters
[0.652s] Level 1:colcon.colcon_core.package_discovery:discover_packages(prefix_path) discover
[0.660s] DEBUG:colcon.colcon_installed_package_information.package_discovery:Found 17 installed packages in /home/speaker/pb_rmsimulation/install
[0.661s] DEBUG:colcon.colcon_installed_package_information.package_discovery:Found 2 installed packages in /home/speaker/heaven_ws/install
[0.662s] DEBUG:colcon.colcon_installed_package_information.package_discovery:Found 1 installed packages in /home/speaker/ws_livox/install
[0.665s] DEBUG:colcon.colcon_installed_package_information.package_discovery:Found 339 installed packages in /opt/ros/humble
[0.695s] Level 1:colcon.colcon_core.package_discovery:discover_packages(prefix_path) using defaults
[0.786s] Level 5:colcon.colcon_core.verb:set package 'serial_setting' build argument 'cmake_args' from command line to 'None'
[0.787s] Level 5:colcon.colcon_core.verb:set package 'serial_setting' build argument 'cmake_target' from command line to 'None'
[0.787s] Level 5:colcon.colcon_core.verb:set package 'serial_setting' build argument 'cmake_target_skip_unavailable' from command line to 'False'
[0.787s] Level 5:colcon.colcon_core.verb:set package 'serial_setting' build argument 'cmake_clean_cache' from command line to 'False'
[0.787s] Level 5:colcon.colcon_core.verb:set package 'serial_setting' build argument 'cmake_clean_first' from command line to 'False'
[0.787s] Level 5:colcon.colcon_core.verb:set package 'serial_setting' build argument 'cmake_force_configure' from command line to 'False'
[0.787s] Level 5:colcon.colcon_core.verb:set package 'serial_setting' build argument 'ament_cmake_args' from command line to 'None'
[0.787s] Level 5:colcon.colcon_core.verb:set package 'serial_setting' build argument 'catkin_cmake_args' from command line to 'None'
[0.787s] Level 5:colcon.colcon_core.verb:set package 'serial_setting' build argument 'catkin_skip_building_tests' from command line to 'False'
[0.787s] DEBUG:colcon.colcon_core.verb:Building package 'serial_setting' with the following arguments: {'ament_cmake_args': None, 'build_base': '/home/speaker/heaven_slam/build/serial_setting', 'catkin_cmake_args': None, 'catkin_skip_building_tests': False, 'cmake_args': None, 'cmake_clean_cache': False, 'cmake_clean_first': False, 'cmake_force_configure': False, 'cmake_target': None, 'cmake_target_skip_unavailable': False, 'install_base': '/home/speaker/heaven_slam/install/serial_setting', 'merge_install': False, 'path': '/home/speaker/heaven_slam/src/serial_setting', 'symlink_install': True, 'test_result_base': None}
[0.787s] INFO:colcon.colcon_core.executor:Executing jobs using 'parallel' executor
[0.790s] DEBUG:colcon.colcon_parallel_executor.executor.parallel:run_until_complete
[0.790s] INFO:colcon.colcon_ros.task.ament_python.build:Building ROS package in '/home/speaker/heaven_slam/src/serial_setting' with build type 'ament_python'
[0.791s] Level 1:colcon.colcon_core.shell:create_environment_hook('serial_setting', 'ament_prefix_path')
[0.795s] INFO:colcon.colcon_core.plugin_system:Skipping extension 'colcon_core.shell.bat': Not used on non-Windows systems
[0.795s] INFO:colcon.colcon_core.shell:Creating environment hook '/home/speaker/heaven_slam/install/serial_setting/share/serial_setting/hook/ament_prefix_path.ps1'
[0.797s] INFO:colcon.colcon_core.shell:Creating environment descriptor '/home/speaker/heaven_slam/install/serial_setting/share/serial_setting/hook/ament_prefix_path.dsv'
[0.798s] INFO:colcon.colcon_core.shell:Creating environment hook '/home/speaker/heaven_slam/install/serial_setting/share/serial_setting/hook/ament_prefix_path.sh'
[0.799s] INFO:colcon.colcon_core.shell:Skip shell extension 'powershell' for command environment: Not usable outside of PowerShell
[0.800s] DEBUG:colcon.colcon_core.shell:Skip shell extension 'dsv' for command environment
[1.373s] INFO:colcon.colcon_core.task.python.build:Building Python package in '/home/speaker/heaven_slam/src/serial_setting'
[1.373s] INFO:colcon.colcon_core.shell:Skip shell extension 'powershell' for command environment: Not usable outside of PowerShell
[1.374s] DEBUG:colcon.colcon_core.shell:Skip shell extension 'dsv' for command environment
[2.106s] DEBUG:colcon.colcon_core.event_handler.log_command:Invoking command in '/home/speaker/heaven_slam/build/serial_setting': AMENT_PREFIX_PATH=/home/speaker/heaven_slam/install/sentry_interface:${AMENT_PREFIX_PATH} CMAKE_PREFIX_PATH=/home/speaker/heaven_slam/install/sentry_interface:${CMAKE_PREFIX_PATH} LD_LIBRARY_PATH=/home/speaker/heaven_slam/install/sentry_interface/lib:/home/speaker/pb_rmsimulation/install/teb_local_planner/lib:/home/speaker/pb_rmsimulation/install/teb_msgs/lib:/home/speaker/pb_rmsimulation/install/pointcloud_to_laserscan/lib:/home/speaker/pb_rmsimulation/install/icp_registration/lib:/home/speaker/pb_rmsimulation/install/fast_lio/lib:/home/speaker/pb_rmsimulation/install/livox_ros_driver2/lib:/home/speaker/pb_rmsimulation/install/linefit_ground_segmentation/lib:/home/speaker/pb_rmsimulation/install/imu_complementary_filter/lib:/home/speaker/pb_rmsimulation/install/fake_vel_transform/lib:/home/speaker/pb_rmsimulation/install/costmap_converter/lib:/home/speaker/pb_rmsimulation/install/costmap_converter_msgs/lib:/usr/local/cuda/lib64:/home/speaker/heaven_ws/install/fast_lio/lib:/home/speaker/ws_livox/install/livox_ros_driver2/lib:/opt/ros/humble/opt/rviz_ogre_vendor/lib:/opt/ros/humble/lib/aarch64-linux-gnu:/opt/ros/humble/opt/openvdb_vendor/lib:/opt/ros/humble/lib:/usr/local/lib:/usr/lib:/usr/local/opencv4.10.0/lib PYTHONPATH=/home/speaker/heaven_slam/build/serial_setting/prefix_override:/usr/lib/python3/dist-packages/colcon_core/task/python/colcon_distutils_commands:/home/speaker/heaven_slam/install/serial_setting/lib/python3.10/site-packages:/home/speaker/heaven_slam/install/sentry_interface/local/lib/python3.10/dist-packages:${PYTHONPATH} /usr/bin/python3 -W ignore:setup.py install is deprecated -W ignore:easy_install command is deprecated setup.py develop --editable --build-directory /home/speaker/heaven_slam/build/serial_setting/build --no-deps symlink_data
[3.084s] Level 1:colcon.colcon_core.shell:create_environment_hook('serial_setting', 'pythonpath_develop')
[3.086s] INFO:colcon.colcon_core.shell:Creating environment hook '/home/speaker/heaven_slam/build/serial_setting/share/serial_setting/hook/pythonpath_develop.ps1'
[3.087s] DEBUG:colcon.colcon_core.event_handler.log_command:Invoked command in '/home/speaker/heaven_slam/build/serial_setting' returned '0': AMENT_PREFIX_PATH=/home/speaker/heaven_slam/install/sentry_interface:${AMENT_PREFIX_PATH} CMAKE_PREFIX_PATH=/home/speaker/heaven_slam/install/sentry_interface:${CMAKE_PREFIX_PATH} LD_LIBRARY_PATH=/home/speaker/heaven_slam/install/sentry_interface/lib:/home/speaker/pb_rmsimulation/install/teb_local_planner/lib:/home/speaker/pb_rmsimulation/install/teb_msgs/lib:/home/speaker/pb_rmsimulation/install/pointcloud_to_laserscan/lib:/home/speaker/pb_rmsimulation/install/icp_registration/lib:/home/speaker/pb_rmsimulation/install/fast_lio/lib:/home/speaker/pb_rmsimulation/install/livox_ros_driver2/lib:/home/speaker/pb_rmsimulation/install/linefit_ground_segmentation/lib:/home/speaker/pb_rmsimulation/install/imu_complementary_filter/lib:/home/speaker/pb_rmsimulation/install/fake_vel_transform/lib:/home/speaker/pb_rmsimulation/install/costmap_converter/lib:/home/speaker/pb_rmsimulation/install/costmap_converter_msgs/lib:/usr/local/cuda/lib64:/home/speaker/heaven_ws/install/fast_lio/lib:/home/speaker/ws_livox/install/livox_ros_driver2/lib:/opt/ros/humble/opt/rviz_ogre_vendor/lib:/opt/ros/humble/lib/aarch64-linux-gnu:/opt/ros/humble/opt/openvdb_vendor/lib:/opt/ros/humble/lib:/usr/local/lib:/usr/lib:/usr/local/opencv4.10.0/lib PYTHONPATH=/home/speaker/heaven_slam/build/serial_setting/prefix_override:/usr/lib/python3/dist-packages/colcon_core/task/python/colcon_distutils_commands:/home/speaker/heaven_slam/install/serial_setting/lib/python3.10/site-packages:/home/speaker/heaven_slam/install/sentry_interface/local/lib/python3.10/dist-packages:${PYTHONPATH} /usr/bin/python3 -W ignore:setup.py install is deprecated -W ignore:easy_install command is deprecated setup.py develop --editable --build-directory /home/speaker/heaven_slam/build/serial_setting/build --no-deps symlink_data
[3.089s] INFO:colcon.colcon_core.shell:Creating environment descriptor '/home/speaker/heaven_slam/build/serial_setting/share/serial_setting/hook/pythonpath_develop.dsv'
[3.090s] INFO:colcon.colcon_core.shell:Creating environment hook '/home/speaker/heaven_slam/build/serial_setting/share/serial_setting/hook/pythonpath_develop.sh'
[3.101s] Level 1:colcon.colcon_core.environment:checking '/home/speaker/heaven_slam/install/serial_setting' for CMake module files
[3.102s] Level 1:colcon.colcon_core.environment:checking '/home/speaker/heaven_slam/install/serial_setting' for CMake config files
[3.105s] Level 1:colcon.colcon_core.environment:checking '/home/speaker/heaven_slam/install/serial_setting/lib'
[3.105s] Level 1:colcon.colcon_core.environment:checking '/home/speaker/heaven_slam/install/serial_setting/bin'
[3.106s] Level 1:colcon.colcon_core.environment:checking '/home/speaker/heaven_slam/install/serial_setting/lib/pkgconfig/serial_setting.pc'
[3.106s] Level 1:colcon.colcon_core.environment:checking '/home/speaker/heaven_slam/install/serial_setting/lib/python3.10/site-packages'
[3.107s] Level 1:colcon.colcon_core.shell:create_environment_hook('serial_setting', 'pythonpath')
[3.108s] INFO:colcon.colcon_core.shell:Creating environment hook '/home/speaker/heaven_slam/install/serial_setting/share/serial_setting/hook/pythonpath.ps1'
[3.109s] INFO:colcon.colcon_core.shell:Creating environment descriptor '/home/speaker/heaven_slam/install/serial_setting/share/serial_setting/hook/pythonpath.dsv'
[3.110s] INFO:colcon.colcon_core.shell:Creating environment hook '/home/speaker/heaven_slam/install/serial_setting/share/serial_setting/hook/pythonpath.sh'
[3.112s] Level 1:colcon.colcon_core.environment:checking '/home/speaker/heaven_slam/install/serial_setting/bin'
[3.113s] Level 1:colcon.colcon_core.environment:create_environment_scripts_only(serial_setting)
[3.114s] INFO:colcon.colcon_core.shell:Creating package script '/home/speaker/heaven_slam/install/serial_setting/share/serial_setting/package.ps1'
[3.117s] INFO:colcon.colcon_core.shell:Creating package descriptor '/home/speaker/heaven_slam/install/serial_setting/share/serial_setting/package.dsv'
[3.119s] INFO:colcon.colcon_core.shell:Creating package script '/home/speaker/heaven_slam/install/serial_setting/share/serial_setting/package.sh'
[3.122s] INFO:colcon.colcon_core.shell:Creating package script '/home/speaker/heaven_slam/install/serial_setting/share/serial_setting/package.bash'
[3.125s] INFO:colcon.colcon_core.shell:Creating package script '/home/speaker/heaven_slam/install/serial_setting/share/serial_setting/package.zsh'
[3.127s] Level 1:colcon.colcon_core.environment:create_file_with_runtime_dependencies(/home/speaker/heaven_slam/install/serial_setting/share/colcon-core/packages/serial_setting)
[3.129s] DEBUG:colcon.colcon_parallel_executor.executor.parallel:closing loop
[3.130s] DEBUG:colcon.colcon_parallel_executor.executor.parallel:loop closed
[3.130s] DEBUG:colcon.colcon_parallel_executor.executor.parallel:run_until_complete finished with '0'
[3.131s] DEBUG:colcon.colcon_core.event_reactor:joining thread
[3.147s] INFO:colcon.colcon_core.plugin_system:Skipping extension 'colcon_notification.desktop_notification.terminal_notifier': Not used on non-Darwin systems
[3.147s] INFO:colcon.colcon_core.plugin_system:Skipping extension 'colcon_notification.desktop_notification.win32': Not used on non-Windows systems
[3.147s] INFO:colcon.colcon_notification.desktop_notification:Sending desktop notification using 'notify2'
[3.188s] DEBUG:colcon.colcon_core.event_reactor:joined thread
[3.189s] INFO:colcon.colcon_core.shell:Creating prefix script '/home/speaker/heaven_slam/install/local_setup.ps1'
[3.193s] INFO:colcon.colcon_core.shell:Creating prefix util module '/home/speaker/heaven_slam/install/_local_setup_util_ps1.py'
[3.198s] INFO:colcon.colcon_core.shell:Creating prefix chain script '/home/speaker/heaven_slam/install/setup.ps1'
[3.205s] INFO:colcon.colcon_core.shell:Creating prefix script '/home/speaker/heaven_slam/install/local_setup.sh'
[3.207s] INFO:colcon.colcon_core.shell:Creating prefix util module '/home/speaker/heaven_slam/install/_local_setup_util_sh.py'
[3.209s] INFO:colcon.colcon_core.shell:Creating prefix chain script '/home/speaker/heaven_slam/install/setup.sh'
[3.216s] INFO:colcon.colcon_core.shell:Creating prefix script '/home/speaker/heaven_slam/install/local_setup.bash'
[3.218s] INFO:colcon.colcon_core.shell:Creating prefix chain script '/home/speaker/heaven_slam/install/setup.bash'
[3.225s] INFO:colcon.colcon_core.shell:Creating prefix script '/home/speaker/heaven_slam/install/local_setup.zsh'
[3.226s] INFO:colcon.colcon_core.shell:Creating prefix chain script '/home/speaker/heaven_slam/install/setup.zsh'
