[1.289s] Invoking command in '/home/robotega/heaven_slam/build/serial_setting': AMENT_PREFIX_PATH=/home/robotega/heaven_slam/install/sentry_interface:${AMENT_PREFIX_PATH} CMAKE_PREFIX_PATH=/home/robotega/heaven_slam/install/sentry_interface LD_LIBRARY_PATH=/home/robotega/heaven_slam/install/sentry_interface/lib:${LD_LIBRARY_PATH} PYTHONPATH=/home/robotega/heaven_slam/build/serial_setting/prefix_override:/usr/lib/python3/dist-packages/colcon_core/task/python/colcon_distutils_commands:/home/robotega/heaven_slam/install/serial_setting/lib/python3.10/site-packages:/home/robotega/heaven_slam/install/sentry_interface/local/lib/python3.10/dist-packages:${PYTHONPATH} /usr/bin/python3 -W ignore:setup.py install is deprecated -W ignore:easy_install command is deprecated setup.py develop --editable --build-directory /home/robotega/heaven_slam/build/serial_setting/build --no-deps symlink_data
[1.821s] running develop
[2.163s] running egg_info
[2.163s] creating serial_setting.egg-info
[2.163s] writing serial_setting.egg-info/PKG-INFO
[2.164s] writing dependency_links to serial_setting.egg-info/dependency_links.txt
[2.164s] writing entry points to serial_setting.egg-info/entry_points.txt
[2.164s] writing requirements to serial_setting.egg-info/requires.txt
[2.164s] writing top-level names to serial_setting.egg-info/top_level.txt
[2.165s] writing manifest file 'serial_setting.egg-info/SOURCES.txt'
[2.168s] reading manifest file 'serial_setting.egg-info/SOURCES.txt'
[2.169s] writing manifest file 'serial_setting.egg-info/SOURCES.txt'
[2.173s] running build_ext
[2.173s] Creating /home/robotega/heaven_slam/install/serial_setting/lib/python3.10/site-packages/serial-setting.egg-link (link to .)
[2.175s] Installing yaw_data_get script to /home/robotega/heaven_slam/install/serial_setting/lib/serial_setting
[2.175s] 
[2.176s] Installed /home/robotega/heaven_slam/build/serial_setting
[2.176s] running symlink_data
[2.176s] creating /home/robotega/heaven_slam/install/serial_setting/share/ament_index
[2.177s] creating /home/robotega/heaven_slam/install/serial_setting/share/ament_index/resource_index
[2.177s] creating /home/robotega/heaven_slam/install/serial_setting/share/ament_index/resource_index/packages
[2.177s] symbolically linking /home/robotega/heaven_slam/build/serial_setting/resource/serial_setting -> /home/robotega/heaven_slam/install/serial_setting/share/ament_index/resource_index/packages
[2.177s] symbolically linking /home/robotega/heaven_slam/build/serial_setting/package.xml -> /home/robotega/heaven_slam/install/serial_setting/share/serial_setting
[2.178s] creating /home/robotega/heaven_slam/install/serial_setting/share/serial_setting/config
[2.178s] symbolically linking /home/robotega/heaven_slam/build/serial_setting/config/serial_paras.yaml -> /home/robotega/heaven_slam/install/serial_setting/share/serial_setting/config
[2.260s] Invoked command in '/home/robotega/heaven_slam/build/serial_setting' returned '0': AMENT_PREFIX_PATH=/home/robotega/heaven_slam/install/sentry_interface:${AMENT_PREFIX_PATH} CMAKE_PREFIX_PATH=/home/robotega/heaven_slam/install/sentry_interface LD_LIBRARY_PATH=/home/robotega/heaven_slam/install/sentry_interface/lib:${LD_LIBRARY_PATH} PYTHONPATH=/home/robotega/heaven_slam/build/serial_setting/prefix_override:/usr/lib/python3/dist-packages/colcon_core/task/python/colcon_distutils_commands:/home/robotega/heaven_slam/install/serial_setting/lib/python3.10/site-packages:/home/robotega/heaven_slam/install/sentry_interface/local/lib/python3.10/dist-packages:${PYTHONPATH} /usr/bin/python3 -W ignore:setup.py install is deprecated -W ignore:easy_install command is deprecated setup.py develop --editable --build-directory /home/robotega/heaven_slam/build/serial_setting/build --no-deps symlink_data
