[0.051s] Invoking command in '/home/speaker/heaven_slam/build/sentry_interface': CMAKE_PREFIX_PATH=${CMAKE_PREFIX_PATH}:/home/speaker/heaven_ws/install/chassis_ctr:/opt/ros/humble /usr/bin/cmake /home/speaker/heaven_slam/src/sentry_interface -DAMENT_CMAKE_SYMLINK_INSTALL=1 -DCMAKE_INSTALL_PREFIX=/home/speaker/heaven_slam/install/sentry_interface
[0.646s] -- The C compiler identification is GNU 11.4.0
[0.648s] -- The CXX compiler identification is GNU 11.4.0
[0.648s] -- Detecting C compiler ABI info
[0.648s] -- Detecting C compiler ABI info - done
[0.649s] -- Check for working C compiler: /usr/bin/cc - skipped
[0.649s] -- Detecting C compile features
[0.649s] -- Detecting C compile features - done
[0.649s] -- Detecting CXX compiler ABI info
[0.705s] -- Detecting CXX compiler ABI info - done
[0.718s] -- Check for working CXX compiler: /usr/bin/c++ - skipped
[0.719s] -- Detecting CXX compile features
[0.720s] -- Detecting CXX compile features - done
[0.733s] -- Found ament_cmake: 1.3.11 (/opt/ros/humble/share/ament_cmake/cmake)
[1.109s] -- Found Python3: /usr/bin/python3 (found version "3.10.12") found components: Interpreter 
[1.272s] -- Override CMake install command with custom implementation using symlinks instead of copying resources
[1.378s] -- Found rosidl_default_generators: 1.2.0 (/opt/ros/humble/share/rosidl_default_generators/cmake)
[1.393s] -- Using all available rosidl_typesupport_c: rosidl_typesupport_fastrtps_c;rosidl_typesupport_introspection_c
[1.417s] -- Found rosidl_adapter: 3.1.6 (/opt/ros/humble/share/rosidl_adapter/cmake)
[1.538s] -- Using all available rosidl_typesupport_cpp: rosidl_typesupport_fastrtps_cpp;rosidl_typesupport_introspection_cpp
[1.634s] -- Found geometry_msgs: 4.2.4 (/opt/ros/humble/share/geometry_msgs/cmake)
[2.511s] -- Found ament_cmake_ros: 0.10.0 (/opt/ros/humble/share/ament_cmake_ros/cmake)
[2.991s] -- Using all available rosidl_typesupport_c: rosidl_typesupport_fastrtps_c;rosidl_typesupport_introspection_c
[3.693s] -- Using all available rosidl_typesupport_cpp: rosidl_typesupport_fastrtps_cpp;rosidl_typesupport_introspection_cpp
[3.780s] -- Found PythonInterp: /usr/bin/python3 (found suitable version "3.10.12", minimum required is "3.6") 
[3.791s] -- Found python_cmake_module: 0.10.0 (/opt/ros/humble/share/python_cmake_module/cmake)
[3.871s] -- Found PythonLibs: /usr/lib/aarch64-linux-gnu/libpython3.10.so (found suitable version "3.10.12", minimum required is "3.5") 
[3.871s] -- Using PYTHON_EXECUTABLE: /usr/bin/python3
[3.871s] -- Using PYTHON_INCLUDE_DIRS: /usr/include/python3.10
[3.872s] -- Using PYTHON_LIBRARIES: /usr/lib/aarch64-linux-gnu/libpython3.10.so
[3.925s] -- Found PythonExtra: .so  
[4.076s] -- Found ament_lint_auto: 0.12.11 (/opt/ros/humble/share/ament_lint_auto/cmake)
[4.161s] -- Added test 'lint_cmake' to check CMake code style
[4.164s] -- Added test 'xmllint' to check XML markup files
[4.173s] -- Configuring done
[4.243s] -- Generating done
[4.266s] -- Build files have been written to: /home/speaker/heaven_slam/build/sentry_interface
[4.290s] Invoked command in '/home/speaker/heaven_slam/build/sentry_interface' returned '0': CMAKE_PREFIX_PATH=${CMAKE_PREFIX_PATH}:/home/speaker/heaven_ws/install/chassis_ctr:/opt/ros/humble /usr/bin/cmake /home/speaker/heaven_slam/src/sentry_interface -DAMENT_CMAKE_SYMLINK_INSTALL=1 -DCMAKE_INSTALL_PREFIX=/home/speaker/heaven_slam/install/sentry_interface
[4.297s] Invoking command in '/home/speaker/heaven_slam/build/sentry_interface': CMAKE_PREFIX_PATH=${CMAKE_PREFIX_PATH}:/home/speaker/heaven_ws/install/chassis_ctr:/opt/ros/humble /usr/bin/cmake --build /home/speaker/heaven_slam/build/sentry_interface -- -j6 -l6
[4.406s] [  2%] [34m[1mGenerating C code for ROS interfaces[0m
[4.454s] [  4%] [34m[1mGenerating C++ code for ROS interfaces[0m
[4.481s] [  4%] Built target ament_cmake_python_symlink_sentry_interface
[5.008s] running egg_info
[5.009s] creating sentry_interface.egg-info
[5.009s] writing sentry_interface.egg-info/PKG-INFO
[5.010s] writing dependency_links to sentry_interface.egg-info/dependency_links.txt
[5.010s] writing top-level names to sentry_interface.egg-info/top_level.txt
[5.010s] writing manifest file 'sentry_interface.egg-info/SOURCES.txt'
[5.014s] reading manifest file 'sentry_interface.egg-info/SOURCES.txt'
[5.016s] writing manifest file 'sentry_interface.egg-info/SOURCES.txt'
[5.090s] [  4%] Built target ament_cmake_python_build_sentry_interface_egg
[5.911s] [  6%] [32mBuilding C object CMakeFiles/sentry_interface__rosidl_generator_c.dir/rosidl_generator_c/sentry_interface/msg/detail/sentry_status__functions.c.o[0m
[5.912s] [  8%] [32mBuilding C object CMakeFiles/sentry_interface__rosidl_generator_c.dir/rosidl_generator_c/sentry_interface/action/detail/action_control__functions.c.o[0m
[5.916s] [ 10%] [32mBuilding C object CMakeFiles/sentry_interface__rosidl_generator_c.dir/rosidl_generator_c/sentry_interface/msg/detail/sentry_vel__functions.c.o[0m
[5.999s] [ 10%] Built target sentry_interface__cpp
[6.025s] [ 17%] [34m[1mGenerating C++ type support for eProsima Fast-RTPS[0m
[6.025s] [ 17%] [34m[1mGenerating C++ introspection for ROS interfaces[0m
[6.026s] [ 17%] [34m[1mGenerating C++ type support dispatch for ROS interfaces[0m
[6.277s] [ 19%] [32m[1mLinking C shared library libsentry_interface__rosidl_generator_c.so[0m
[6.355s] [ 19%] Built target sentry_interface__rosidl_generator_c
[6.378s] [ 23%] [34m[1mGenerating C type support for eProsima Fast-RTPS[0m
[6.379s] [ 23%] [34m[1mGenerating C introspection for ROS interfaces[0m
[6.379s] [ 25%] [34m[1mGenerating C type support dispatch for ROS interfaces[0m
[7.099s] [ 27%] [32mBuilding CXX object CMakeFiles/sentry_interface__rosidl_typesupport_cpp.dir/rosidl_typesupport_cpp/sentry_interface/msg/sentry_status__type_support.cpp.o[0m
[7.345s] [ 29%] [32mBuilding CXX object CMakeFiles/sentry_interface__rosidl_typesupport_introspection_cpp.dir/rosidl_typesupport_introspection_cpp/sentry_interface/msg/detail/sentry_status__type_support.cpp.o[0m
[7.425s] [ 31%] [32mBuilding CXX object CMakeFiles/sentry_interface__rosidl_typesupport_fastrtps_cpp.dir/rosidl_typesupport_fastrtps_cpp/sentry_interface/msg/detail/dds_fastrtps/sentry_status__type_support.cpp.o[0m
[7.476s] [ 34%] [32mBuilding CXX object CMakeFiles/sentry_interface__rosidl_typesupport_c.dir/rosidl_typesupport_c/sentry_interface/msg/sentry_status__type_support.cpp.o[0m
[7.547s] [ 36%] [32mBuilding CXX object CMakeFiles/sentry_interface__rosidl_typesupport_c.dir/rosidl_typesupport_c/sentry_interface/action/action_control__type_support.cpp.o[0m
[7.671s] [ 38%] [32mBuilding CXX object CMakeFiles/sentry_interface__rosidl_typesupport_c.dir/rosidl_typesupport_c/sentry_interface/msg/sentry_vel__type_support.cpp.o[0m
[7.743s] [ 40%] [32mBuilding C object CMakeFiles/sentry_interface__rosidl_typesupport_introspection_c.dir/rosidl_typesupport_introspection_c/sentry_interface/msg/detail/sentry_status__type_support.c.o[0m
[7.748s] [ 42%] [32m[1mLinking CXX shared library libsentry_interface__rosidl_typesupport_c.so[0m
[7.763s] [ 44%] [32mBuilding CXX object CMakeFiles/sentry_interface__rosidl_typesupport_cpp.dir/rosidl_typesupport_cpp/sentry_interface/action/action_control__type_support.cpp.o[0m
[7.832s] [ 46%] [32mBuilding C object CMakeFiles/sentry_interface__rosidl_typesupport_introspection_c.dir/rosidl_typesupport_introspection_c/sentry_interface/action/detail/action_control__type_support.c.o[0m
[7.883s] [ 46%] Built target sentry_interface__rosidl_typesupport_c
[7.906s] [ 48%] [32mBuilding C object CMakeFiles/sentry_interface__rosidl_typesupport_introspection_c.dir/rosidl_typesupport_introspection_c/sentry_interface/msg/detail/sentry_vel__type_support.c.o[0m
[7.925s] [ 51%] [32mBuilding CXX object CMakeFiles/sentry_interface__rosidl_typesupport_fastrtps_c.dir/rosidl_typesupport_fastrtps_c/sentry_interface/msg/detail/sentry_status__type_support_c.cpp.o[0m
[7.954s] [ 53%] [32mBuilding CXX object CMakeFiles/sentry_interface__rosidl_typesupport_cpp.dir/rosidl_typesupport_cpp/sentry_interface/msg/sentry_vel__type_support.cpp.o[0m
[7.996s] [ 55%] [32m[1mLinking C shared library libsentry_interface__rosidl_typesupport_introspection_c.so[0m
[8.088s] [ 55%] Built target sentry_interface__rosidl_typesupport_introspection_c
[8.115s] [ 57%] [32mBuilding CXX object CMakeFiles/sentry_interface__rosidl_typesupport_introspection_cpp.dir/rosidl_typesupport_introspection_cpp/sentry_interface/action/detail/action_control__type_support.cpp.o[0m
[8.232s] [ 59%] [32mBuilding CXX object CMakeFiles/sentry_interface__rosidl_typesupport_introspection_cpp.dir/rosidl_typesupport_introspection_cpp/sentry_interface/msg/detail/sentry_vel__type_support.cpp.o[0m
[8.377s] [ 61%] [32mBuilding CXX object CMakeFiles/sentry_interface__rosidl_typesupport_fastrtps_cpp.dir/rosidl_typesupport_fastrtps_cpp/sentry_interface/action/detail/dds_fastrtps/action_control__type_support.cpp.o[0m
[8.545s] [ 63%] [32mBuilding CXX object CMakeFiles/sentry_interface__rosidl_typesupport_fastrtps_c.dir/rosidl_typesupport_fastrtps_c/sentry_interface/action/detail/action_control__type_support_c.cpp.o[0m
[8.671s] [ 65%] [32mBuilding CXX object CMakeFiles/sentry_interface__rosidl_typesupport_fastrtps_c.dir/rosidl_typesupport_fastrtps_c/sentry_interface/msg/detail/sentry_vel__type_support_c.cpp.o[0m
[8.906s] [ 68%] [32m[1mLinking CXX shared library libsentry_interface__rosidl_typesupport_cpp.so[0m
[9.005s] [ 68%] Built target sentry_interface__rosidl_typesupport_cpp
[9.030s] [ 70%] [32mBuilding CXX object CMakeFiles/sentry_interface__rosidl_typesupport_fastrtps_cpp.dir/rosidl_typesupport_fastrtps_cpp/sentry_interface/msg/detail/dds_fastrtps/sentry_vel__type_support.cpp.o[0m
[9.446s] [ 72%] [32m[1mLinking CXX shared library libsentry_interface__rosidl_typesupport_fastrtps_c.so[0m
[9.585s] [ 74%] [32m[1mLinking CXX shared library libsentry_interface__rosidl_typesupport_introspection_cpp.so[0m
[9.617s] [ 74%] Built target sentry_interface__rosidl_typesupport_fastrtps_c
[9.739s] [ 74%] Built target sentry_interface__rosidl_typesupport_introspection_cpp
[9.931s] [ 76%] [32m[1mLinking CXX shared library libsentry_interface__rosidl_typesupport_fastrtps_cpp.so[0m
[10.104s] [ 76%] Built target sentry_interface__rosidl_typesupport_fastrtps_cpp
[10.164s] [ 76%] Built target sentry_interface
[10.220s] [ 78%] [34m[1mGenerating Python code for ROS interfaces[0m
[12.758s] [ 78%] Built target sentry_interface__py
[12.813s] [ 82%] [32mBuilding C object CMakeFiles/sentry_interface__rosidl_generator_py.dir/rosidl_generator_py/sentry_interface/action/_action_control_s.c.o[0m
[12.814s] [ 82%] [32mBuilding C object CMakeFiles/sentry_interface__rosidl_generator_py.dir/rosidl_generator_py/sentry_interface/msg/_sentry_status_s.c.o[0m
[12.820s] [ 85%] [32mBuilding C object CMakeFiles/sentry_interface__rosidl_generator_py.dir/rosidl_generator_py/sentry_interface/msg/_sentry_vel_s.c.o[0m
[13.176s] [ 87%] [32m[1mLinking C shared library rosidl_generator_py/sentry_interface/libsentry_interface__rosidl_generator_py.so[0m
[13.347s] [ 87%] Built target sentry_interface__rosidl_generator_py
[13.398s] [ 91%] [32mBuilding C object CMakeFiles/sentry_interface__rosidl_typesupport_c__pyext.dir/rosidl_generator_py/sentry_interface/_sentry_interface_s.ep.rosidl_typesupport_c.c.o[0m
[13.398s] [ 91%] [32mBuilding C object CMakeFiles/sentry_interface__rosidl_typesupport_introspection_c__pyext.dir/rosidl_generator_py/sentry_interface/_sentry_interface_s.ep.rosidl_typesupport_introspection_c.c.o[0m
[13.412s] [ 93%] [32mBuilding C object CMakeFiles/sentry_interface__rosidl_typesupport_fastrtps_c__pyext.dir/rosidl_generator_py/sentry_interface/_sentry_interface_s.ep.rosidl_typesupport_fastrtps_c.c.o[0m
[13.669s] [ 95%] [32m[1mLinking C shared library rosidl_generator_py/sentry_interface/sentry_interface_s__rosidl_typesupport_c.cpython-310-aarch64-linux-gnu.so[0m
[13.669s] [ 97%] [32m[1mLinking C shared library rosidl_generator_py/sentry_interface/sentry_interface_s__rosidl_typesupport_introspection_c.cpython-310-aarch64-linux-gnu.so[0m
[13.683s] [100%] [32m[1mLinking C shared library rosidl_generator_py/sentry_interface/sentry_interface_s__rosidl_typesupport_fastrtps_c.cpython-310-aarch64-linux-gnu.so[0m
[13.761s] [100%] Built target sentry_interface__rosidl_typesupport_c__pyext
[13.761s] [100%] Built target sentry_interface__rosidl_typesupport_introspection_c__pyext
[13.777s] [100%] Built target sentry_interface__rosidl_typesupport_fastrtps_c__pyext
[13.816s] Invoked command in '/home/speaker/heaven_slam/build/sentry_interface' returned '0': CMAKE_PREFIX_PATH=${CMAKE_PREFIX_PATH}:/home/speaker/heaven_ws/install/chassis_ctr:/opt/ros/humble /usr/bin/cmake --build /home/speaker/heaven_slam/build/sentry_interface -- -j6 -l6
[13.846s] Invoking command in '/home/speaker/heaven_slam/build/sentry_interface': CMAKE_PREFIX_PATH=${CMAKE_PREFIX_PATH}:/home/speaker/heaven_ws/install/chassis_ctr:/opt/ros/humble /usr/bin/cmake --install /home/speaker/heaven_slam/build/sentry_interface
[13.869s] -- Install configuration: ""
[13.871s] -- Execute custom install script
[13.872s] -- Symlinking: /home/speaker/heaven_slam/install/sentry_interface/share/ament_index/resource_index/rosidl_interfaces/sentry_interface
[13.898s] -- Symlinking: /home/speaker/heaven_slam/install/sentry_interface/include/sentry_interface/sentry_interface/action/action_control.h
[13.922s] -- Symlinking: /home/speaker/heaven_slam/install/sentry_interface/include/sentry_interface/sentry_interface/action/detail/action_control__functions.h
[13.946s] -- Symlinking: /home/speaker/heaven_slam/install/sentry_interface/include/sentry_interface/sentry_interface/action/detail/action_control__struct.h
[13.971s] -- Symlinking: /home/speaker/heaven_slam/install/sentry_interface/include/sentry_interface/sentry_interface/action/detail/action_control__type_support.h
[13.994s] -- Symlinking: /home/speaker/heaven_slam/install/sentry_interface/include/sentry_interface/sentry_interface/msg/detail/sentry_status__functions.h
[14.019s] -- Symlinking: /home/speaker/heaven_slam/install/sentry_interface/include/sentry_interface/sentry_interface/msg/detail/sentry_status__struct.h
[14.044s] -- Symlinking: /home/speaker/heaven_slam/install/sentry_interface/include/sentry_interface/sentry_interface/msg/detail/sentry_status__type_support.h
[14.067s] -- Symlinking: /home/speaker/heaven_slam/install/sentry_interface/include/sentry_interface/sentry_interface/msg/detail/sentry_vel__functions.h
[14.092s] -- Symlinking: /home/speaker/heaven_slam/install/sentry_interface/include/sentry_interface/sentry_interface/msg/detail/sentry_vel__struct.h
[14.114s] -- Symlinking: /home/speaker/heaven_slam/install/sentry_interface/include/sentry_interface/sentry_interface/msg/detail/sentry_vel__type_support.h
[14.138s] -- Symlinking: /home/speaker/heaven_slam/install/sentry_interface/include/sentry_interface/sentry_interface/msg/rosidl_generator_c__visibility_control.h
[14.162s] -- Symlinking: /home/speaker/heaven_slam/install/sentry_interface/include/sentry_interface/sentry_interface/msg/sentry_status.h
[14.186s] -- Symlinking: /home/speaker/heaven_slam/install/sentry_interface/include/sentry_interface/sentry_interface/msg/sentry_vel.h
[14.211s] -- Symlinking: /home/speaker/heaven_slam/install/sentry_interface/share/sentry_interface/environment/library_path.sh
[14.236s] -- Symlinking: /home/speaker/heaven_slam/install/sentry_interface/share/sentry_interface/environment/library_path.dsv
[14.263s] -- Symlinking: /home/speaker/heaven_slam/install/sentry_interface/include/sentry_interface/sentry_interface/action/detail/action_control__rosidl_typesupport_fastrtps_c.h
[14.289s] -- Symlinking: /home/speaker/heaven_slam/install/sentry_interface/include/sentry_interface/sentry_interface/msg/detail/sentry_status__rosidl_typesupport_fastrtps_c.h
[14.313s] -- Symlinking: /home/speaker/heaven_slam/install/sentry_interface/include/sentry_interface/sentry_interface/msg/detail/sentry_vel__rosidl_typesupport_fastrtps_c.h
[14.337s] -- Symlinking: /home/speaker/heaven_slam/install/sentry_interface/include/sentry_interface/sentry_interface/msg/rosidl_typesupport_fastrtps_c__visibility_control.h
[14.363s] -- Symlinking: /home/speaker/heaven_slam/install/sentry_interface/include/sentry_interface/sentry_interface/action/detail/action_control__rosidl_typesupport_introspection_c.h
[14.388s] -- Symlinking: /home/speaker/heaven_slam/install/sentry_interface/include/sentry_interface/sentry_interface/msg/detail/sentry_status__rosidl_typesupport_introspection_c.h
[14.412s] -- Symlinking: /home/speaker/heaven_slam/install/sentry_interface/include/sentry_interface/sentry_interface/msg/detail/sentry_vel__rosidl_typesupport_introspection_c.h
[14.436s] -- Symlinking: /home/speaker/heaven_slam/install/sentry_interface/include/sentry_interface/sentry_interface/msg/rosidl_typesupport_introspection_c__visibility_control.h
[14.480s] -- Symlinking: /home/speaker/heaven_slam/install/sentry_interface/include/sentry_interface/sentry_interface/action/action_control.hpp
[14.502s] -- Symlinking: /home/speaker/heaven_slam/install/sentry_interface/include/sentry_interface/sentry_interface/action/detail/action_control__builder.hpp
[14.526s] -- Symlinking: /home/speaker/heaven_slam/install/sentry_interface/include/sentry_interface/sentry_interface/action/detail/action_control__struct.hpp
[14.550s] -- Symlinking: /home/speaker/heaven_slam/install/sentry_interface/include/sentry_interface/sentry_interface/action/detail/action_control__traits.hpp
[14.573s] -- Symlinking: /home/speaker/heaven_slam/install/sentry_interface/include/sentry_interface/sentry_interface/action/detail/action_control__type_support.hpp
[14.598s] -- Symlinking: /home/speaker/heaven_slam/install/sentry_interface/include/sentry_interface/sentry_interface/msg/detail/sentry_status__builder.hpp
[14.623s] -- Symlinking: /home/speaker/heaven_slam/install/sentry_interface/include/sentry_interface/sentry_interface/msg/detail/sentry_status__struct.hpp
[14.646s] -- Symlinking: /home/speaker/heaven_slam/install/sentry_interface/include/sentry_interface/sentry_interface/msg/detail/sentry_status__traits.hpp
[14.670s] -- Symlinking: /home/speaker/heaven_slam/install/sentry_interface/include/sentry_interface/sentry_interface/msg/detail/sentry_status__type_support.hpp
[14.695s] -- Symlinking: /home/speaker/heaven_slam/install/sentry_interface/include/sentry_interface/sentry_interface/msg/detail/sentry_vel__builder.hpp
[14.720s] -- Symlinking: /home/speaker/heaven_slam/install/sentry_interface/include/sentry_interface/sentry_interface/msg/detail/sentry_vel__struct.hpp
[14.745s] -- Symlinking: /home/speaker/heaven_slam/install/sentry_interface/include/sentry_interface/sentry_interface/msg/detail/sentry_vel__traits.hpp
[14.768s] -- Symlinking: /home/speaker/heaven_slam/install/sentry_interface/include/sentry_interface/sentry_interface/msg/detail/sentry_vel__type_support.hpp
[14.793s] -- Symlinking: /home/speaker/heaven_slam/install/sentry_interface/include/sentry_interface/sentry_interface/msg/rosidl_generator_cpp__visibility_control.hpp
[14.817s] -- Symlinking: /home/speaker/heaven_slam/install/sentry_interface/include/sentry_interface/sentry_interface/msg/sentry_status.hpp
[14.841s] -- Symlinking: /home/speaker/heaven_slam/install/sentry_interface/include/sentry_interface/sentry_interface/msg/sentry_vel.hpp
[14.865s] -- Symlinking: /home/speaker/heaven_slam/install/sentry_interface/include/sentry_interface/sentry_interface/action/detail/action_control__rosidl_typesupport_fastrtps_cpp.hpp
[14.890s] -- Symlinking: /home/speaker/heaven_slam/install/sentry_interface/include/sentry_interface/sentry_interface/msg/detail/sentry_status__rosidl_typesupport_fastrtps_cpp.hpp
[14.911s] -- Symlinking: /home/speaker/heaven_slam/install/sentry_interface/include/sentry_interface/sentry_interface/msg/detail/sentry_vel__rosidl_typesupport_fastrtps_cpp.hpp
[14.936s] -- Symlinking: /home/speaker/heaven_slam/install/sentry_interface/include/sentry_interface/sentry_interface/msg/rosidl_typesupport_fastrtps_cpp__visibility_control.h
[14.962s] -- Symlinking: /home/speaker/heaven_slam/install/sentry_interface/include/sentry_interface/sentry_interface/action/detail/action_control__rosidl_typesupport_introspection_cpp.hpp
[14.987s] -- Symlinking: /home/speaker/heaven_slam/install/sentry_interface/include/sentry_interface/sentry_interface/msg/detail/sentry_status__rosidl_typesupport_introspection_cpp.hpp
[15.009s] -- Symlinking: /home/speaker/heaven_slam/install/sentry_interface/include/sentry_interface/sentry_interface/msg/detail/sentry_vel__rosidl_typesupport_introspection_cpp.hpp
[15.034s] -- Symlinking: /home/speaker/heaven_slam/install/sentry_interface/share/sentry_interface/environment/pythonpath.sh
[15.058s] -- Symlinking: /home/speaker/heaven_slam/install/sentry_interface/share/sentry_interface/environment/pythonpath.dsv
[15.083s] -- Symlinking: /home/speaker/heaven_slam/install/sentry_interface/local/lib/python3.10/dist-packages/sentry_interface-0.0.0-py3.10.egg-info/PKG-INFO
[15.105s] -- Symlinking: /home/speaker/heaven_slam/install/sentry_interface/local/lib/python3.10/dist-packages/sentry_interface-0.0.0-py3.10.egg-info/SOURCES.txt
[15.131s] -- Symlinking: /home/speaker/heaven_slam/install/sentry_interface/local/lib/python3.10/dist-packages/sentry_interface-0.0.0-py3.10.egg-info/dependency_links.txt
[15.154s] -- Symlinking: /home/speaker/heaven_slam/install/sentry_interface/local/lib/python3.10/dist-packages/sentry_interface-0.0.0-py3.10.egg-info/top_level.txt
[15.179s] -- Symlinking: /home/speaker/heaven_slam/install/sentry_interface/local/lib/python3.10/dist-packages/sentry_interface/__init__.py
[15.203s] -- Symlinking: /home/speaker/heaven_slam/install/sentry_interface/local/lib/python3.10/dist-packages/sentry_interface/_sentry_interface_s.ep.rosidl_typesupport_c.c
[15.229s] -- Symlinking: /home/speaker/heaven_slam/install/sentry_interface/local/lib/python3.10/dist-packages/sentry_interface/_sentry_interface_s.ep.rosidl_typesupport_fastrtps_c.c
[15.253s] -- Symlinking: /home/speaker/heaven_slam/install/sentry_interface/local/lib/python3.10/dist-packages/sentry_interface/_sentry_interface_s.ep.rosidl_typesupport_introspection_c.c
[15.277s] -- Symlinking: /home/speaker/heaven_slam/install/sentry_interface/local/lib/python3.10/dist-packages/sentry_interface/action/__init__.py
[15.301s] -- Symlinking: /home/speaker/heaven_slam/install/sentry_interface/local/lib/python3.10/dist-packages/sentry_interface/action/_action_control.py
[15.325s] -- Symlinking: /home/speaker/heaven_slam/install/sentry_interface/local/lib/python3.10/dist-packages/sentry_interface/action/_action_control_s.c
[15.350s] -- Symlinking: /home/speaker/heaven_slam/install/sentry_interface/local/lib/python3.10/dist-packages/sentry_interface/libsentry_interface__rosidl_generator_py.so
[15.373s] -- Symlinking: /home/speaker/heaven_slam/install/sentry_interface/local/lib/python3.10/dist-packages/sentry_interface/msg/__init__.py
[15.395s] -- Symlinking: /home/speaker/heaven_slam/install/sentry_interface/local/lib/python3.10/dist-packages/sentry_interface/msg/_sentry_status.py
[15.419s] -- Symlinking: /home/speaker/heaven_slam/install/sentry_interface/local/lib/python3.10/dist-packages/sentry_interface/msg/_sentry_status_s.c
[15.442s] -- Symlinking: /home/speaker/heaven_slam/install/sentry_interface/local/lib/python3.10/dist-packages/sentry_interface/msg/_sentry_vel.py
[15.466s] -- Symlinking: /home/speaker/heaven_slam/install/sentry_interface/local/lib/python3.10/dist-packages/sentry_interface/msg/_sentry_vel_s.c
[15.490s] -- Symlinking: /home/speaker/heaven_slam/install/sentry_interface/local/lib/python3.10/dist-packages/sentry_interface/sentry_interface_s__rosidl_typesupport_c.cpython-310-aarch64-linux-gnu.so
[15.514s] -- Symlinking: /home/speaker/heaven_slam/install/sentry_interface/local/lib/python3.10/dist-packages/sentry_interface/sentry_interface_s__rosidl_typesupport_fastrtps_c.cpython-310-aarch64-linux-gnu.so
[15.538s] -- Symlinking: /home/speaker/heaven_slam/install/sentry_interface/local/lib/python3.10/dist-packages/sentry_interface/sentry_interface_s__rosidl_typesupport_introspection_c.cpython-310-aarch64-linux-gnu.so
[15.563s] -- Up-to-date symlink: /home/speaker/heaven_slam/install/sentry_interface/local/lib/python3.10/dist-packages/sentry_interface/sentry_interface_s__rosidl_typesupport_fastrtps_c.cpython-310-aarch64-linux-gnu.so
[15.564s] -- Up-to-date symlink: /home/speaker/heaven_slam/install/sentry_interface/local/lib/python3.10/dist-packages/sentry_interface/sentry_interface_s__rosidl_typesupport_introspection_c.cpython-310-aarch64-linux-gnu.so
[15.565s] -- Up-to-date symlink: /home/speaker/heaven_slam/install/sentry_interface/local/lib/python3.10/dist-packages/sentry_interface/sentry_interface_s__rosidl_typesupport_c.cpython-310-aarch64-linux-gnu.so
[15.565s] -- Symlinking: /home/speaker/heaven_slam/install/sentry_interface/share/sentry_interface/msg/SentryStatus.idl
[15.591s] -- Symlinking: /home/speaker/heaven_slam/install/sentry_interface/share/sentry_interface/action/ActionControl.idl
[15.613s] -- Symlinking: /home/speaker/heaven_slam/install/sentry_interface/share/sentry_interface/msg/SentryVel.idl
[15.637s] -- Symlinking: /home/speaker/heaven_slam/install/sentry_interface/share/sentry_interface/msg/SentryStatus.msg
[15.662s] -- Symlinking: /home/speaker/heaven_slam/install/sentry_interface/share/sentry_interface/action/ActionControl.action
[15.687s] -- Symlinking: /home/speaker/heaven_slam/install/sentry_interface/share/sentry_interface/msg/SentryVel.msg
[15.711s] -- Symlinking: /home/speaker/heaven_slam/install/sentry_interface/share/ament_index/resource_index/package_run_dependencies/sentry_interface
[15.736s] -- Symlinking: /home/speaker/heaven_slam/install/sentry_interface/share/ament_index/resource_index/parent_prefix_path/sentry_interface
[15.760s] -- Symlinking: /home/speaker/heaven_slam/install/sentry_interface/share/sentry_interface/environment/ament_prefix_path.sh
[15.783s] -- Symlinking: /home/speaker/heaven_slam/install/sentry_interface/share/sentry_interface/environment/ament_prefix_path.dsv
[15.806s] -- Symlinking: /home/speaker/heaven_slam/install/sentry_interface/share/sentry_interface/environment/path.sh
[15.829s] -- Symlinking: /home/speaker/heaven_slam/install/sentry_interface/share/sentry_interface/environment/path.dsv
[15.854s] -- Symlinking: /home/speaker/heaven_slam/install/sentry_interface/share/sentry_interface/local_setup.bash
[15.879s] -- Symlinking: /home/speaker/heaven_slam/install/sentry_interface/share/sentry_interface/local_setup.sh
[15.902s] -- Symlinking: /home/speaker/heaven_slam/install/sentry_interface/share/sentry_interface/local_setup.zsh
[15.925s] -- Symlinking: /home/speaker/heaven_slam/install/sentry_interface/share/sentry_interface/local_setup.dsv
[15.950s] -- Symlinking: /home/speaker/heaven_slam/install/sentry_interface/share/sentry_interface/package.dsv
[15.974s] -- Symlinking: /home/speaker/heaven_slam/install/sentry_interface/share/ament_index/resource_index/packages/sentry_interface
[15.999s] -- Symlinking: /home/speaker/heaven_slam/install/sentry_interface/share/sentry_interface/cmake/rosidl_cmake-extras.cmake
[16.023s] -- Symlinking: /home/speaker/heaven_slam/install/sentry_interface/share/sentry_interface/cmake/ament_cmake_export_dependencies-extras.cmake
[16.047s] -- Symlinking: /home/speaker/heaven_slam/install/sentry_interface/share/sentry_interface/cmake/ament_cmake_export_include_directories-extras.cmake
[16.071s] -- Symlinking: /home/speaker/heaven_slam/install/sentry_interface/share/sentry_interface/cmake/ament_cmake_export_libraries-extras.cmake
[16.094s] -- Symlinking: /home/speaker/heaven_slam/install/sentry_interface/share/sentry_interface/cmake/ament_cmake_export_targets-extras.cmake
[16.120s] -- Symlinking: /home/speaker/heaven_slam/install/sentry_interface/share/sentry_interface/cmake/rosidl_cmake_export_typesupport_targets-extras.cmake
[16.143s] -- Symlinking: /home/speaker/heaven_slam/install/sentry_interface/share/sentry_interface/cmake/rosidl_cmake_export_typesupport_libraries-extras.cmake
[16.167s] -- Symlinking: /home/speaker/heaven_slam/install/sentry_interface/share/sentry_interface/cmake/sentry_interfaceConfig.cmake
[16.190s] -- Symlinking: /home/speaker/heaven_slam/install/sentry_interface/share/sentry_interface/cmake/sentry_interfaceConfig-version.cmake
[16.214s] -- Symlinking: /home/speaker/heaven_slam/install/sentry_interface/share/sentry_interface/package.xml
[16.240s] -- Installing: /home/speaker/heaven_slam/install/sentry_interface/lib/libsentry_interface__rosidl_generator_c.so
[16.241s] -- Set runtime path of "/home/speaker/heaven_slam/install/sentry_interface/lib/libsentry_interface__rosidl_generator_c.so" to ""
[16.241s] -- Installing: /home/speaker/heaven_slam/install/sentry_interface/lib/libsentry_interface__rosidl_typesupport_fastrtps_c.so
[16.243s] -- Set runtime path of "/home/speaker/heaven_slam/install/sentry_interface/lib/libsentry_interface__rosidl_typesupport_fastrtps_c.so" to ""
[16.243s] -- Installing: /home/speaker/heaven_slam/install/sentry_interface/lib/libsentry_interface__rosidl_typesupport_introspection_c.so
[16.244s] -- Set runtime path of "/home/speaker/heaven_slam/install/sentry_interface/lib/libsentry_interface__rosidl_typesupport_introspection_c.so" to ""
[16.245s] -- Installing: /home/speaker/heaven_slam/install/sentry_interface/lib/libsentry_interface__rosidl_typesupport_c.so
[16.245s] -- Set runtime path of "/home/speaker/heaven_slam/install/sentry_interface/lib/libsentry_interface__rosidl_typesupport_c.so" to ""
[16.246s] -- Installing: /home/speaker/heaven_slam/install/sentry_interface/lib/libsentry_interface__rosidl_typesupport_fastrtps_cpp.so
[16.247s] -- Set runtime path of "/home/speaker/heaven_slam/install/sentry_interface/lib/libsentry_interface__rosidl_typesupport_fastrtps_cpp.so" to ""
[16.247s] -- Installing: /home/speaker/heaven_slam/install/sentry_interface/lib/libsentry_interface__rosidl_typesupport_introspection_cpp.so
[16.248s] -- Set runtime path of "/home/speaker/heaven_slam/install/sentry_interface/lib/libsentry_interface__rosidl_typesupport_introspection_cpp.so" to ""
[16.249s] -- Installing: /home/speaker/heaven_slam/install/sentry_interface/lib/libsentry_interface__rosidl_typesupport_cpp.so
[16.250s] -- Set runtime path of "/home/speaker/heaven_slam/install/sentry_interface/lib/libsentry_interface__rosidl_typesupport_cpp.so" to ""
[16.380s] Listing '/home/speaker/heaven_slam/install/sentry_interface/local/lib/python3.10/dist-packages/sentry_interface'...
[16.380s] Compiling '/home/speaker/heaven_slam/install/sentry_interface/local/lib/python3.10/dist-packages/sentry_interface/__init__.py'...
[16.380s] Listing '/home/speaker/heaven_slam/install/sentry_interface/local/lib/python3.10/dist-packages/sentry_interface/action'...
[16.380s] Compiling '/home/speaker/heaven_slam/install/sentry_interface/local/lib/python3.10/dist-packages/sentry_interface/action/__init__.py'...
[16.380s] Compiling '/home/speaker/heaven_slam/install/sentry_interface/local/lib/python3.10/dist-packages/sentry_interface/action/_action_control.py'...
[16.380s] Listing '/home/speaker/heaven_slam/install/sentry_interface/local/lib/python3.10/dist-packages/sentry_interface/msg'...
[16.380s] Compiling '/home/speaker/heaven_slam/install/sentry_interface/local/lib/python3.10/dist-packages/sentry_interface/msg/__init__.py'...
[16.381s] Compiling '/home/speaker/heaven_slam/install/sentry_interface/local/lib/python3.10/dist-packages/sentry_interface/msg/_sentry_status.py'...
[16.381s] Compiling '/home/speaker/heaven_slam/install/sentry_interface/local/lib/python3.10/dist-packages/sentry_interface/msg/_sentry_vel.py'...
[16.393s] -- Installing: /home/speaker/heaven_slam/install/sentry_interface/lib/libsentry_interface__rosidl_generator_py.so
[16.394s] -- Set runtime path of "/home/speaker/heaven_slam/install/sentry_interface/lib/libsentry_interface__rosidl_generator_py.so" to ""
[16.394s] -- Installing: /home/speaker/heaven_slam/install/sentry_interface/share/sentry_interface/cmake/export_sentry_interface__rosidl_generator_cExport.cmake
[16.395s] -- Installing: /home/speaker/heaven_slam/install/sentry_interface/share/sentry_interface/cmake/export_sentry_interface__rosidl_generator_cExport-noconfig.cmake
[16.395s] -- Installing: /home/speaker/heaven_slam/install/sentry_interface/share/sentry_interface/cmake/export_sentry_interface__rosidl_typesupport_fastrtps_cExport.cmake
[16.396s] -- Installing: /home/speaker/heaven_slam/install/sentry_interface/share/sentry_interface/cmake/export_sentry_interface__rosidl_typesupport_fastrtps_cExport-noconfig.cmake
[16.396s] -- Installing: /home/speaker/heaven_slam/install/sentry_interface/share/sentry_interface/cmake/sentry_interface__rosidl_typesupport_introspection_cExport.cmake
[16.397s] -- Installing: /home/speaker/heaven_slam/install/sentry_interface/share/sentry_interface/cmake/sentry_interface__rosidl_typesupport_introspection_cExport-noconfig.cmake
[16.397s] -- Installing: /home/speaker/heaven_slam/install/sentry_interface/share/sentry_interface/cmake/sentry_interface__rosidl_typesupport_cExport.cmake
[16.398s] -- Installing: /home/speaker/heaven_slam/install/sentry_interface/share/sentry_interface/cmake/sentry_interface__rosidl_typesupport_cExport-noconfig.cmake
[16.398s] -- Installing: /home/speaker/heaven_slam/install/sentry_interface/share/sentry_interface/cmake/export_sentry_interface__rosidl_generator_cppExport.cmake
[16.399s] -- Installing: /home/speaker/heaven_slam/install/sentry_interface/share/sentry_interface/cmake/export_sentry_interface__rosidl_typesupport_fastrtps_cppExport.cmake
[16.400s] -- Installing: /home/speaker/heaven_slam/install/sentry_interface/share/sentry_interface/cmake/export_sentry_interface__rosidl_typesupport_fastrtps_cppExport-noconfig.cmake
[16.400s] -- Installing: /home/speaker/heaven_slam/install/sentry_interface/share/sentry_interface/cmake/sentry_interface__rosidl_typesupport_introspection_cppExport.cmake
[16.401s] -- Installing: /home/speaker/heaven_slam/install/sentry_interface/share/sentry_interface/cmake/sentry_interface__rosidl_typesupport_introspection_cppExport-noconfig.cmake
[16.401s] -- Installing: /home/speaker/heaven_slam/install/sentry_interface/share/sentry_interface/cmake/sentry_interface__rosidl_typesupport_cppExport.cmake
[16.402s] -- Installing: /home/speaker/heaven_slam/install/sentry_interface/share/sentry_interface/cmake/sentry_interface__rosidl_typesupport_cppExport-noconfig.cmake
[16.402s] -- Installing: /home/speaker/heaven_slam/install/sentry_interface/share/sentry_interface/cmake/export_sentry_interface__rosidl_generator_pyExport.cmake
[16.403s] -- Installing: /home/speaker/heaven_slam/install/sentry_interface/share/sentry_interface/cmake/export_sentry_interface__rosidl_generator_pyExport-noconfig.cmake
[16.412s] Invoked command in '/home/speaker/heaven_slam/build/sentry_interface' returned '0': CMAKE_PREFIX_PATH=${CMAKE_PREFIX_PATH}:/home/speaker/heaven_ws/install/chassis_ctr:/opt/ros/humble /usr/bin/cmake --install /home/speaker/heaven_slam/build/sentry_interface
