[0.043s] Invoking command in '/home/robotega/heaven_slam/build/sentry_interface': CMAKE_PREFIX_PATH=${CMAKE_PREFIX_PATH}:/home/robotega/heaven_slam/install/serial_setting:/home/robotega/heaven_slam/install/chassis_ctr:/opt/ros/humble /usr/bin/cmake --build /home/robotega/heaven_slam/build/sentry_interface -- -j8 -l8
[0.180s] [35m[1mConsolidate compiler generated dependencies of target sentry_interface__rosidl_generator_c[0m
[0.199s] [  2%] Built target sentry_interface__cpp
[0.218s] [  2%] Built target ament_cmake_python_symlink_sentry_interface
[0.218s] [ 12%] Built target sentry_interface__rosidl_generator_c
[0.231s] [35m[1mConsolidate compiler generated dependencies of target sentry_interface__rosidl_typesupport_introspection_cpp[0m
[0.232s] [35m[1mConsolidate compiler generated dependencies of target sentry_interface__rosidl_typesupport_cpp[0m
[0.238s] [35m[1mConsolidate compiler generated dependencies of target sentry_interface__rosidl_typesupport_fastrtps_cpp[0m
[0.252s] [35m[1mConsolidate compiler generated dependencies of target sentry_interface__rosidl_typesupport_introspection_c[0m
[0.261s] [35m[1mConsolidate compiler generated dependencies of target sentry_interface__rosidl_typesupport_fastrtps_c[0m
[0.267s] [35m[1mConsolidate compiler generated dependencies of target sentry_interface__rosidl_typesupport_c[0m
[0.272s] [ 23%] Built target sentry_interface__rosidl_typesupport_introspection_cpp
[0.276s] [ 34%] Built target sentry_interface__rosidl_typesupport_cpp
[0.276s] [ 44%] Built target sentry_interface__rosidl_typesupport_fastrtps_cpp
[0.291s] [ 55%] Built target sentry_interface__rosidl_typesupport_introspection_c
[0.293s] [ 65%] Built target sentry_interface__rosidl_typesupport_fastrtps_c
[0.297s] [ 76%] Built target sentry_interface__rosidl_typesupport_c
[0.356s] [ 76%] Built target sentry_interface
[0.404s] [ 78%] Built target sentry_interface__py
[0.434s] [35m[1mConsolidate compiler generated dependencies of target sentry_interface__rosidl_generator_py[0m
[0.475s] [ 87%] Built target sentry_interface__rosidl_generator_py
[0.502s] [35m[1mConsolidate compiler generated dependencies of target sentry_interface__rosidl_typesupport_fastrtps_c__pyext[0m
[0.502s] [35m[1mConsolidate compiler generated dependencies of target sentry_interface__rosidl_typesupport_introspection_c__pyext[0m
[0.502s] [35m[1mConsolidate compiler generated dependencies of target sentry_interface__rosidl_typesupport_c__pyext[0m
[0.532s] [ 95%] Built target sentry_interface__rosidl_typesupport_c__pyext
[0.533s] [100%] Built target sentry_interface__rosidl_typesupport_fastrtps_c__pyext
[0.533s] [ 95%] Built target sentry_interface__rosidl_typesupport_introspection_c__pyext
[0.805s] running egg_info
[0.806s] writing sentry_interface.egg-info/PKG-INFO
[0.807s] writing dependency_links to sentry_interface.egg-info/dependency_links.txt
[0.807s] writing top-level names to sentry_interface.egg-info/top_level.txt
[0.813s] reading manifest file 'sentry_interface.egg-info/SOURCES.txt'
[0.814s] writing manifest file 'sentry_interface.egg-info/SOURCES.txt'
[0.893s] [100%] Built target ament_cmake_python_build_sentry_interface_egg
[0.923s] Invoked command in '/home/robotega/heaven_slam/build/sentry_interface' returned '0': CMAKE_PREFIX_PATH=${CMAKE_PREFIX_PATH}:/home/robotega/heaven_slam/install/serial_setting:/home/robotega/heaven_slam/install/chassis_ctr:/opt/ros/humble /usr/bin/cmake --build /home/robotega/heaven_slam/build/sentry_interface -- -j8 -l8
[0.952s] Invoking command in '/home/robotega/heaven_slam/build/sentry_interface': CMAKE_PREFIX_PATH=${CMAKE_PREFIX_PATH}:/home/robotega/heaven_slam/install/serial_setting:/home/robotega/heaven_slam/install/chassis_ctr:/opt/ros/humble /usr/bin/cmake --install /home/robotega/heaven_slam/build/sentry_interface
[0.971s] -- Install configuration: ""
[0.972s] -- Execute custom install script
[0.973s] -- Up-to-date symlink: /home/robotega/heaven_slam/install/sentry_interface/share/ament_index/resource_index/rosidl_interfaces/sentry_interface
[0.975s] -- Up-to-date symlink: /home/robotega/heaven_slam/install/sentry_interface/include/sentry_interface/sentry_interface/action/action_control.h
[0.976s] -- Up-to-date symlink: /home/robotega/heaven_slam/install/sentry_interface/include/sentry_interface/sentry_interface/action/detail/action_control__functions.h
[0.976s] -- Up-to-date symlink: /home/robotega/heaven_slam/install/sentry_interface/include/sentry_interface/sentry_interface/action/detail/action_control__struct.h
[0.976s] -- Up-to-date symlink: /home/robotega/heaven_slam/install/sentry_interface/include/sentry_interface/sentry_interface/action/detail/action_control__type_support.h
[0.977s] -- Up-to-date symlink: /home/robotega/heaven_slam/install/sentry_interface/include/sentry_interface/sentry_interface/msg/detail/sentry_status__functions.h
[0.977s] -- Up-to-date symlink: /home/robotega/heaven_slam/install/sentry_interface/include/sentry_interface/sentry_interface/msg/detail/sentry_status__struct.h
[0.977s] -- Up-to-date symlink: /home/robotega/heaven_slam/install/sentry_interface/include/sentry_interface/sentry_interface/msg/detail/sentry_status__type_support.h
[0.978s] -- Up-to-date symlink: /home/robotega/heaven_slam/install/sentry_interface/include/sentry_interface/sentry_interface/msg/detail/sentry_vel__functions.h
[0.978s] -- Up-to-date symlink: /home/robotega/heaven_slam/install/sentry_interface/include/sentry_interface/sentry_interface/msg/detail/sentry_vel__struct.h
[0.978s] -- Up-to-date symlink: /home/robotega/heaven_slam/install/sentry_interface/include/sentry_interface/sentry_interface/msg/detail/sentry_vel__type_support.h
[0.978s] -- Up-to-date symlink: /home/robotega/heaven_slam/install/sentry_interface/include/sentry_interface/sentry_interface/msg/rosidl_generator_c__visibility_control.h
[0.979s] -- Up-to-date symlink: /home/robotega/heaven_slam/install/sentry_interface/include/sentry_interface/sentry_interface/msg/sentry_status.h
[0.979s] -- Up-to-date symlink: /home/robotega/heaven_slam/install/sentry_interface/include/sentry_interface/sentry_interface/msg/sentry_vel.h
[0.980s] -- Up-to-date symlink: /home/robotega/heaven_slam/install/sentry_interface/share/sentry_interface/environment/library_path.sh
[0.980s] -- Up-to-date symlink: /home/robotega/heaven_slam/install/sentry_interface/share/sentry_interface/environment/library_path.dsv
[0.981s] -- Up-to-date symlink: /home/robotega/heaven_slam/install/sentry_interface/include/sentry_interface/sentry_interface/action/detail/action_control__rosidl_typesupport_fastrtps_c.h
[0.981s] -- Up-to-date symlink: /home/robotega/heaven_slam/install/sentry_interface/include/sentry_interface/sentry_interface/msg/detail/sentry_status__rosidl_typesupport_fastrtps_c.h
[0.981s] -- Up-to-date symlink: /home/robotega/heaven_slam/install/sentry_interface/include/sentry_interface/sentry_interface/msg/detail/sentry_vel__rosidl_typesupport_fastrtps_c.h
[0.982s] -- Up-to-date symlink: /home/robotega/heaven_slam/install/sentry_interface/include/sentry_interface/sentry_interface/msg/rosidl_typesupport_fastrtps_c__visibility_control.h
[0.983s] -- Up-to-date symlink: /home/robotega/heaven_slam/install/sentry_interface/include/sentry_interface/sentry_interface/action/detail/action_control__rosidl_typesupport_introspection_c.h
[0.983s] -- Up-to-date symlink: /home/robotega/heaven_slam/install/sentry_interface/include/sentry_interface/sentry_interface/msg/detail/sentry_status__rosidl_typesupport_introspection_c.h
[0.983s] -- Up-to-date symlink: /home/robotega/heaven_slam/install/sentry_interface/include/sentry_interface/sentry_interface/msg/detail/sentry_vel__rosidl_typesupport_introspection_c.h
[0.984s] -- Up-to-date symlink: /home/robotega/heaven_slam/install/sentry_interface/include/sentry_interface/sentry_interface/msg/rosidl_typesupport_introspection_c__visibility_control.h
[0.984s] -- Up-to-date symlink: /home/robotega/heaven_slam/install/sentry_interface/include/sentry_interface/sentry_interface/action/action_control.hpp
[0.985s] -- Up-to-date symlink: /home/robotega/heaven_slam/install/sentry_interface/include/sentry_interface/sentry_interface/action/detail/action_control__builder.hpp
[0.985s] -- Up-to-date symlink: /home/robotega/heaven_slam/install/sentry_interface/include/sentry_interface/sentry_interface/action/detail/action_control__struct.hpp
[0.985s] -- Up-to-date symlink: /home/robotega/heaven_slam/install/sentry_interface/include/sentry_interface/sentry_interface/action/detail/action_control__traits.hpp
[0.986s] -- Up-to-date symlink: /home/robotega/heaven_slam/install/sentry_interface/include/sentry_interface/sentry_interface/action/detail/action_control__type_support.hpp
[0.986s] -- Up-to-date symlink: /home/robotega/heaven_slam/install/sentry_interface/include/sentry_interface/sentry_interface/msg/detail/sentry_status__builder.hpp
[0.986s] -- Up-to-date symlink: /home/robotega/heaven_slam/install/sentry_interface/include/sentry_interface/sentry_interface/msg/detail/sentry_status__struct.hpp
[0.987s] -- Up-to-date symlink: /home/robotega/heaven_slam/install/sentry_interface/include/sentry_interface/sentry_interface/msg/detail/sentry_status__traits.hpp
[0.987s] -- Up-to-date symlink: /home/robotega/heaven_slam/install/sentry_interface/include/sentry_interface/sentry_interface/msg/detail/sentry_status__type_support.hpp
[0.987s] -- Up-to-date symlink: /home/robotega/heaven_slam/install/sentry_interface/include/sentry_interface/sentry_interface/msg/detail/sentry_vel__builder.hpp
[0.988s] -- Up-to-date symlink: /home/robotega/heaven_slam/install/sentry_interface/include/sentry_interface/sentry_interface/msg/detail/sentry_vel__struct.hpp
[0.988s] -- Up-to-date symlink: /home/robotega/heaven_slam/install/sentry_interface/include/sentry_interface/sentry_interface/msg/detail/sentry_vel__traits.hpp
[0.988s] -- Up-to-date symlink: /home/robotega/heaven_slam/install/sentry_interface/include/sentry_interface/sentry_interface/msg/detail/sentry_vel__type_support.hpp
[0.989s] -- Up-to-date symlink: /home/robotega/heaven_slam/install/sentry_interface/include/sentry_interface/sentry_interface/msg/rosidl_generator_cpp__visibility_control.hpp
[0.989s] -- Up-to-date symlink: /home/robotega/heaven_slam/install/sentry_interface/include/sentry_interface/sentry_interface/msg/sentry_status.hpp
[0.989s] -- Up-to-date symlink: /home/robotega/heaven_slam/install/sentry_interface/include/sentry_interface/sentry_interface/msg/sentry_vel.hpp
[0.990s] -- Up-to-date symlink: /home/robotega/heaven_slam/install/sentry_interface/include/sentry_interface/sentry_interface/action/detail/action_control__rosidl_typesupport_fastrtps_cpp.hpp
[0.991s] -- Up-to-date symlink: /home/robotega/heaven_slam/install/sentry_interface/include/sentry_interface/sentry_interface/msg/detail/sentry_status__rosidl_typesupport_fastrtps_cpp.hpp
[0.991s] -- Up-to-date symlink: /home/robotega/heaven_slam/install/sentry_interface/include/sentry_interface/sentry_interface/msg/detail/sentry_vel__rosidl_typesupport_fastrtps_cpp.hpp
[0.991s] -- Up-to-date symlink: /home/robotega/heaven_slam/install/sentry_interface/include/sentry_interface/sentry_interface/msg/rosidl_typesupport_fastrtps_cpp__visibility_control.h
[0.992s] -- Up-to-date symlink: /home/robotega/heaven_slam/install/sentry_interface/include/sentry_interface/sentry_interface/action/detail/action_control__rosidl_typesupport_introspection_cpp.hpp
[0.992s] -- Up-to-date symlink: /home/robotega/heaven_slam/install/sentry_interface/include/sentry_interface/sentry_interface/msg/detail/sentry_status__rosidl_typesupport_introspection_cpp.hpp
[0.993s] -- Up-to-date symlink: /home/robotega/heaven_slam/install/sentry_interface/include/sentry_interface/sentry_interface/msg/detail/sentry_vel__rosidl_typesupport_introspection_cpp.hpp
[0.993s] -- Up-to-date symlink: /home/robotega/heaven_slam/install/sentry_interface/share/sentry_interface/environment/pythonpath.sh
[0.993s] -- Up-to-date symlink: /home/robotega/heaven_slam/install/sentry_interface/share/sentry_interface/environment/pythonpath.dsv
[0.994s] -- Up-to-date symlink: /home/robotega/heaven_slam/install/sentry_interface/local/lib/python3.10/dist-packages/sentry_interface-0.0.0-py3.10.egg-info/PKG-INFO
[0.994s] -- Up-to-date symlink: /home/robotega/heaven_slam/install/sentry_interface/local/lib/python3.10/dist-packages/sentry_interface-0.0.0-py3.10.egg-info/SOURCES.txt
[0.994s] -- Up-to-date symlink: /home/robotega/heaven_slam/install/sentry_interface/local/lib/python3.10/dist-packages/sentry_interface-0.0.0-py3.10.egg-info/dependency_links.txt
[0.995s] -- Up-to-date symlink: /home/robotega/heaven_slam/install/sentry_interface/local/lib/python3.10/dist-packages/sentry_interface-0.0.0-py3.10.egg-info/top_level.txt
[0.996s] -- Up-to-date symlink: /home/robotega/heaven_slam/install/sentry_interface/local/lib/python3.10/dist-packages/sentry_interface/__init__.py
[0.996s] -- Up-to-date symlink: /home/robotega/heaven_slam/install/sentry_interface/local/lib/python3.10/dist-packages/sentry_interface/_sentry_interface_s.ep.rosidl_typesupport_c.c
[0.996s] -- Up-to-date symlink: /home/robotega/heaven_slam/install/sentry_interface/local/lib/python3.10/dist-packages/sentry_interface/_sentry_interface_s.ep.rosidl_typesupport_fastrtps_c.c
[0.996s] -- Up-to-date symlink: /home/robotega/heaven_slam/install/sentry_interface/local/lib/python3.10/dist-packages/sentry_interface/_sentry_interface_s.ep.rosidl_typesupport_introspection_c.c
[0.997s] -- Up-to-date symlink: /home/robotega/heaven_slam/install/sentry_interface/local/lib/python3.10/dist-packages/sentry_interface/action/__init__.py
[0.997s] -- Up-to-date symlink: /home/robotega/heaven_slam/install/sentry_interface/local/lib/python3.10/dist-packages/sentry_interface/action/_action_control.py
[0.997s] -- Up-to-date symlink: /home/robotega/heaven_slam/install/sentry_interface/local/lib/python3.10/dist-packages/sentry_interface/action/_action_control_s.c
[0.997s] -- Up-to-date symlink: /home/robotega/heaven_slam/install/sentry_interface/local/lib/python3.10/dist-packages/sentry_interface/libsentry_interface__rosidl_generator_py.so
[0.998s] -- Up-to-date symlink: /home/robotega/heaven_slam/install/sentry_interface/local/lib/python3.10/dist-packages/sentry_interface/msg/__init__.py
[0.998s] -- Up-to-date symlink: /home/robotega/heaven_slam/install/sentry_interface/local/lib/python3.10/dist-packages/sentry_interface/msg/_sentry_status.py
[0.998s] -- Up-to-date symlink: /home/robotega/heaven_slam/install/sentry_interface/local/lib/python3.10/dist-packages/sentry_interface/msg/_sentry_status_s.c
[0.998s] -- Up-to-date symlink: /home/robotega/heaven_slam/install/sentry_interface/local/lib/python3.10/dist-packages/sentry_interface/msg/_sentry_vel.py
[0.998s] -- Up-to-date symlink: /home/robotega/heaven_slam/install/sentry_interface/local/lib/python3.10/dist-packages/sentry_interface/msg/_sentry_vel_s.c
[0.998s] -- Up-to-date symlink: /home/robotega/heaven_slam/install/sentry_interface/local/lib/python3.10/dist-packages/sentry_interface/sentry_interface_s__rosidl_typesupport_c.cpython-310-aarch64-linux-gnu.so
[0.999s] -- Up-to-date symlink: /home/robotega/heaven_slam/install/sentry_interface/local/lib/python3.10/dist-packages/sentry_interface/sentry_interface_s__rosidl_typesupport_fastrtps_c.cpython-310-aarch64-linux-gnu.so
[0.999s] -- Up-to-date symlink: /home/robotega/heaven_slam/install/sentry_interface/local/lib/python3.10/dist-packages/sentry_interface/sentry_interface_s__rosidl_typesupport_introspection_c.cpython-310-aarch64-linux-gnu.so
[1.000s] -- Up-to-date symlink: /home/robotega/heaven_slam/install/sentry_interface/local/lib/python3.10/dist-packages/sentry_interface/sentry_interface_s__rosidl_typesupport_fastrtps_c.cpython-310-aarch64-linux-gnu.so
[1.000s] -- Up-to-date symlink: /home/robotega/heaven_slam/install/sentry_interface/local/lib/python3.10/dist-packages/sentry_interface/sentry_interface_s__rosidl_typesupport_introspection_c.cpython-310-aarch64-linux-gnu.so
[1.001s] -- Up-to-date symlink: /home/robotega/heaven_slam/install/sentry_interface/local/lib/python3.10/dist-packages/sentry_interface/sentry_interface_s__rosidl_typesupport_c.cpython-310-aarch64-linux-gnu.so
[1.001s] -- Up-to-date symlink: /home/robotega/heaven_slam/install/sentry_interface/share/sentry_interface/msg/SentryStatus.idl
[1.002s] -- Up-to-date symlink: /home/robotega/heaven_slam/install/sentry_interface/share/sentry_interface/action/ActionControl.idl
[1.002s] -- Up-to-date symlink: /home/robotega/heaven_slam/install/sentry_interface/share/sentry_interface/msg/SentryVel.idl
[1.002s] -- Up-to-date symlink: /home/robotega/heaven_slam/install/sentry_interface/share/sentry_interface/msg/SentryStatus.msg
[1.003s] -- Up-to-date symlink: /home/robotega/heaven_slam/install/sentry_interface/share/sentry_interface/action/ActionControl.action
[1.003s] -- Up-to-date symlink: /home/robotega/heaven_slam/install/sentry_interface/share/sentry_interface/msg/SentryVel.msg
[1.003s] -- Up-to-date symlink: /home/robotega/heaven_slam/install/sentry_interface/share/ament_index/resource_index/package_run_dependencies/sentry_interface
[1.004s] -- Up-to-date symlink: /home/robotega/heaven_slam/install/sentry_interface/share/ament_index/resource_index/parent_prefix_path/sentry_interface
[1.004s] -- Up-to-date symlink: /home/robotega/heaven_slam/install/sentry_interface/share/sentry_interface/environment/ament_prefix_path.sh
[1.005s] -- Up-to-date symlink: /home/robotega/heaven_slam/install/sentry_interface/share/sentry_interface/environment/ament_prefix_path.dsv
[1.005s] -- Up-to-date symlink: /home/robotega/heaven_slam/install/sentry_interface/share/sentry_interface/environment/path.sh
[1.005s] -- Up-to-date symlink: /home/robotega/heaven_slam/install/sentry_interface/share/sentry_interface/environment/path.dsv
[1.006s] -- Up-to-date symlink: /home/robotega/heaven_slam/install/sentry_interface/share/sentry_interface/local_setup.bash
[1.006s] -- Up-to-date symlink: /home/robotega/heaven_slam/install/sentry_interface/share/sentry_interface/local_setup.sh
[1.006s] -- Up-to-date symlink: /home/robotega/heaven_slam/install/sentry_interface/share/sentry_interface/local_setup.zsh
[1.006s] -- Up-to-date symlink: /home/robotega/heaven_slam/install/sentry_interface/share/sentry_interface/local_setup.dsv
[1.007s] -- Symlinking: /home/robotega/heaven_slam/install/sentry_interface/share/sentry_interface/package.dsv
[1.027s] -- Up-to-date symlink: /home/robotega/heaven_slam/install/sentry_interface/share/ament_index/resource_index/packages/sentry_interface
[1.028s] -- Up-to-date symlink: /home/robotega/heaven_slam/install/sentry_interface/share/sentry_interface/cmake/rosidl_cmake-extras.cmake
[1.028s] -- Up-to-date symlink: /home/robotega/heaven_slam/install/sentry_interface/share/sentry_interface/cmake/ament_cmake_export_dependencies-extras.cmake
[1.028s] -- Up-to-date symlink: /home/robotega/heaven_slam/install/sentry_interface/share/sentry_interface/cmake/ament_cmake_export_include_directories-extras.cmake
[1.029s] -- Up-to-date symlink: /home/robotega/heaven_slam/install/sentry_interface/share/sentry_interface/cmake/ament_cmake_export_libraries-extras.cmake
[1.029s] -- Up-to-date symlink: /home/robotega/heaven_slam/install/sentry_interface/share/sentry_interface/cmake/ament_cmake_export_targets-extras.cmake
[1.029s] -- Up-to-date symlink: /home/robotega/heaven_slam/install/sentry_interface/share/sentry_interface/cmake/rosidl_cmake_export_typesupport_targets-extras.cmake
[1.030s] -- Up-to-date symlink: /home/robotega/heaven_slam/install/sentry_interface/share/sentry_interface/cmake/rosidl_cmake_export_typesupport_libraries-extras.cmake
[1.030s] -- Up-to-date symlink: /home/robotega/heaven_slam/install/sentry_interface/share/sentry_interface/cmake/sentry_interfaceConfig.cmake
[1.030s] -- Up-to-date symlink: /home/robotega/heaven_slam/install/sentry_interface/share/sentry_interface/cmake/sentry_interfaceConfig-version.cmake
[1.031s] -- Up-to-date symlink: /home/robotega/heaven_slam/install/sentry_interface/share/sentry_interface/package.xml
[1.032s] -- Up-to-date: /home/robotega/heaven_slam/install/sentry_interface/lib/libsentry_interface__rosidl_generator_c.so
[1.033s] -- Up-to-date: /home/robotega/heaven_slam/install/sentry_interface/lib/libsentry_interface__rosidl_typesupport_fastrtps_c.so
[1.034s] -- Up-to-date: /home/robotega/heaven_slam/install/sentry_interface/lib/libsentry_interface__rosidl_typesupport_introspection_c.so
[1.035s] -- Up-to-date: /home/robotega/heaven_slam/install/sentry_interface/lib/libsentry_interface__rosidl_typesupport_c.so
[1.035s] -- Up-to-date: /home/robotega/heaven_slam/install/sentry_interface/lib/libsentry_interface__rosidl_typesupport_fastrtps_cpp.so
[1.037s] -- Up-to-date: /home/robotega/heaven_slam/install/sentry_interface/lib/libsentry_interface__rosidl_typesupport_introspection_cpp.so
[1.037s] -- Up-to-date: /home/robotega/heaven_slam/install/sentry_interface/lib/libsentry_interface__rosidl_typesupport_cpp.so
[1.113s] Listing '/home/robotega/heaven_slam/install/sentry_interface/local/lib/python3.10/dist-packages/sentry_interface'...
[1.114s] Listing '/home/robotega/heaven_slam/install/sentry_interface/local/lib/python3.10/dist-packages/sentry_interface/action'...
[1.114s] Listing '/home/robotega/heaven_slam/install/sentry_interface/local/lib/python3.10/dist-packages/sentry_interface/msg'...
[1.125s] -- Up-to-date: /home/robotega/heaven_slam/install/sentry_interface/lib/libsentry_interface__rosidl_generator_py.so
[1.126s] -- Up-to-date: /home/robotega/heaven_slam/install/sentry_interface/share/sentry_interface/cmake/export_sentry_interface__rosidl_generator_cExport.cmake
[1.126s] -- Up-to-date: /home/robotega/heaven_slam/install/sentry_interface/share/sentry_interface/cmake/export_sentry_interface__rosidl_generator_cExport-noconfig.cmake
[1.127s] -- Up-to-date: /home/robotega/heaven_slam/install/sentry_interface/share/sentry_interface/cmake/export_sentry_interface__rosidl_typesupport_fastrtps_cExport.cmake
[1.127s] -- Up-to-date: /home/robotega/heaven_slam/install/sentry_interface/share/sentry_interface/cmake/export_sentry_interface__rosidl_typesupport_fastrtps_cExport-noconfig.cmake
[1.128s] -- Up-to-date: /home/robotega/heaven_slam/install/sentry_interface/share/sentry_interface/cmake/sentry_interface__rosidl_typesupport_introspection_cExport.cmake
[1.128s] -- Up-to-date: /home/robotega/heaven_slam/install/sentry_interface/share/sentry_interface/cmake/sentry_interface__rosidl_typesupport_introspection_cExport-noconfig.cmake
[1.128s] -- Up-to-date: /home/robotega/heaven_slam/install/sentry_interface/share/sentry_interface/cmake/sentry_interface__rosidl_typesupport_cExport.cmake
[1.129s] -- Up-to-date: /home/robotega/heaven_slam/install/sentry_interface/share/sentry_interface/cmake/sentry_interface__rosidl_typesupport_cExport-noconfig.cmake
[1.129s] -- Up-to-date: /home/robotega/heaven_slam/install/sentry_interface/share/sentry_interface/cmake/export_sentry_interface__rosidl_generator_cppExport.cmake
[1.130s] -- Up-to-date: /home/robotega/heaven_slam/install/sentry_interface/share/sentry_interface/cmake/export_sentry_interface__rosidl_typesupport_fastrtps_cppExport.cmake
[1.130s] -- Up-to-date: /home/robotega/heaven_slam/install/sentry_interface/share/sentry_interface/cmake/export_sentry_interface__rosidl_typesupport_fastrtps_cppExport-noconfig.cmake
[1.131s] -- Up-to-date: /home/robotega/heaven_slam/install/sentry_interface/share/sentry_interface/cmake/sentry_interface__rosidl_typesupport_introspection_cppExport.cmake
[1.134s] -- Up-to-date: /home/robotega/heaven_slam/install/sentry_interface/share/sentry_interface/cmake/sentry_interface__rosidl_typesupport_introspection_cppExport-noconfig.cmake
[1.134s] -- Up-to-date: /home/robotega/heaven_slam/install/sentry_interface/share/sentry_interface/cmake/sentry_interface__rosidl_typesupport_cppExport.cmake
[1.134s] -- Up-to-date: /home/robotega/heaven_slam/install/sentry_interface/share/sentry_interface/cmake/sentry_interface__rosidl_typesupport_cppExport-noconfig.cmake
[1.135s] -- Up-to-date: /home/robotega/heaven_slam/install/sentry_interface/share/sentry_interface/cmake/export_sentry_interface__rosidl_generator_pyExport.cmake
[1.135s] -- Up-to-date: /home/robotega/heaven_slam/install/sentry_interface/share/sentry_interface/cmake/export_sentry_interface__rosidl_generator_pyExport-noconfig.cmake
[1.141s] Invoked command in '/home/robotega/heaven_slam/build/sentry_interface' returned '0': CMAKE_PREFIX_PATH=${CMAKE_PREFIX_PATH}:/home/robotega/heaven_slam/install/serial_setting:/home/robotega/heaven_slam/install/chassis_ctr:/opt/ros/humble /usr/bin/cmake --install /home/robotega/heaven_slam/build/sentry_interface
