running develop
running egg_info
creating serial_setting.egg-info
writing serial_setting.egg-info/PKG-INFO
writing dependency_links to serial_setting.egg-info/dependency_links.txt
writing entry points to serial_setting.egg-info/entry_points.txt
writing requirements to serial_setting.egg-info/requires.txt
writing top-level names to serial_setting.egg-info/top_level.txt
writing manifest file 'serial_setting.egg-info/SOURCES.txt'
reading manifest file 'serial_setting.egg-info/SOURCES.txt'
writing manifest file 'serial_setting.egg-info/SOURCES.txt'
running build_ext
Creating /home/speaker/heaven_slam/install/serial_setting/lib/python3.10/site-packages/serial-setting.egg-link (link to .)
Installing yaw_data_get script to /home/speaker/heaven_slam/install/serial_setting/lib/serial_setting

Installed /home/speaker/heaven_slam/build/serial_setting
running symlink_data
creating /home/speaker/heaven_slam/install/serial_setting/share/ament_index
creating /home/speaker/heaven_slam/install/serial_setting/share/ament_index/resource_index
creating /home/speaker/heaven_slam/install/serial_setting/share/ament_index/resource_index/packages
symbolically linking /home/speaker/heaven_slam/build/serial_setting/resource/serial_setting -> /home/speaker/heaven_slam/install/serial_setting/share/ament_index/resource_index/packages
symbolically linking /home/speaker/heaven_slam/build/serial_setting/package.xml -> /home/speaker/heaven_slam/install/serial_setting/share/serial_setting
creating /home/speaker/heaven_slam/install/serial_setting/share/serial_setting/config
symbolically linking /home/speaker/heaven_slam/build/serial_setting/config/serial_paras.yaml -> /home/speaker/heaven_slam/install/serial_setting/share/serial_setting/config
