[1.314s] Invoking command in '/home/speaker/heaven_slam/build/serial_setting': AMENT_PREFIX_PATH=/home/speaker/heaven_slam/install/sentry_interface:${AMENT_PREFIX_PATH} CMAKE_PREFIX_PATH=/home/speaker/heaven_slam/install/sentry_interface:${CMAKE_PREFIX_PATH} LD_LIBRARY_PATH=/home/speaker/heaven_slam/install/sentry_interface/lib:/home/speaker/pb_rmsimulation/install/teb_local_planner/lib:/home/speaker/pb_rmsimulation/install/teb_msgs/lib:/home/speaker/pb_rmsimulation/install/pointcloud_to_laserscan/lib:/home/speaker/pb_rmsimulation/install/icp_registration/lib:/home/speaker/pb_rmsimulation/install/fast_lio/lib:/home/speaker/pb_rmsimulation/install/livox_ros_driver2/lib:/home/speaker/pb_rmsimulation/install/linefit_ground_segmentation/lib:/home/speaker/pb_rmsimulation/install/imu_complementary_filter/lib:/home/speaker/pb_rmsimulation/install/fake_vel_transform/lib:/home/speaker/pb_rmsimulation/install/costmap_converter/lib:/home/speaker/pb_rmsimulation/install/costmap_converter_msgs/lib:/usr/local/cuda/lib64:/home/speaker/heaven_ws/install/fast_lio/lib:/home/speaker/ws_livox/install/livox_ros_driver2/lib:/opt/ros/humble/opt/rviz_ogre_vendor/lib:/opt/ros/humble/lib/aarch64-linux-gnu:/opt/ros/humble/opt/openvdb_vendor/lib:/opt/ros/humble/lib:/usr/local/lib:/usr/lib:/usr/local/opencv4.10.0/lib PYTHONPATH=/home/speaker/heaven_slam/build/serial_setting/prefix_override:/usr/lib/python3/dist-packages/colcon_core/task/python/colcon_distutils_commands:/home/speaker/heaven_slam/install/serial_setting/lib/python3.10/site-packages:/home/speaker/heaven_slam/install/sentry_interface/local/lib/python3.10/dist-packages:${PYTHONPATH} /usr/bin/python3 -W ignore:setup.py install is deprecated -W ignore:easy_install command is deprecated setup.py develop --editable --build-directory /home/speaker/heaven_slam/build/serial_setting/build --no-deps symlink_data
[1.869s] running develop
[2.201s] running egg_info
[2.202s] creating serial_setting.egg-info
[2.202s] writing serial_setting.egg-info/PKG-INFO
[2.202s] writing dependency_links to serial_setting.egg-info/dependency_links.txt
[2.203s] writing entry points to serial_setting.egg-info/entry_points.txt
[2.203s] writing requirements to serial_setting.egg-info/requires.txt
[2.203s] writing top-level names to serial_setting.egg-info/top_level.txt
[2.203s] writing manifest file 'serial_setting.egg-info/SOURCES.txt'
[2.207s] reading manifest file 'serial_setting.egg-info/SOURCES.txt'
[2.208s] writing manifest file 'serial_setting.egg-info/SOURCES.txt'
[2.211s] running build_ext
[2.212s] Creating /home/speaker/heaven_slam/install/serial_setting/lib/python3.10/site-packages/serial-setting.egg-link (link to .)
[2.213s] Installing yaw_data_get script to /home/speaker/heaven_slam/install/serial_setting/lib/serial_setting
[2.214s] 
[2.214s] Installed /home/speaker/heaven_slam/build/serial_setting
[2.214s] running symlink_data
[2.215s] creating /home/speaker/heaven_slam/install/serial_setting/share/ament_index
[2.215s] creating /home/speaker/heaven_slam/install/serial_setting/share/ament_index/resource_index
[2.215s] creating /home/speaker/heaven_slam/install/serial_setting/share/ament_index/resource_index/packages
[2.215s] symbolically linking /home/speaker/heaven_slam/build/serial_setting/resource/serial_setting -> /home/speaker/heaven_slam/install/serial_setting/share/ament_index/resource_index/packages
[2.215s] symbolically linking /home/speaker/heaven_slam/build/serial_setting/package.xml -> /home/speaker/heaven_slam/install/serial_setting/share/serial_setting
[2.215s] creating /home/speaker/heaven_slam/install/serial_setting/share/serial_setting/config
[2.216s] symbolically linking /home/speaker/heaven_slam/build/serial_setting/config/serial_paras.yaml -> /home/speaker/heaven_slam/install/serial_setting/share/serial_setting/config
[2.295s] Invoked command in '/home/speaker/heaven_slam/build/serial_setting' returned '0': AMENT_PREFIX_PATH=/home/speaker/heaven_slam/install/sentry_interface:${AMENT_PREFIX_PATH} CMAKE_PREFIX_PATH=/home/speaker/heaven_slam/install/sentry_interface:${CMAKE_PREFIX_PATH} LD_LIBRARY_PATH=/home/speaker/heaven_slam/install/sentry_interface/lib:/home/speaker/pb_rmsimulation/install/teb_local_planner/lib:/home/speaker/pb_rmsimulation/install/teb_msgs/lib:/home/speaker/pb_rmsimulation/install/pointcloud_to_laserscan/lib:/home/speaker/pb_rmsimulation/install/icp_registration/lib:/home/speaker/pb_rmsimulation/install/fast_lio/lib:/home/speaker/pb_rmsimulation/install/livox_ros_driver2/lib:/home/speaker/pb_rmsimulation/install/linefit_ground_segmentation/lib:/home/speaker/pb_rmsimulation/install/imu_complementary_filter/lib:/home/speaker/pb_rmsimulation/install/fake_vel_transform/lib:/home/speaker/pb_rmsimulation/install/costmap_converter/lib:/home/speaker/pb_rmsimulation/install/costmap_converter_msgs/lib:/usr/local/cuda/lib64:/home/speaker/heaven_ws/install/fast_lio/lib:/home/speaker/ws_livox/install/livox_ros_driver2/lib:/opt/ros/humble/opt/rviz_ogre_vendor/lib:/opt/ros/humble/lib/aarch64-linux-gnu:/opt/ros/humble/opt/openvdb_vendor/lib:/opt/ros/humble/lib:/usr/local/lib:/usr/lib:/usr/local/opencv4.10.0/lib PYTHONPATH=/home/speaker/heaven_slam/build/serial_setting/prefix_override:/usr/lib/python3/dist-packages/colcon_core/task/python/colcon_distutils_commands:/home/speaker/heaven_slam/install/serial_setting/lib/python3.10/site-packages:/home/speaker/heaven_slam/install/sentry_interface/local/lib/python3.10/dist-packages:${PYTHONPATH} /usr/bin/python3 -W ignore:setup.py install is deprecated -W ignore:easy_install command is deprecated setup.py develop --editable --build-directory /home/speaker/heaven_slam/build/serial_setting/build --no-deps symlink_data
