-- Found ament_cmake: 1.3.11 (/opt/ros/humble/share/ament_cmake/cmake)
-- Override CMake install command with custom implementation using symlinks instead of copying resources
-- Found rosidl_default_generators: 1.2.0 (/opt/ros/humble/share/rosidl_default_generators/cmake)
-- Using all available rosidl_typesupport_c: rosidl_typesupport_fastrtps_c;rosidl_typesupport_introspection_c
-- Found rosidl_adapter: 3.1.6 (/opt/ros/humble/share/rosidl_adapter/cmake)
-- Using all available rosidl_typesupport_cpp: rosidl_typesupport_fastrtps_cpp;rosidl_typesupport_introspection_cpp
-- Found geometry_msgs: 4.2.4 (/opt/ros/humble/share/geometry_msgs/cmake)
-- Found ament_cmake_ros: 0.10.0 (/opt/ros/humble/share/ament_cmake_ros/cmake)
-- Using all available rosidl_typesupport_c: rosidl_typesupport_fastrtps_c;rosidl_typesupport_introspection_c
-- Using all available rosidl_typesupport_cpp: rosidl_typesupport_fastrtps_cpp;rosidl_typesupport_introspection_cpp
-- Found python_cmake_module: 0.10.0 (/opt/ros/humble/share/python_cmake_module/cmake)
-- Using PYTHON_EXECUTABLE: /usr/bin/python3
-- Using PYTHON_INCLUDE_DIRS: /usr/include/python3.10
-- Using PYTHON_LIBRARIES: /usr/lib/aarch64-linux-gnu/libpython3.10.so
-- Found ament_lint_auto: 0.12.11 (/opt/ros/humble/share/ament_lint_auto/cmake)
-- Added test 'lint_cmake' to check CMake code style
-- Added test 'xmllint' to check XML markup files
-- Configuring done
-- Generating done
-- Build files have been written to: /home/robotega/heaven_slam/build/sentry_interface
[  2%] [34m[1mGenerating C code for ROS interfaces[0m
[  4%] [34m[1mGenerating C++ code for ROS interfaces[0m
[  4%] Built target ament_cmake_python_symlink_sentry_interface
running egg_info
writing sentry_interface.egg-info/PKG-INFO
writing dependency_links to sentry_interface.egg-info/dependency_links.txt
writing top-level names to sentry_interface.egg-info/top_level.txt
reading manifest file 'sentry_interface.egg-info/SOURCES.txt'
writing manifest file 'sentry_interface.egg-info/SOURCES.txt'
[  4%] Built target ament_cmake_python_build_sentry_interface_egg
[  4%] Built target sentry_interface__cpp
[  6%] [34m[1mGenerating C++ type support dispatch for ROS interfaces[0m
[  8%] [34m[1mGenerating C++ type support for eProsima Fast-RTPS[0m
[ 10%] [34m[1mGenerating C++ introspection for ROS interfaces[0m
[35m[1mConsolidate compiler generated dependencies of target sentry_interface__rosidl_generator_c[0m
[ 12%] [32mBuilding C object CMakeFiles/sentry_interface__rosidl_generator_c.dir/rosidl_generator_c/sentry_interface/msg/detail/sentry_status__functions.c.o[0m
[ 17%] [32mBuilding C object CMakeFiles/sentry_interface__rosidl_generator_c.dir/rosidl_generator_c/sentry_interface/msg/detail/sentry_vel__functions.c.o[0m
[ 17%] [32mBuilding C object CMakeFiles/sentry_interface__rosidl_generator_c.dir/rosidl_generator_c/sentry_interface/action/detail/action_control__functions.c.o[0m
[ 19%] [32m[1mLinking C shared library libsentry_interface__rosidl_generator_c.so[0m
[ 19%] Built target sentry_interface__rosidl_generator_c
[ 25%] [34m[1mGenerating C type support dispatch for ROS interfaces[0m
[ 25%] [34m[1mGenerating C type support for eProsima Fast-RTPS[0m
[ 25%] [34m[1mGenerating C introspection for ROS interfaces[0m
[35m[1mConsolidate compiler generated dependencies of target sentry_interface__rosidl_typesupport_cpp[0m
[ 27%] [32mBuilding CXX object CMakeFiles/sentry_interface__rosidl_typesupport_cpp.dir/rosidl_typesupport_cpp/sentry_interface/action/action_control__type_support.cpp.o[0m
[ 29%] [32mBuilding CXX object CMakeFiles/sentry_interface__rosidl_typesupport_cpp.dir/rosidl_typesupport_cpp/sentry_interface/msg/sentry_status__type_support.cpp.o[0m
[ 31%] [32mBuilding CXX object CMakeFiles/sentry_interface__rosidl_typesupport_cpp.dir/rosidl_typesupport_cpp/sentry_interface/msg/sentry_vel__type_support.cpp.o[0m
[35m[1mConsolidate compiler generated dependencies of target sentry_interface__rosidl_typesupport_introspection_cpp[0m
[ 34%] [32mBuilding CXX object CMakeFiles/sentry_interface__rosidl_typesupport_introspection_cpp.dir/rosidl_typesupport_introspection_cpp/sentry_interface/msg/detail/sentry_status__type_support.cpp.o[0m
[35m[1mConsolidate compiler generated dependencies of target sentry_interface__rosidl_typesupport_fastrtps_cpp[0m
[ 36%] [32mBuilding CXX object CMakeFiles/sentry_interface__rosidl_typesupport_fastrtps_cpp.dir/rosidl_typesupport_fastrtps_cpp/sentry_interface/msg/detail/dds_fastrtps/sentry_status__type_support.cpp.o[0m
[35m[1mConsolidate compiler generated dependencies of target sentry_interface__rosidl_typesupport_c[0m
[ 38%] [32mBuilding CXX object CMakeFiles/sentry_interface__rosidl_typesupport_c.dir/rosidl_typesupport_c/sentry_interface/msg/sentry_status__type_support.cpp.o[0m
[ 40%] [32mBuilding CXX object CMakeFiles/sentry_interface__rosidl_typesupport_c.dir/rosidl_typesupport_c/sentry_interface/action/action_control__type_support.cpp.o[0m
[ 42%] [32mBuilding CXX object CMakeFiles/sentry_interface__rosidl_typesupport_fastrtps_cpp.dir/rosidl_typesupport_fastrtps_cpp/sentry_interface/action/detail/dds_fastrtps/action_control__type_support.cpp.o[0m
[ 44%] [32mBuilding CXX object CMakeFiles/sentry_interface__rosidl_typesupport_c.dir/rosidl_typesupport_c/sentry_interface/msg/sentry_vel__type_support.cpp.o[0m
[ 46%] [32mBuilding CXX object CMakeFiles/sentry_interface__rosidl_typesupport_fastrtps_cpp.dir/rosidl_typesupport_fastrtps_cpp/sentry_interface/msg/detail/dds_fastrtps/sentry_vel__type_support.cpp.o[0m
[35m[1mConsolidate compiler generated dependencies of target sentry_interface__rosidl_typesupport_introspection_c[0m
[35m[1mConsolidate compiler generated dependencies of target sentry_interface__rosidl_typesupport_fastrtps_c[0m
[ 48%] [32m[1mLinking CXX shared library libsentry_interface__rosidl_typesupport_c.so[0m
[ 51%] [32mBuilding C object CMakeFiles/sentry_interface__rosidl_typesupport_introspection_c.dir/rosidl_typesupport_introspection_c/sentry_interface/msg/detail/sentry_status__type_support.c.o[0m
[ 53%] [32mBuilding CXX object CMakeFiles/sentry_interface__rosidl_typesupport_fastrtps_c.dir/rosidl_typesupport_fastrtps_c/sentry_interface/msg/detail/sentry_status__type_support_c.cpp.o[0m
[ 53%] Built target sentry_interface__rosidl_typesupport_c
[ 55%] [32mBuilding C object CMakeFiles/sentry_interface__rosidl_typesupport_introspection_c.dir/rosidl_typesupport_introspection_c/sentry_interface/action/detail/action_control__type_support.c.o[0m
[ 57%] [32mBuilding C object CMakeFiles/sentry_interface__rosidl_typesupport_introspection_c.dir/rosidl_typesupport_introspection_c/sentry_interface/msg/detail/sentry_vel__type_support.c.o[0m
[ 59%] [32mBuilding CXX object CMakeFiles/sentry_interface__rosidl_typesupport_introspection_cpp.dir/rosidl_typesupport_introspection_cpp/sentry_interface/action/detail/action_control__type_support.cpp.o[0m
[ 61%] [32m[1mLinking CXX shared library libsentry_interface__rosidl_typesupport_cpp.so[0m
[ 63%] [32mBuilding CXX object CMakeFiles/sentry_interface__rosidl_typesupport_introspection_cpp.dir/rosidl_typesupport_introspection_cpp/sentry_interface/msg/detail/sentry_vel__type_support.cpp.o[0m
[ 65%] [32m[1mLinking C shared library libsentry_interface__rosidl_typesupport_introspection_c.so[0m
[ 65%] Built target sentry_interface__rosidl_typesupport_introspection_c
[ 68%] [32mBuilding CXX object CMakeFiles/sentry_interface__rosidl_typesupport_fastrtps_c.dir/rosidl_typesupport_fastrtps_c/sentry_interface/action/detail/action_control__type_support_c.cpp.o[0m
[ 68%] Built target sentry_interface__rosidl_typesupport_cpp
[ 70%] [32mBuilding CXX object CMakeFiles/sentry_interface__rosidl_typesupport_fastrtps_c.dir/rosidl_typesupport_fastrtps_c/sentry_interface/msg/detail/sentry_vel__type_support_c.cpp.o[0m
[ 72%] [32m[1mLinking CXX shared library libsentry_interface__rosidl_typesupport_fastrtps_cpp.so[0m
[ 72%] Built target sentry_interface__rosidl_typesupport_fastrtps_cpp
[ 74%] [32m[1mLinking CXX shared library libsentry_interface__rosidl_typesupport_fastrtps_c.so[0m
[ 76%] [32m[1mLinking CXX shared library libsentry_interface__rosidl_typesupport_introspection_cpp.so[0m
[ 76%] Built target sentry_interface__rosidl_typesupport_fastrtps_c
[ 76%] Built target sentry_interface__rosidl_typesupport_introspection_cpp
[ 76%] Built target sentry_interface
[ 78%] [34m[1mGenerating Python code for ROS interfaces[0m
[ 78%] Built target sentry_interface__py
[35m[1mConsolidate compiler generated dependencies of target sentry_interface__rosidl_generator_py[0m
[ 85%] [32mBuilding C object CMakeFiles/sentry_interface__rosidl_generator_py.dir/rosidl_generator_py/sentry_interface/msg/_sentry_status_s.c.o[0m
[ 85%] [32mBuilding C object CMakeFiles/sentry_interface__rosidl_generator_py.dir/rosidl_generator_py/sentry_interface/action/_action_control_s.c.o[0m
[ 85%] [32mBuilding C object CMakeFiles/sentry_interface__rosidl_generator_py.dir/rosidl_generator_py/sentry_interface/msg/_sentry_vel_s.c.o[0m
[ 87%] [32m[1mLinking C shared library rosidl_generator_py/sentry_interface/libsentry_interface__rosidl_generator_py.so[0m
[ 87%] Built target sentry_interface__rosidl_generator_py
[35m[1mConsolidate compiler generated dependencies of target sentry_interface__rosidl_typesupport_introspection_c__pyext[0m
[35m[1mConsolidate compiler generated dependencies of target sentry_interface__rosidl_typesupport_c__pyext[0m
[35m[1mConsolidate compiler generated dependencies of target sentry_interface__rosidl_typesupport_fastrtps_c__pyext[0m
[ 93%] [32mBuilding C object CMakeFiles/sentry_interface__rosidl_typesupport_c__pyext.dir/rosidl_generator_py/sentry_interface/_sentry_interface_s.ep.rosidl_typesupport_c.c.o[0m
[ 93%] [32mBuilding C object CMakeFiles/sentry_interface__rosidl_typesupport_introspection_c__pyext.dir/rosidl_generator_py/sentry_interface/_sentry_interface_s.ep.rosidl_typesupport_introspection_c.c.o[0m
[ 93%] [32mBuilding C object CMakeFiles/sentry_interface__rosidl_typesupport_fastrtps_c__pyext.dir/rosidl_generator_py/sentry_interface/_sentry_interface_s.ep.rosidl_typesupport_fastrtps_c.c.o[0m
[ 95%] [32m[1mLinking C shared library rosidl_generator_py/sentry_interface/sentry_interface_s__rosidl_typesupport_c.cpython-310-aarch64-linux-gnu.so[0m
[ 97%] [32m[1mLinking C shared library rosidl_generator_py/sentry_interface/sentry_interface_s__rosidl_typesupport_introspection_c.cpython-310-aarch64-linux-gnu.so[0m
[100%] [32m[1mLinking C shared library rosidl_generator_py/sentry_interface/sentry_interface_s__rosidl_typesupport_fastrtps_c.cpython-310-aarch64-linux-gnu.so[0m
[100%] Built target sentry_interface__rosidl_typesupport_c__pyext
[100%] Built target sentry_interface__rosidl_typesupport_introspection_c__pyext
[100%] Built target sentry_interface__rosidl_typesupport_fastrtps_c__pyext
-- Install configuration: ""
-- Execute custom install script
-- Up-to-date symlink: /home/robotega/heaven_slam/install/sentry_interface/share/ament_index/resource_index/rosidl_interfaces/sentry_interface
-- Up-to-date symlink: /home/robotega/heaven_slam/install/sentry_interface/include/sentry_interface/sentry_interface/action/action_control.h
-- Up-to-date symlink: /home/robotega/heaven_slam/install/sentry_interface/include/sentry_interface/sentry_interface/action/detail/action_control__functions.h
-- Up-to-date symlink: /home/robotega/heaven_slam/install/sentry_interface/include/sentry_interface/sentry_interface/action/detail/action_control__struct.h
-- Up-to-date symlink: /home/robotega/heaven_slam/install/sentry_interface/include/sentry_interface/sentry_interface/action/detail/action_control__type_support.h
-- Up-to-date symlink: /home/robotega/heaven_slam/install/sentry_interface/include/sentry_interface/sentry_interface/msg/detail/sentry_status__functions.h
-- Up-to-date symlink: /home/robotega/heaven_slam/install/sentry_interface/include/sentry_interface/sentry_interface/msg/detail/sentry_status__struct.h
-- Up-to-date symlink: /home/robotega/heaven_slam/install/sentry_interface/include/sentry_interface/sentry_interface/msg/detail/sentry_status__type_support.h
-- Up-to-date symlink: /home/robotega/heaven_slam/install/sentry_interface/include/sentry_interface/sentry_interface/msg/detail/sentry_vel__functions.h
-- Up-to-date symlink: /home/robotega/heaven_slam/install/sentry_interface/include/sentry_interface/sentry_interface/msg/detail/sentry_vel__struct.h
-- Up-to-date symlink: /home/robotega/heaven_slam/install/sentry_interface/include/sentry_interface/sentry_interface/msg/detail/sentry_vel__type_support.h
-- Up-to-date symlink: /home/robotega/heaven_slam/install/sentry_interface/include/sentry_interface/sentry_interface/msg/rosidl_generator_c__visibility_control.h
-- Up-to-date symlink: /home/robotega/heaven_slam/install/sentry_interface/include/sentry_interface/sentry_interface/msg/sentry_status.h
-- Up-to-date symlink: /home/robotega/heaven_slam/install/sentry_interface/include/sentry_interface/sentry_interface/msg/sentry_vel.h
-- Up-to-date symlink: /home/robotega/heaven_slam/install/sentry_interface/share/sentry_interface/environment/library_path.sh
-- Up-to-date symlink: /home/robotega/heaven_slam/install/sentry_interface/share/sentry_interface/environment/library_path.dsv
-- Up-to-date symlink: /home/robotega/heaven_slam/install/sentry_interface/include/sentry_interface/sentry_interface/action/detail/action_control__rosidl_typesupport_fastrtps_c.h
-- Up-to-date symlink: /home/robotega/heaven_slam/install/sentry_interface/include/sentry_interface/sentry_interface/msg/detail/sentry_status__rosidl_typesupport_fastrtps_c.h
-- Up-to-date symlink: /home/robotega/heaven_slam/install/sentry_interface/include/sentry_interface/sentry_interface/msg/detail/sentry_vel__rosidl_typesupport_fastrtps_c.h
-- Up-to-date symlink: /home/robotega/heaven_slam/install/sentry_interface/include/sentry_interface/sentry_interface/msg/rosidl_typesupport_fastrtps_c__visibility_control.h
-- Up-to-date symlink: /home/robotega/heaven_slam/install/sentry_interface/include/sentry_interface/sentry_interface/action/detail/action_control__rosidl_typesupport_introspection_c.h
-- Up-to-date symlink: /home/robotega/heaven_slam/install/sentry_interface/include/sentry_interface/sentry_interface/msg/detail/sentry_status__rosidl_typesupport_introspection_c.h
-- Up-to-date symlink: /home/robotega/heaven_slam/install/sentry_interface/include/sentry_interface/sentry_interface/msg/detail/sentry_vel__rosidl_typesupport_introspection_c.h
-- Up-to-date symlink: /home/robotega/heaven_slam/install/sentry_interface/include/sentry_interface/sentry_interface/msg/rosidl_typesupport_introspection_c__visibility_control.h
-- Up-to-date symlink: /home/robotega/heaven_slam/install/sentry_interface/include/sentry_interface/sentry_interface/action/action_control.hpp
-- Up-to-date symlink: /home/robotega/heaven_slam/install/sentry_interface/include/sentry_interface/sentry_interface/action/detail/action_control__builder.hpp
-- Up-to-date symlink: /home/robotega/heaven_slam/install/sentry_interface/include/sentry_interface/sentry_interface/action/detail/action_control__struct.hpp
-- Up-to-date symlink: /home/robotega/heaven_slam/install/sentry_interface/include/sentry_interface/sentry_interface/action/detail/action_control__traits.hpp
-- Up-to-date symlink: /home/robotega/heaven_slam/install/sentry_interface/include/sentry_interface/sentry_interface/action/detail/action_control__type_support.hpp
-- Up-to-date symlink: /home/robotega/heaven_slam/install/sentry_interface/include/sentry_interface/sentry_interface/msg/detail/sentry_status__builder.hpp
-- Up-to-date symlink: /home/robotega/heaven_slam/install/sentry_interface/include/sentry_interface/sentry_interface/msg/detail/sentry_status__struct.hpp
-- Up-to-date symlink: /home/robotega/heaven_slam/install/sentry_interface/include/sentry_interface/sentry_interface/msg/detail/sentry_status__traits.hpp
-- Up-to-date symlink: /home/robotega/heaven_slam/install/sentry_interface/include/sentry_interface/sentry_interface/msg/detail/sentry_status__type_support.hpp
-- Up-to-date symlink: /home/robotega/heaven_slam/install/sentry_interface/include/sentry_interface/sentry_interface/msg/detail/sentry_vel__builder.hpp
-- Up-to-date symlink: /home/robotega/heaven_slam/install/sentry_interface/include/sentry_interface/sentry_interface/msg/detail/sentry_vel__struct.hpp
-- Up-to-date symlink: /home/robotega/heaven_slam/install/sentry_interface/include/sentry_interface/sentry_interface/msg/detail/sentry_vel__traits.hpp
-- Up-to-date symlink: /home/robotega/heaven_slam/install/sentry_interface/include/sentry_interface/sentry_interface/msg/detail/sentry_vel__type_support.hpp
-- Up-to-date symlink: /home/robotega/heaven_slam/install/sentry_interface/include/sentry_interface/sentry_interface/msg/rosidl_generator_cpp__visibility_control.hpp
-- Up-to-date symlink: /home/robotega/heaven_slam/install/sentry_interface/include/sentry_interface/sentry_interface/msg/sentry_status.hpp
-- Up-to-date symlink: /home/robotega/heaven_slam/install/sentry_interface/include/sentry_interface/sentry_interface/msg/sentry_vel.hpp
-- Up-to-date symlink: /home/robotega/heaven_slam/install/sentry_interface/include/sentry_interface/sentry_interface/action/detail/action_control__rosidl_typesupport_fastrtps_cpp.hpp
-- Up-to-date symlink: /home/robotega/heaven_slam/install/sentry_interface/include/sentry_interface/sentry_interface/msg/detail/sentry_status__rosidl_typesupport_fastrtps_cpp.hpp
-- Up-to-date symlink: /home/robotega/heaven_slam/install/sentry_interface/include/sentry_interface/sentry_interface/msg/detail/sentry_vel__rosidl_typesupport_fastrtps_cpp.hpp
-- Up-to-date symlink: /home/robotega/heaven_slam/install/sentry_interface/include/sentry_interface/sentry_interface/msg/rosidl_typesupport_fastrtps_cpp__visibility_control.h
-- Up-to-date symlink: /home/robotega/heaven_slam/install/sentry_interface/include/sentry_interface/sentry_interface/action/detail/action_control__rosidl_typesupport_introspection_cpp.hpp
-- Up-to-date symlink: /home/robotega/heaven_slam/install/sentry_interface/include/sentry_interface/sentry_interface/msg/detail/sentry_status__rosidl_typesupport_introspection_cpp.hpp
-- Up-to-date symlink: /home/robotega/heaven_slam/install/sentry_interface/include/sentry_interface/sentry_interface/msg/detail/sentry_vel__rosidl_typesupport_introspection_cpp.hpp
-- Up-to-date symlink: /home/robotega/heaven_slam/install/sentry_interface/share/sentry_interface/environment/pythonpath.sh
-- Up-to-date symlink: /home/robotega/heaven_slam/install/sentry_interface/share/sentry_interface/environment/pythonpath.dsv
-- Up-to-date symlink: /home/robotega/heaven_slam/install/sentry_interface/local/lib/python3.10/dist-packages/sentry_interface-0.0.0-py3.10.egg-info/PKG-INFO
-- Up-to-date symlink: /home/robotega/heaven_slam/install/sentry_interface/local/lib/python3.10/dist-packages/sentry_interface-0.0.0-py3.10.egg-info/SOURCES.txt
-- Up-to-date symlink: /home/robotega/heaven_slam/install/sentry_interface/local/lib/python3.10/dist-packages/sentry_interface-0.0.0-py3.10.egg-info/dependency_links.txt
-- Up-to-date symlink: /home/robotega/heaven_slam/install/sentry_interface/local/lib/python3.10/dist-packages/sentry_interface-0.0.0-py3.10.egg-info/top_level.txt
-- Up-to-date symlink: /home/robotega/heaven_slam/install/sentry_interface/local/lib/python3.10/dist-packages/sentry_interface/__init__.py
-- Up-to-date symlink: /home/robotega/heaven_slam/install/sentry_interface/local/lib/python3.10/dist-packages/sentry_interface/_sentry_interface_s.ep.rosidl_typesupport_c.c
-- Up-to-date symlink: /home/robotega/heaven_slam/install/sentry_interface/local/lib/python3.10/dist-packages/sentry_interface/_sentry_interface_s.ep.rosidl_typesupport_fastrtps_c.c
-- Up-to-date symlink: /home/robotega/heaven_slam/install/sentry_interface/local/lib/python3.10/dist-packages/sentry_interface/_sentry_interface_s.ep.rosidl_typesupport_introspection_c.c
-- Up-to-date symlink: /home/robotega/heaven_slam/install/sentry_interface/local/lib/python3.10/dist-packages/sentry_interface/action/__init__.py
-- Up-to-date symlink: /home/robotega/heaven_slam/install/sentry_interface/local/lib/python3.10/dist-packages/sentry_interface/action/_action_control.py
-- Up-to-date symlink: /home/robotega/heaven_slam/install/sentry_interface/local/lib/python3.10/dist-packages/sentry_interface/action/_action_control_s.c
-- Up-to-date symlink: /home/robotega/heaven_slam/install/sentry_interface/local/lib/python3.10/dist-packages/sentry_interface/libsentry_interface__rosidl_generator_py.so
-- Up-to-date symlink: /home/robotega/heaven_slam/install/sentry_interface/local/lib/python3.10/dist-packages/sentry_interface/msg/__init__.py
-- Up-to-date symlink: /home/robotega/heaven_slam/install/sentry_interface/local/lib/python3.10/dist-packages/sentry_interface/msg/_sentry_status.py
-- Up-to-date symlink: /home/robotega/heaven_slam/install/sentry_interface/local/lib/python3.10/dist-packages/sentry_interface/msg/_sentry_status_s.c
-- Up-to-date symlink: /home/robotega/heaven_slam/install/sentry_interface/local/lib/python3.10/dist-packages/sentry_interface/msg/_sentry_vel.py
-- Up-to-date symlink: /home/robotega/heaven_slam/install/sentry_interface/local/lib/python3.10/dist-packages/sentry_interface/msg/_sentry_vel_s.c
-- Up-to-date symlink: /home/robotega/heaven_slam/install/sentry_interface/local/lib/python3.10/dist-packages/sentry_interface/sentry_interface_s__rosidl_typesupport_c.cpython-310-aarch64-linux-gnu.so
-- Up-to-date symlink: /home/robotega/heaven_slam/install/sentry_interface/local/lib/python3.10/dist-packages/sentry_interface/sentry_interface_s__rosidl_typesupport_fastrtps_c.cpython-310-aarch64-linux-gnu.so
-- Up-to-date symlink: /home/robotega/heaven_slam/install/sentry_interface/local/lib/python3.10/dist-packages/sentry_interface/sentry_interface_s__rosidl_typesupport_introspection_c.cpython-310-aarch64-linux-gnu.so
-- Up-to-date symlink: /home/robotega/heaven_slam/install/sentry_interface/local/lib/python3.10/dist-packages/sentry_interface/sentry_interface_s__rosidl_typesupport_fastrtps_c.cpython-310-aarch64-linux-gnu.so
-- Up-to-date symlink: /home/robotega/heaven_slam/install/sentry_interface/local/lib/python3.10/dist-packages/sentry_interface/sentry_interface_s__rosidl_typesupport_introspection_c.cpython-310-aarch64-linux-gnu.so
-- Up-to-date symlink: /home/robotega/heaven_slam/install/sentry_interface/local/lib/python3.10/dist-packages/sentry_interface/sentry_interface_s__rosidl_typesupport_c.cpython-310-aarch64-linux-gnu.so
-- Up-to-date symlink: /home/robotega/heaven_slam/install/sentry_interface/share/sentry_interface/msg/SentryStatus.idl
-- Up-to-date symlink: /home/robotega/heaven_slam/install/sentry_interface/share/sentry_interface/action/ActionControl.idl
-- Up-to-date symlink: /home/robotega/heaven_slam/install/sentry_interface/share/sentry_interface/msg/SentryVel.idl
-- Up-to-date symlink: /home/robotega/heaven_slam/install/sentry_interface/share/sentry_interface/msg/SentryStatus.msg
-- Up-to-date symlink: /home/robotega/heaven_slam/install/sentry_interface/share/sentry_interface/action/ActionControl.action
-- Up-to-date symlink: /home/robotega/heaven_slam/install/sentry_interface/share/sentry_interface/msg/SentryVel.msg
-- Up-to-date symlink: /home/robotega/heaven_slam/install/sentry_interface/share/ament_index/resource_index/package_run_dependencies/sentry_interface
-- Up-to-date symlink: /home/robotega/heaven_slam/install/sentry_interface/share/ament_index/resource_index/parent_prefix_path/sentry_interface
-- Up-to-date symlink: /home/robotega/heaven_slam/install/sentry_interface/share/sentry_interface/environment/ament_prefix_path.sh
-- Up-to-date symlink: /home/robotega/heaven_slam/install/sentry_interface/share/sentry_interface/environment/ament_prefix_path.dsv
-- Up-to-date symlink: /home/robotega/heaven_slam/install/sentry_interface/share/sentry_interface/environment/path.sh
-- Up-to-date symlink: /home/robotega/heaven_slam/install/sentry_interface/share/sentry_interface/environment/path.dsv
-- Up-to-date symlink: /home/robotega/heaven_slam/install/sentry_interface/share/sentry_interface/local_setup.bash
-- Up-to-date symlink: /home/robotega/heaven_slam/install/sentry_interface/share/sentry_interface/local_setup.sh
-- Up-to-date symlink: /home/robotega/heaven_slam/install/sentry_interface/share/sentry_interface/local_setup.zsh
-- Up-to-date symlink: /home/robotega/heaven_slam/install/sentry_interface/share/sentry_interface/local_setup.dsv
-- Symlinking: /home/robotega/heaven_slam/install/sentry_interface/share/sentry_interface/package.dsv
-- Up-to-date symlink: /home/robotega/heaven_slam/install/sentry_interface/share/ament_index/resource_index/packages/sentry_interface
-- Up-to-date symlink: /home/robotega/heaven_slam/install/sentry_interface/share/sentry_interface/cmake/rosidl_cmake-extras.cmake
-- Up-to-date symlink: /home/robotega/heaven_slam/install/sentry_interface/share/sentry_interface/cmake/ament_cmake_export_dependencies-extras.cmake
-- Up-to-date symlink: /home/robotega/heaven_slam/install/sentry_interface/share/sentry_interface/cmake/ament_cmake_export_include_directories-extras.cmake
-- Up-to-date symlink: /home/robotega/heaven_slam/install/sentry_interface/share/sentry_interface/cmake/ament_cmake_export_libraries-extras.cmake
-- Up-to-date symlink: /home/robotega/heaven_slam/install/sentry_interface/share/sentry_interface/cmake/ament_cmake_export_targets-extras.cmake
-- Up-to-date symlink: /home/robotega/heaven_slam/install/sentry_interface/share/sentry_interface/cmake/rosidl_cmake_export_typesupport_targets-extras.cmake
-- Up-to-date symlink: /home/robotega/heaven_slam/install/sentry_interface/share/sentry_interface/cmake/rosidl_cmake_export_typesupport_libraries-extras.cmake
-- Up-to-date symlink: /home/robotega/heaven_slam/install/sentry_interface/share/sentry_interface/cmake/sentry_interfaceConfig.cmake
-- Up-to-date symlink: /home/robotega/heaven_slam/install/sentry_interface/share/sentry_interface/cmake/sentry_interfaceConfig-version.cmake
-- Up-to-date symlink: /home/robotega/heaven_slam/install/sentry_interface/share/sentry_interface/package.xml
-- Installing: /home/robotega/heaven_slam/install/sentry_interface/lib/libsentry_interface__rosidl_generator_c.so
-- Set runtime path of "/home/robotega/heaven_slam/install/sentry_interface/lib/libsentry_interface__rosidl_generator_c.so" to ""
-- Installing: /home/robotega/heaven_slam/install/sentry_interface/lib/libsentry_interface__rosidl_typesupport_fastrtps_c.so
-- Set runtime path of "/home/robotega/heaven_slam/install/sentry_interface/lib/libsentry_interface__rosidl_typesupport_fastrtps_c.so" to ""
-- Installing: /home/robotega/heaven_slam/install/sentry_interface/lib/libsentry_interface__rosidl_typesupport_introspection_c.so
-- Set runtime path of "/home/robotega/heaven_slam/install/sentry_interface/lib/libsentry_interface__rosidl_typesupport_introspection_c.so" to ""
-- Installing: /home/robotega/heaven_slam/install/sentry_interface/lib/libsentry_interface__rosidl_typesupport_c.so
-- Set runtime path of "/home/robotega/heaven_slam/install/sentry_interface/lib/libsentry_interface__rosidl_typesupport_c.so" to ""
-- Installing: /home/robotega/heaven_slam/install/sentry_interface/lib/libsentry_interface__rosidl_typesupport_fastrtps_cpp.so
-- Set runtime path of "/home/robotega/heaven_slam/install/sentry_interface/lib/libsentry_interface__rosidl_typesupport_fastrtps_cpp.so" to ""
-- Installing: /home/robotega/heaven_slam/install/sentry_interface/lib/libsentry_interface__rosidl_typesupport_introspection_cpp.so
-- Set runtime path of "/home/robotega/heaven_slam/install/sentry_interface/lib/libsentry_interface__rosidl_typesupport_introspection_cpp.so" to ""
-- Installing: /home/robotega/heaven_slam/install/sentry_interface/lib/libsentry_interface__rosidl_typesupport_cpp.so
-- Set runtime path of "/home/robotega/heaven_slam/install/sentry_interface/lib/libsentry_interface__rosidl_typesupport_cpp.so" to ""
Listing '/home/robotega/heaven_slam/install/sentry_interface/local/lib/python3.10/dist-packages/sentry_interface'...
Compiling '/home/robotega/heaven_slam/install/sentry_interface/local/lib/python3.10/dist-packages/sentry_interface/__init__.py'...
Listing '/home/robotega/heaven_slam/install/sentry_interface/local/lib/python3.10/dist-packages/sentry_interface/action'...
Compiling '/home/robotega/heaven_slam/install/sentry_interface/local/lib/python3.10/dist-packages/sentry_interface/action/__init__.py'...
Compiling '/home/robotega/heaven_slam/install/sentry_interface/local/lib/python3.10/dist-packages/sentry_interface/action/_action_control.py'...
Listing '/home/robotega/heaven_slam/install/sentry_interface/local/lib/python3.10/dist-packages/sentry_interface/msg'...
Compiling '/home/robotega/heaven_slam/install/sentry_interface/local/lib/python3.10/dist-packages/sentry_interface/msg/__init__.py'...
Compiling '/home/robotega/heaven_slam/install/sentry_interface/local/lib/python3.10/dist-packages/sentry_interface/msg/_sentry_status.py'...
Compiling '/home/robotega/heaven_slam/install/sentry_interface/local/lib/python3.10/dist-packages/sentry_interface/msg/_sentry_vel.py'...
-- Installing: /home/robotega/heaven_slam/install/sentry_interface/lib/libsentry_interface__rosidl_generator_py.so
-- Set runtime path of "/home/robotega/heaven_slam/install/sentry_interface/lib/libsentry_interface__rosidl_generator_py.so" to ""
-- Up-to-date: /home/robotega/heaven_slam/install/sentry_interface/share/sentry_interface/cmake/export_sentry_interface__rosidl_generator_cExport.cmake
-- Up-to-date: /home/robotega/heaven_slam/install/sentry_interface/share/sentry_interface/cmake/export_sentry_interface__rosidl_generator_cExport-noconfig.cmake
-- Up-to-date: /home/robotega/heaven_slam/install/sentry_interface/share/sentry_interface/cmake/export_sentry_interface__rosidl_typesupport_fastrtps_cExport.cmake
-- Up-to-date: /home/robotega/heaven_slam/install/sentry_interface/share/sentry_interface/cmake/export_sentry_interface__rosidl_typesupport_fastrtps_cExport-noconfig.cmake
-- Up-to-date: /home/robotega/heaven_slam/install/sentry_interface/share/sentry_interface/cmake/sentry_interface__rosidl_typesupport_introspection_cExport.cmake
-- Up-to-date: /home/robotega/heaven_slam/install/sentry_interface/share/sentry_interface/cmake/sentry_interface__rosidl_typesupport_introspection_cExport-noconfig.cmake
-- Up-to-date: /home/robotega/heaven_slam/install/sentry_interface/share/sentry_interface/cmake/sentry_interface__rosidl_typesupport_cExport.cmake
-- Up-to-date: /home/robotega/heaven_slam/install/sentry_interface/share/sentry_interface/cmake/sentry_interface__rosidl_typesupport_cExport-noconfig.cmake
-- Up-to-date: /home/robotega/heaven_slam/install/sentry_interface/share/sentry_interface/cmake/export_sentry_interface__rosidl_generator_cppExport.cmake
-- Up-to-date: /home/robotega/heaven_slam/install/sentry_interface/share/sentry_interface/cmake/export_sentry_interface__rosidl_typesupport_fastrtps_cppExport.cmake
-- Up-to-date: /home/robotega/heaven_slam/install/sentry_interface/share/sentry_interface/cmake/export_sentry_interface__rosidl_typesupport_fastrtps_cppExport-noconfig.cmake
-- Up-to-date: /home/robotega/heaven_slam/install/sentry_interface/share/sentry_interface/cmake/sentry_interface__rosidl_typesupport_introspection_cppExport.cmake
-- Up-to-date: /home/robotega/heaven_slam/install/sentry_interface/share/sentry_interface/cmake/sentry_interface__rosidl_typesupport_introspection_cppExport-noconfig.cmake
-- Up-to-date: /home/robotega/heaven_slam/install/sentry_interface/share/sentry_interface/cmake/sentry_interface__rosidl_typesupport_cppExport.cmake
-- Up-to-date: /home/robotega/heaven_slam/install/sentry_interface/share/sentry_interface/cmake/sentry_interface__rosidl_typesupport_cppExport-noconfig.cmake
-- Up-to-date: /home/robotega/heaven_slam/install/sentry_interface/share/sentry_interface/cmake/export_sentry_interface__rosidl_generator_pyExport.cmake
-- Up-to-date: /home/robotega/heaven_slam/install/sentry_interface/share/sentry_interface/cmake/export_sentry_interface__rosidl_generator_pyExport-noconfig.cmake
